[0.851s] Invoking command in '/home/aiden/code/robot_sim_nav/src/relocalization': DEBUGINFOD_URLS=https://debuginfod.ubuntu.com PYTHONPATH=/home/aiden/code/robot_sim_nav/build/relocalization/prefix_override:/usr/lib/python3/dist-packages/colcon_core/task/python/colcon_distutils_commands:/home/aiden/code/robot_sim_nav/install/relocalization/lib/python3.12/site-packages:${PYTHONPATH} /usr/bin/python3 -W ignore:setup.py install is deprecated -W ignore:easy_install command is deprecated setup.py egg_info --egg-base ../../build/relocalization build --build-base /home/aiden/code/robot_sim_nav/build/relocalization/build install --record /home/aiden/code/robot_sim_nav/build/relocalization/install.log --single-version-externally-managed install_data
[1.075s] running egg_info
[1.093s] writing ../../build/relocalization/relocalization.egg-info/PKG-INFO
[1.095s] writing dependency_links to ../../build/relocalization/relocalization.egg-info/dependency_links.txt
[1.096s] writing entry points to ../../build/relocalization/relocalization.egg-info/entry_points.txt
[1.096s] writing requirements to ../../build/relocalization/relocalization.egg-info/requires.txt
[1.096s] writing top-level names to ../../build/relocalization/relocalization.egg-info/top_level.txt
[1.132s] reading manifest file '../../build/relocalization/relocalization.egg-info/SOURCES.txt'
[1.132s] adding license file 'LICENSE'
[1.133s] writing manifest file '../../build/relocalization/relocalization.egg-info/SOURCES.txt'
[1.133s] running build
[1.133s] running build_py
[1.133s] copying relocalization/relocalize_then_nav.py -> /home/aiden/code/robot_sim_nav/build/relocalization/build/lib/relocalization
[1.133s] running install
[1.138s] running install_lib
[1.156s] copying /home/aiden/code/robot_sim_nav/build/relocalization/build/lib/relocalization/relocalize_then_nav.py -> /home/aiden/code/robot_sim_nav/install/relocalization/lib/python3.12/site-packages/relocalization
[1.156s] byte-compiling /home/aiden/code/robot_sim_nav/install/relocalization/lib/python3.12/site-packages/relocalization/relocalize_then_nav.py to relocalize_then_nav.cpython-312.pyc
[1.157s] running install_data
[1.157s] running install_egg_info
[1.176s] removing '/home/aiden/code/robot_sim_nav/install/relocalization/lib/python3.12/site-packages/relocalization-0.0.0-py3.12.egg-info' (and everything under it)
[1.176s] Copying ../../build/relocalization/relocalization.egg-info to /home/aiden/code/robot_sim_nav/install/relocalization/lib/python3.12/site-packages/relocalization-0.0.0-py3.12.egg-info
[1.177s] running install_scripts
[1.291s] Installing relocalize_then_nav script to /home/aiden/code/robot_sim_nav/install/relocalization/lib/relocalization
[1.292s] writing list of installed files to '/home/aiden/code/robot_sim_nav/build/relocalization/install.log'
[1.313s] Invoked command in '/home/aiden/code/robot_sim_nav/src/relocalization' returned '0': DEBUGINFOD_URLS=https://debuginfod.ubuntu.com PYTHONPATH=/home/aiden/code/robot_sim_nav/build/relocalization/prefix_override:/usr/lib/python3/dist-packages/colcon_core/task/python/colcon_distutils_commands:/home/aiden/code/robot_sim_nav/install/relocalization/lib/python3.12/site-packages:${PYTHONPATH} /usr/bin/python3 -W ignore:setup.py install is deprecated -W ignore:easy_install command is deprecated setup.py egg_info --egg-base ../../build/relocalization build --build-base /home/aiden/code/robot_sim_nav/build/relocalization/build install --record /home/aiden/code/robot_sim_nav/build/relocalization/install.log --single-version-externally-managed install_data
