-- The C compiler identification is GNU 13.3.0
-- The CXX compiler identification is GNU 13.3.0
-- Detecting C compiler ABI info
-- Detecting C compiler ABI info - done
-- Check for working C compiler: /usr/bin/cc - skipped
-- Detecting C compile features
-- Detecting C compile features - done
-- Detecting CXX compiler ABI info
-- Detecting CXX compiler ABI info - done
-- Check for working CXX compiler: /usr/bin/c++ - skipped
-- Detecting CXX compile features
-- Detecting CXX compile features - done
-- Found ament_cmake: 2.5.4 (/opt/ros/jazzy/share/ament_cmake/cmake)
-- Found Python3: /usr/bin/python3 (found version "3.12.3") found components: Interpreter 
-- Found rclcpp: 28.1.13 (/opt/ros/jazzy/share/rclcpp/cmake)
-- Found rosidl_generator_c: 4.6.6 (/opt/ros/jazzy/share/rosidl_generator_c/cmake)
-- Found rosidl_generator_cpp: 4.6.6 (/opt/ros/jazzy/share/rosidl_generator_cpp/cmake)
-- Using all available rosidl_typesupport_c: rosidl_typesupport_fastrtps_c;rosidl_typesupport_introspection_c
-- Using all available rosidl_typesupport_cpp: rosidl_typesupport_fastrtps_cpp;rosidl_typesupport_introspection_cpp
-- Found rmw_implementation_cmake: 7.3.2 (/opt/ros/jazzy/share/rmw_implementation_cmake/cmake)
-- Found rmw_cyclonedds_cpp: 2.2.3 (/opt/ros/jazzy/share/rmw_cyclonedds_cpp/cmake)
-- Using RMW implementation 'rmw_cyclonedds_cpp' as default
-- Found geometry_msgs: 5.3.6 (/opt/ros/jazzy/share/geometry_msgs/cmake)
-- Found image_geometry: 4.1.0 (/opt/ros/jazzy/share/image_geometry/cmake)
-- Found map_msgs: 2.4.1 (/opt/ros/jazzy/share/map_msgs/cmake)
-- Found tf2_geometry_msgs: 0.36.16 (/opt/ros/jazzy/share/tf2_geometry_msgs/cmake)
-- Found eigen3_cmake_module: 0.3.0 (/opt/ros/jazzy/share/eigen3_cmake_module/cmake)
-- Found Eigen3: TRUE (found version "3.4.0") 
-- Ensuring Eigen3 include directory is part of orocos-kdl CMake target
-- Found Boost: /usr/lib/x86_64-linux-gnu/cmake/Boost-1.83.0/BoostConfig.cmake (found version "1.83.0") found components: thread 
-- Found OpenCV: /usr (found version "4.6.0") 
-- Found ament_lint_auto: 0.17.3 (/opt/ros/jazzy/share/ament_lint_auto/cmake)
-- Found ament_cmake_gtest: 2.5.4 (/opt/ros/jazzy/share/ament_cmake_gtest/cmake)
--2026-04-19 21:45:51--  https://raw.githubusercontent.com/hrnr/m-explore-extra/master/map_merge/hector_maps/map00.pgm
Resolving raw.githubusercontent.com (raw.githubusercontent.com)... 185.199.109.133, 185.199.110.133, 185.199.111.133, ...
Connecting to raw.githubusercontent.com (raw.githubusercontent.com)|185.199.109.133|:443... connected.
HTTP request sent, awaiting response... 200 OK
Length: 4194362 (4.0M) [application/octet-stream]
Saving to: ‘/home/aiden/code/robot_sim_nav/build/multirobot_map_merge/map00.pgm’

     0K .......... .......... .......... .......... ..........  1% 1.45M 3s
    50K .......... .......... .......... .......... ..........  2% 2.65M 2s
   100K .......... .......... .......... .......... ..........  3% 5.19M 2s
   150K .......... .......... .......... .......... ..........  4% 7.89M 1s
   200K .......... .......... .......... .......... ..........  6% 3.15M 1s
   250K .......... .......... .......... .......... ..........  7% 14.6M 1s
   300K .......... .......... .......... .......... ..........  8% 2.98M 1s
   350K .......... .......... .......... .......... ..........  9% 6.48M 1s
   400K .......... .......... .......... .......... .......... 10% 33.2M 1s
   450K .......... .......... .......... .......... .......... 12% 2.84M 1s
   500K .......... .......... .......... .......... .......... 13%  694M 1s
   550K .......... .......... .......... .......... .......... 14% 8.34M 1s
   600K .......... .......... .......... .......... .......... 15%  719M 1s
   650K .......... .......... .......... .......... .......... 17% 10.4M 1s
   700K .......... .......... .......... .......... .......... 18% 2.81M 1s
   750K .......... .......... .......... .......... .......... 19% 8.25M 1s
   800K .......... .......... .......... .......... .......... 20%  391M 1s
   850K .......... .......... .......... .......... .......... 21% 10.1M 1s
   900K .......... .......... .......... .......... .......... 23% 3.09M 1s
   950K .......... .......... .......... .......... .......... 24% 4.04M 1s
  1000K .......... .......... .......... .......... .......... 25%  331M 1s
  1050K .......... .......... .......... .......... .......... 26% 7.59M 1s
  1100K .......... .......... .......... .......... .......... 28%  347M 1s
  1150K .......... .......... .......... .......... .......... 29% 1.31M 1s
  1200K .......... .......... .......... .......... .......... 30%  329M 1s
  1250K .......... .......... .......... .......... .......... 31%  503M 1s
  1300K .......... .......... .......... .......... .......... 32% 3.92M 1s
  1350K .......... .......... .......... .......... .......... 34%  361M 0s
  1400K .......... .......... .......... .......... .......... 35% 4.30M 0s
  1450K .......... .......... .......... .......... .......... 36%  710M 0s
  1500K .......... .......... .......... .......... .......... 37%  521K 1s
  1550K .......... .......... .......... .......... .......... 39% 5.02M 1s
  1600K .......... .......... .......... .......... .......... 40% 5.73M 1s
  1650K .......... .......... .......... .......... .......... 41% 72.1M 1s
  1700K .......... .......... .......... .......... .......... 42% 2.96M 1s
  1750K .......... .......... .......... .......... .......... 43% 2.78M 1s
  1800K .......... .......... .......... .......... .......... 45% 1.42M 1s
  1850K .......... .......... .......... .......... .......... 46% 7.76M 1s
  1900K .......... .......... .......... .......... .......... 47% 2.85M 1s
  1950K .......... .......... .......... .......... .......... 48% 5.71M 1s
  2000K .......... .......... .......... .......... .......... 50% 5.14M 0s
  2050K .......... .......... .......... .......... .......... 51% 3.66M 0s
  2100K .......... .......... .......... .......... .......... 52%  162M 0s
  2150K .......... .......... .......... .......... .......... 53% 5.36M 0s
  2200K .......... .......... .......... .......... .......... 54%  157M 0s
  2250K .......... .......... .......... .......... .......... 56% 2.90M 0s
  2300K .......... .......... .......... .......... .......... 57% 6.17M 0s
  2350K .......... .......... .......... .......... .......... 58%  187M 0s
  2400K .......... .......... .......... .......... .......... 59% 3.93M 0s
  2450K .......... .......... .......... .......... .......... 61% 4.76M 0s
  2500K .......... .......... .......... .......... .......... 62%  133M 0s
  2550K .......... .......... .......... .......... .......... 63% 4.65M 0s
  2600K .......... .......... .......... .......... .......... 64%  160M 0s
  2650K .......... .......... .......... .......... .......... 65% 6.18M 0s
  2700K .......... .......... .......... .......... .......... 67% 3.81M 0s
  2750K .......... .......... .......... .......... .......... 68% 5.85M 0s
  2800K .......... .......... .......... .......... .......... 69%  129M 0s
  2850K .......... .......... .......... .......... .......... 70% 6.45M 0s
  2900K .......... .......... .......... .......... .......... 72%  123M 0s
  2950K .......... .......... .......... .......... .......... 73% 2.76M 0s
  3000K .......... .......... .......... .......... .......... 74% 8.22M 0s
  3050K .......... .......... .......... .......... .......... 75% 3.56M 0s
  3100K .......... .......... .......... .......... .......... 76%  125M 0s
  3150K .......... .......... .......... .......... .......... 78% 6.37M 0s
  3200K .......... .......... .......... .......... .......... 79%  167M 0s
  3250K .......... .......... .......... .......... .......... 80% 8.20M 0s
  3300K .......... .......... .......... .......... .......... 81% 16.9M 0s
  3350K .......... .......... .......... .......... .......... 83% 2.82M 0s
  3400K .......... .......... .......... .......... .......... 84% 5.68M 0s
  3450K .......... .......... .......... .......... .......... 85%  150M 0s
  3500K .......... .......... .......... .......... .......... 86% 6.17M 0s
  3550K .......... .......... .......... .......... .......... 87% 6.80M 0s
  3600K .......... .......... .......... .......... .......... 89%  133M 0s
  3650K .......... .......... .......... .......... .......... 90% 4.87M 0s
  3700K .......... .......... .......... .......... .......... 91% 7.95M 0s
  3750K .......... .......... .......... .......... .......... 92% 11.2M 0s
  3800K .......... .......... .......... .......... .......... 93%  618K 0s
  3850K .......... .......... .......... .......... .......... 95% 5.01M 0s
  3900K .......... .......... .......... .......... .......... 96%  126M 0s
  3950K .......... .......... .......... .......... .......... 97% 1.99M 0s
  4000K .......... .......... .......... .......... .......... 98%  148M 0s
  4050K .......... .......... .......... .......... ......    100% 9.28M=0.8s

2026-04-19 21:45:52 (4.73 MB/s) - ‘/home/aiden/code/robot_sim_nav/build/multirobot_map_merge/map00.pgm’ saved [4194362/4194362]

Checking MD5 sum of /home/aiden/code/robot_sim_nav/build/multirobot_map_merge/map00.pgm
/home/aiden/code/robot_sim_nav/build/multirobot_map_merge/map00.pgm: OK
--2026-04-19 21:45:52--  https://raw.githubusercontent.com/hrnr/m-explore-extra/master/map_merge/hector_maps/map05.pgm
Resolving raw.githubusercontent.com (raw.githubusercontent.com)... 185.199.108.133, 185.199.109.133, 185.199.111.133, ...
Connecting to raw.githubusercontent.com (raw.githubusercontent.com)|185.199.108.133|:443... connected.
HTTP request sent, awaiting response... 200 OK
Length: 4194362 (4.0M) [application/octet-stream]
Saving to: ‘/home/aiden/code/robot_sim_nav/build/multirobot_map_merge/map05.pgm’

     0K .......... .......... .......... .......... ..........  1% 1.21M 3s
    50K .......... .......... .......... .......... ..........  2% 5.43M 2s
   100K .......... .......... .......... .......... ..........  3% 3.72M 2s
   150K .......... .......... .......... .......... ..........  4% 10.1M 1s
   200K .......... .......... .......... .......... ..........  6% 6.07M 1s
   250K .......... .......... .......... .......... ..........  7% 2.89M 1s
   300K .......... .......... .......... .......... ..........  8% 7.98M 1s
   350K .......... .......... .......... .......... ..........  9%  178M 1s
   400K .......... .......... .......... .......... .......... 10% 2.99M 1s
   450K .......... .......... .......... .......... .......... 12% 4.97M 1s
   500K .......... .......... .......... .......... .......... 13% 15.0M 1s
   550K .......... .......... .......... .......... .......... 14% 6.17M 1s
   600K .......... .......... .......... .......... .......... 15% 8.82M 1s
   650K .......... .......... .......... .......... .......... 17%  183M 1s
   700K .......... .......... .......... .......... .......... 18% 10.9M 1s
   750K .......... .......... .......... .......... .......... 19% 4.76M 1s
   800K .......... .......... .......... .......... .......... 20% 5.22M 1s
   850K .......... .......... .......... .......... .......... 21%  169M 1s
   900K .......... .......... .......... .......... .......... 23% 13.8M 1s
   950K .......... .......... .......... .......... .......... 24% 2.77M 1s
  1000K .......... .......... .......... .......... .......... 25%  110M 1s
  1050K .......... .......... .......... .......... .......... 26% 7.86M 1s
  1100K .......... .......... .......... .......... .......... 28%  131M 0s
  1150K .......... .......... .......... .......... .......... 29% 9.93M 0s
  1200K .......... .......... .......... .......... .......... 30% 1.03M 1s
  1250K .......... .......... .......... .......... .......... 31% 69.4M 1s
  1300K .......... .......... .......... .......... .......... 32% 9.72M 1s
  1350K .......... .......... .......... .......... .......... 34%  179M 0s
  1400K .......... .......... .......... .......... .......... 35% 5.24M 0s
  1450K .......... .......... .......... .......... .......... 36%  268M 0s
  1500K .......... .......... .......... .......... .......... 37% 17.8M 0s
  1550K .......... .......... .......... .......... .......... 39% 8.98M 0s
  1600K .......... .......... .......... .......... .......... 40% 3.13M 0s
  1650K .......... .......... .......... .......... .......... 41% 6.35M 0s
  1700K .......... .......... .......... .......... .......... 42%  149M 0s
  1750K .......... .......... .......... .......... .......... 43% 2.11M 0s
  1800K .......... .......... .......... .......... .......... 45% 72.7M 0s
  1850K .......... .......... .......... .......... .......... 46% 10.3M 0s
  1900K .......... .......... .......... .......... .......... 47% 1.48M 0s
  1950K .......... .......... .......... .......... .......... 48%  151M 0s
  2000K .......... .......... .......... .......... .......... 50% 2.65M 0s
  2050K .......... .......... .......... .......... .......... 51% 7.69M 0s
  2100K .......... .......... .......... .......... .......... 52% 4.12M 0s
  2150K .......... .......... .......... .......... .......... 53% 1.57M 0s
  2200K .......... .......... .......... .......... .......... 54% 11.6M 0s
  2250K .......... .......... .......... .......... .......... 56% 5.50M 0s
  2300K .......... .......... .......... .......... .......... 57% 7.48M 0s
  2350K .......... .......... .......... .......... .......... 58%  144M 0s
  2400K .......... .......... .......... .......... .......... 59% 7.28M 0s
  2450K .......... .......... .......... .......... .......... 61%  176M 0s
  2500K .......... .......... .......... .......... .......... 62% 6.99M 0s
  2550K .......... .......... .......... .......... .......... 63%  237M 0s
  2600K .......... .......... .......... .......... .......... 64% 9.42M 0s
  2650K .......... .......... .......... .......... .......... 65% 10.2M 0s
  2700K .......... .......... .......... .......... .......... 67% 1.61M 0s
  2750K .......... .......... .......... .......... .......... 68% 9.71M 0s
  2800K .......... .......... .......... .......... .......... 69% 6.22M 0s
  2850K .......... .......... .......... .......... .......... 70%  134M 0s
  2900K .......... .......... .......... .......... .......... 72% 6.00M 0s
  2950K .......... .......... .......... .......... .......... 73% 5.21M 0s
  3000K .......... .......... .......... .......... .......... 74%  120M 0s
  3050K .......... .......... .......... .......... .......... 75% 8.97M 0s
  3100K .......... .......... .......... .......... .......... 76%  147M 0s
  3150K .......... .......... .......... .......... .......... 78% 8.28M 0s
  3200K .......... .......... .......... .......... .......... 79% 5.82M 0s
  3250K .......... .......... .......... .......... .......... 80% 6.43M 0s
  3300K .......... .......... .......... .......... .......... 81%  129M 0s
  3350K .......... .......... .......... .......... .......... 83% 8.19M 0s
  3400K .......... .......... .......... .......... .......... 84%  284M 0s
  3450K .......... .......... .......... .......... .......... 85% 6.20M 0s
  3500K .......... .......... .......... .......... .......... 86%  161M 0s
  3550K .......... .......... .......... .......... .......... 87% 10.6M 0s
  3600K .......... .......... .......... .......... .......... 89% 8.06M 0s
  3650K .......... .......... .......... .......... .......... 90%  133M 0s
  3700K .......... .......... .......... .......... .......... 91% 9.88M 0s
  3750K .......... .......... .......... .......... .......... 92%  179M 0s
  3800K .......... .......... .......... .......... .......... 93% 8.17M 0s
  3850K .......... .......... .......... .......... .......... 95% 2.33M 0s
  3900K .......... .......... .......... .......... .......... 96% 7.97M 0s
  3950K .......... .......... .......... .......... .......... 97%  134M 0s
  4000K .......... .......... .......... .......... .......... 98% 7.77M 0s
  4050K .......... .......... .......... .......... ......    100%  228M=0.6s

2026-04-19 21:45:54 (6.38 MB/s) - ‘/home/aiden/code/robot_sim_nav/build/multirobot_map_merge/map05.pgm’ saved [4194362/4194362]

Checking MD5 sum of /home/aiden/code/robot_sim_nav/build/multirobot_map_merge/map05.pgm
/home/aiden/code/robot_sim_nav/build/multirobot_map_merge/map05.pgm: OK
--2026-04-19 21:45:54--  https://raw.githubusercontent.com/hrnr/m-explore-extra/master/map_merge/gmapping_maps/2011-08-09-12-22-52.pgm
Resolving raw.githubusercontent.com (raw.githubusercontent.com)... 185.199.108.133, 185.199.109.133, 185.199.110.133, ...
Connecting to raw.githubusercontent.com (raw.githubusercontent.com)|185.199.108.133|:443... connected.
HTTP request sent, awaiting response... 200 OK
Length: 16000058 (15M) [application/octet-stream]
Saving to: ‘/home/aiden/code/robot_sim_nav/build/multirobot_map_merge/2011-08-09-12-22-52.pgm’

     0K .......... .......... .......... .......... ..........  0% 3.68M 4s
    50K .......... .......... .......... .......... ..........  0% 1.50M 7s
   100K .......... .......... .......... .......... ..........  0% 1.70M 8s
   150K .......... .......... .......... .......... ..........  1% 2.88M 7s
   200K .......... .......... .......... .......... ..........  1% 9.08M 6s
   250K .......... .......... .......... .......... ..........  1% 8.71M 5s
   300K .......... .......... .......... .......... ..........  2%  703K 8s
   350K .......... .......... .......... .......... ..........  2% 74.1M 7s
   400K .......... .......... .......... .......... ..........  2% 1.32M 7s
   450K .......... .......... .......... .......... ..........  3% 5.33M 7s
   500K .......... .......... .......... .......... ..........  3%  137M 6s
   550K .......... .......... .......... .......... ..........  3% 8.55M 6s
   600K .......... .......... .......... .......... ..........  4% 2.24M 6s
   650K .......... .......... .......... .......... ..........  4%  125M 5s
   700K .......... .......... .......... .......... ..........  4% 8.01M 5s
   750K .......... .......... .......... .......... ..........  5% 7.41M 5s
   800K .......... .......... .......... .......... ..........  5%  150M 5s
   850K .......... .......... .......... .......... ..........  5% 1.35M 5s
   900K .......... .......... .......... .......... ..........  6% 4.72M 5s
   950K .......... .......... .......... .......... ..........  6% 3.28M 5s
  1000K .......... .......... .......... .......... ..........  6%  102M 4s
  1050K .......... .......... .......... .......... ..........  7% 5.83M 4s
  1100K .......... .......... .......... .......... ..........  7% 6.36M 4s
  1150K .......... .......... .......... .......... ..........  7%  245M 4s
  1200K .......... .......... .......... .......... ..........  7% 5.42M 4s
  1250K .......... .......... .......... .......... ..........  8% 1.94M 4s
  1300K .......... .......... .......... .......... ..........  8% 4.88M 4s
  1350K .......... .......... .......... .......... ..........  8% 5.18M 4s
  1400K .......... .......... .......... .......... ..........  9% 6.07M 4s
  1450K .......... .......... .......... .......... ..........  9% 6.03M 4s
  1500K .......... .......... .......... .......... ..........  9% 5.38M 4s
  1550K .......... .......... .......... .......... .......... 10% 13.4M 4s
  1600K .......... .......... .......... .......... .......... 10% 13.3M 4s
  1650K .......... .......... .......... .......... .......... 10% 2.77M 4s
  1700K .......... .......... .......... .......... .......... 11% 7.29M 4s
  1750K .......... .......... .......... .......... .......... 11% 8.46M 4s
  1800K .......... .......... .......... .......... .......... 11% 8.31M 3s
  1850K .......... .......... .......... .......... .......... 12% 7.78M 3s
  1900K .......... .......... .......... .......... .......... 12% 5.45M 3s
  1950K .......... .......... .......... .......... .......... 12%  116M 3s
  2000K .......... .......... .......... .......... .......... 13% 10.2M 3s
  2050K .......... .......... .......... .......... .......... 13%  128M 3s
  2100K .......... .......... .......... .......... .......... 13% 4.31M 3s
  2150K .......... .......... .......... .......... .......... 14% 6.65M 3s
  2200K .......... .......... .......... .......... .......... 14% 1.56M 3s
  2250K .......... .......... .......... .......... .......... 14%  112M 3s
  2300K .......... .......... .......... .......... .......... 15% 2.67M 3s
  2350K .......... .......... .......... .......... .......... 15%  177M 3s
  2400K .......... .......... .......... .......... .......... 15% 7.14M 3s
  2450K .......... .......... .......... .......... .......... 15%  119M 3s
  2500K .......... .......... .......... .......... .......... 16% 9.53M 3s
  2550K .......... .......... .......... .......... .......... 16%  136M 3s
  2600K .......... .......... .......... .......... .......... 16% 2.30M 3s
  2650K .......... .......... .......... .......... .......... 17% 9.33M 3s
  2700K .......... .......... .......... .......... .......... 17% 8.06M 3s
  2750K .......... .......... .......... .......... .......... 17% 6.66M 3s
  2800K .......... .......... .......... .......... .......... 18% 14.0M 3s
  2850K .......... .......... .......... .......... .......... 18% 10.4M 3s
  2900K .......... .......... .......... .......... .......... 18% 7.47M 3s
  2950K .......... .......... .......... .......... .......... 19%  154M 3s
  3000K .......... .......... .......... .......... .......... 19% 4.43M 3s
  3050K .......... .......... .......... .......... .......... 19%  147M 3s
  3100K .......... .......... .......... .......... .......... 20% 1.44M 3s
  3150K .......... .......... .......... .......... .......... 20% 13.2M 3s
  3200K .......... .......... .......... .......... .......... 20% 5.45M 3s
  3250K .......... .......... .......... .......... .......... 21% 2.31M 3s
  3300K .......... .......... .......... .......... .......... 21% 5.87M 3s
  3350K .......... .......... .......... .......... .......... 21% 7.05M 3s
  3400K .......... .......... .......... .......... .......... 22% 1.67M 3s
  3450K .......... .......... .......... .......... .......... 22% 9.41M 3s
  3500K .......... .......... .......... .......... .......... 22% 5.91M 3s
  3550K .......... .......... .......... .......... .......... 23% 7.57M 3s
  3600K .......... .......... .......... .......... .......... 23%  113M 3s
  3650K .......... .......... .......... .......... .......... 23% 29.5M 2s
  3700K .......... .......... .......... .......... .......... 23% 3.71M 2s
  3750K .......... .......... .......... .......... .......... 24%  116M 2s
  3800K .......... .......... .......... .......... .......... 24%  106M 2s
  3850K .......... .......... .......... .......... .......... 24% 11.3M 2s
  3900K .......... .......... .......... .......... .......... 25% 3.27M 2s
  3950K .......... .......... .......... .......... .......... 25%  150M 2s
  4000K .......... .......... .......... .......... .......... 25% 3.62M 2s
  4050K .......... .......... .......... .......... .......... 26%  142M 2s
  4100K .......... .......... .......... .......... .......... 26% 2.35M 2s
  4150K .......... .......... .......... .......... .......... 26% 9.46M 2s
  4200K .......... .......... .......... .......... .......... 27% 21.2M 2s
  4250K .......... .......... .......... .......... .......... 27% 3.96M 2s
  4300K .......... .......... .......... .......... .......... 27% 12.0M 2s
  4350K .......... .......... .......... .......... .......... 28% 21.0M 2s
  4400K .......... .......... .......... .......... .......... 28% 21.6M 2s
  4450K .......... .......... .......... .......... .......... 28% 3.62M 2s
  4500K .......... .......... .......... .......... .......... 29% 5.08M 2s
  4550K .......... .......... .......... .......... .......... 29%  106M 2s
  4600K .......... .......... .......... .......... .......... 29% 5.31M 2s
  4650K .......... .......... .......... .......... .......... 30%  127M 2s
  4700K .......... .......... .......... .......... .......... 30% 4.67M 2s
  4750K .......... .......... .......... .......... .......... 30%  140M 2s
  4800K .......... .......... .......... .......... .......... 31% 8.72M 2s
  4850K .......... .......... .......... .......... .......... 31% 11.0M 2s
  4900K .......... .......... .......... .......... .......... 31% 1.31M 2s
  4950K .......... .......... .......... .......... .......... 31% 7.94M 2s
  5000K .......... .......... .......... .......... .......... 32% 6.47M 2s
  5050K .......... .......... .......... .......... .......... 32% 7.10M 2s
  5100K .......... .......... .......... .......... .......... 32% 8.64M 2s
  5150K .......... .......... .......... .......... .......... 33% 7.83M 2s
  5200K .......... .......... .......... .......... .......... 33%  177M 2s
  5250K .......... .......... .......... .......... .......... 33% 6.83M 2s
  5300K .......... .......... .......... .......... .......... 34% 6.62M 2s
  5350K .......... .......... .......... .......... .......... 34%  174M 2s
  5400K .......... .......... .......... .......... .......... 34% 6.55M 2s
  5450K .......... .......... .......... .......... .......... 35%  731K 2s
  5500K .......... .......... .......... .......... .......... 35% 6.29M 2s
  5550K .......... .......... .......... .......... .......... 35% 7.47M 2s
  5600K .......... .......... .......... .......... .......... 36% 8.44M 2s
  5650K .......... .......... .......... .......... .......... 36% 9.83M 2s
  5700K .......... .......... .......... .......... .......... 36% 7.38M 2s
  5750K .......... .......... .......... .......... .......... 37% 4.43M 2s
  5800K .......... .......... .......... .......... .......... 37% 7.25M 2s
  5850K .......... .......... .......... .......... .......... 37% 7.21M 2s
  5900K .......... .......... .......... .......... .......... 38%  151M 2s
  5950K .......... .......... .......... .......... .......... 38% 8.19M 2s
  6000K .......... .......... .......... .......... .......... 38% 8.97M 2s
  6050K .......... .......... .......... .......... .......... 39%  146M 2s
  6100K .......... .......... .......... .......... .......... 39% 7.08M 2s
  6150K .......... .......... .......... .......... .......... 39% 70.8M 2s
  6200K .......... .......... .......... .......... .......... 39% 4.44M 2s
  6250K .......... .......... .......... .......... .......... 40%  106M 2s
  6300K .......... .......... .......... .......... .......... 40% 9.23M 2s
  6350K .......... .......... .......... .......... .......... 40%  130M 2s
  6400K .......... .......... .......... .......... .......... 41% 9.10M 2s
  6450K .......... .......... .......... .......... .......... 41%  127M 2s
  6500K .......... .......... .......... .......... .......... 41% 2.77M 2s
  6550K .......... .......... .......... .......... .......... 42% 12.4M 2s
  6600K .......... .......... .......... .......... .......... 42% 7.01M 2s
  6650K .......... .......... .......... .......... .......... 42% 7.33M 2s
  6700K .......... .......... .......... .......... .......... 43% 6.97M 2s
  6750K .......... .......... .......... .......... .......... 43%  145M 2s
  6800K .......... .......... .......... .......... .......... 43% 7.11M 2s
  6850K .......... .......... .......... .......... .......... 44%  145M 2s
  6900K .......... .......... .......... .......... .......... 44% 7.52M 2s
  6950K .......... .......... .......... .......... .......... 44% 6.48M 2s
  7000K .......... .......... .......... .......... .......... 45%  198M 2s
  7050K .......... .......... .......... .......... .......... 45% 9.06M 1s
  7100K .......... .......... .......... .......... .......... 45%  209M 1s
  7150K .......... .......... .......... .......... .......... 46% 9.84M 1s
  7200K .......... .......... .......... .......... .......... 46% 3.37M 1s
  7250K .......... .......... .......... .......... .......... 46% 11.0M 1s
  7300K .......... .......... .......... .......... .......... 47% 13.8M 1s
  7350K .......... .......... .......... .......... .......... 47% 10.9M 1s
  7400K .......... .......... .......... .......... .......... 47% 12.7M 1s
  7450K .......... .......... .......... .......... .......... 47%  118M 1s
  7500K .......... .......... .......... .......... .......... 48% 12.0M 1s
  7550K .......... .......... .......... .......... .......... 48% 10.6M 1s
  7600K .......... .......... .......... .......... .......... 48% 9.81M 1s
  7650K .......... .......... .......... .......... .......... 49% 16.0M 1s
  7700K .......... .......... .......... .......... .......... 49% 3.19M 1s
  7750K .......... .......... .......... .......... .......... 49% 9.39M 1s
  7800K .......... .......... .......... .......... .......... 50% 11.6M 1s
  7850K .......... .......... .......... .......... .......... 50% 9.53M 1s
  7900K .......... .......... .......... .......... .......... 50%  142M 1s
  7950K .......... .......... .......... .......... .......... 51% 6.45M 1s
  8000K .......... .......... .......... .......... .......... 51% 9.78M 1s
  8050K .......... .......... .......... .......... .......... 51% 8.78M 1s
  8100K .......... .......... .......... .......... .......... 52%  142M 1s
  8150K .......... .......... .......... .......... .......... 52%  191M 1s
  8200K .......... .......... .......... .......... .......... 52% 9.38M 1s
  8250K .......... .......... .......... .......... .......... 53%  155M 1s
  8300K .......... .......... .......... .......... .......... 53% 6.77M 1s
  8350K .......... .......... .......... .......... .......... 53% 3.55M 1s
  8400K .......... .......... .......... .......... .......... 54% 8.11M 1s
  8450K .......... .......... .......... .......... .......... 54%  118M 1s
  8500K .......... .......... .......... .......... .......... 54% 10.2M 1s
  8550K .......... .......... .......... .......... .......... 55% 7.80M 1s
  8600K .......... .......... .......... .......... .......... 55% 9.07M 1s
  8650K .......... .......... .......... .......... .......... 55%  168M 1s
  8700K .......... .......... .......... .......... .......... 55%  169M 1s
  8750K .......... .......... .......... .......... .......... 56% 8.00M 1s
  8800K .......... .......... .......... .......... .......... 56%  158M 1s
  8850K .......... .......... .......... .......... .......... 56% 8.87M 1s
  8900K .......... .......... .......... .......... .......... 57% 2.43M 1s
  8950K .......... .......... .......... .......... .......... 57% 7.94M 1s
  9000K .......... .......... .......... .......... .......... 57% 6.77M 1s
  9050K .......... .......... .......... .......... .......... 58%  268M 1s
  9100K .......... .......... .......... .......... .......... 58% 4.22M 1s
  9150K .......... .......... .......... .......... .......... 58% 6.68M 1s
  9200K .......... .......... .......... .......... .......... 59%  161M 1s
  9250K .......... .......... .......... .......... .......... 59% 11.8M 1s
  9300K .......... .......... .......... .......... .......... 59% 6.64M 1s
  9350K .......... .......... .......... .......... .......... 60%  120M 1s
  9400K .......... .......... .......... .......... .......... 60% 8.33M 1s
  9450K .......... .......... .......... .......... .......... 60%  173M 1s
  9500K .......... .......... .......... .......... .......... 61% 6.85M 1s
  9550K .......... .......... .......... .......... .......... 61% 9.73M 1s
  9600K .......... .......... .......... .......... .......... 61%  176M 1s
  9650K .......... .......... .......... .......... .......... 62% 2.22M 1s
  9700K .......... .......... .......... .......... .......... 62% 10.7M 1s
  9750K .......... .......... .......... .......... .......... 62% 6.24M 1s
  9800K .......... .......... .......... .......... .......... 63%  135M 1s
  9850K .......... .......... .......... .......... .......... 63% 6.96M 1s
  9900K .......... .......... .......... .......... .......... 63% 5.42M 1s
  9950K .......... .......... .......... .......... .......... 63%  213M 1s
 10000K .......... .......... .......... .......... .......... 64% 6.95M 1s
 10050K .......... .......... .......... .......... .......... 64% 74.9M 1s
 10100K .......... .......... .......... .......... .......... 64% 12.0M 1s
 10150K .......... .......... .......... .......... .......... 65%  159M 1s
 10200K .......... .......... .......... .......... .......... 65% 8.30M 1s
 10250K .......... .......... .......... .......... .......... 65% 18.7M 1s
 10300K .......... .......... .......... .......... .......... 66% 1.94M 1s
 10350K .......... .......... .......... .......... .......... 66%  108M 1s
 10400K .......... .......... .......... .......... .......... 66% 8.45M 1s
 10450K .......... .......... .......... .......... .......... 67%  122M 1s
 10500K .......... .......... .......... .......... .......... 67% 7.32M 1s
 10550K .......... .......... .......... .......... .......... 67% 71.0M 1s
 10600K .......... .......... .......... .......... .......... 68% 10.3M 1s
 10650K .......... .......... .......... .......... .......... 68% 7.69M 1s
 10700K .......... .......... .......... .......... .......... 68%  132M 1s
 10750K .......... .......... .......... .......... .......... 69% 9.47M 1s
 10800K .......... .......... .......... .......... .......... 69%  132M 1s
 10850K .......... .......... .......... .......... .......... 69% 7.89M 1s
 10900K .......... .......... .......... .......... .......... 70%  141M 1s
 10950K .......... .......... .......... .......... .......... 70% 3.04M 1s
 11000K .......... .......... .......... .......... .......... 70% 12.2M 1s
 11050K .......... .......... .......... .......... .......... 71% 14.3M 1s
 11100K .......... .......... .......... .......... .......... 71% 9.05M 1s
 11150K .......... .......... .......... .......... .......... 71% 8.65M 1s
 11200K .......... .......... .......... .......... .......... 71%  132M 1s
 11250K .......... .......... .......... .......... .......... 72% 7.97M 1s
 11300K .......... .......... .......... .......... .......... 72%  122M 1s
 11350K .......... .......... .......... .......... .......... 72% 10.5M 1s
 11400K .......... .......... .......... .......... .......... 73% 8.60M 1s
 11450K .......... .......... .......... .......... .......... 73%  140M 1s
 11500K .......... .......... .......... .......... .......... 73% 7.74M 1s
 11550K .......... .......... .......... .......... .......... 74% 7.84M 1s
 11600K .......... .......... .......... .......... .......... 74%  111M 1s
 11650K .......... .......... .......... .......... .......... 74% 89.8M 1s
 11700K .......... .......... .......... .......... .......... 75% 1.86M 1s
 11750K .......... .......... .......... .......... .......... 75% 8.50M 1s
 11800K .......... .......... .......... .......... .......... 75% 82.5M 1s
 11850K .......... .......... .......... .......... .......... 76% 6.77M 1s
 11900K .......... .......... .......... .......... .......... 76% 73.1M 1s
 11950K .......... .......... .......... .......... .......... 76% 5.41M 1s
 12000K .......... .......... .......... .......... .......... 77%  153M 1s
 12050K .......... .......... .......... .......... .......... 77% 5.42M 1s
 12100K .......... .......... .......... .......... .......... 77%  192M 1s
 12150K .......... .......... .......... .......... .......... 78% 9.13M 0s
 12200K .......... .......... .......... .......... .......... 78% 6.05M 0s
 12250K .......... .......... .......... .......... .......... 78%  110M 0s
 12300K .......... .......... .......... .......... .......... 79% 3.28M 0s
 12350K .......... .......... .......... .......... .......... 79% 5.46M 0s
 12400K .......... .......... .......... .......... .......... 79% 5.39M 0s
 12450K .......... .......... .......... .......... .......... 79% 23.5M 0s
 12500K .......... .......... .......... .......... .......... 80% 7.63M 0s
 12550K .......... .......... .......... .......... .......... 80%  126M 0s
 12600K .......... .......... .......... .......... .......... 80% 9.54M 0s
 12650K .......... .......... .......... .......... .......... 81% 7.76M 0s
 12700K .......... .......... .......... .......... .......... 81%  120M 0s
 12750K .......... .......... .......... .......... .......... 81% 8.29M 0s
 12800K .......... .......... .......... .......... .......... 82%  118M 0s
 12850K .......... .......... .......... .......... .......... 82% 8.76M 0s
 12900K .......... .......... .......... .......... .......... 82%  146M 0s
 12950K .......... .......... .......... .......... .......... 83% 3.53M 0s
 13000K .......... .......... .......... .......... .......... 83% 10.4M 0s
 13050K .......... .......... .......... .......... .......... 83% 8.45M 0s
 13100K .......... .......... .......... .......... .......... 84%  136M 0s
 13150K .......... .......... .......... .......... .......... 84% 7.20M 0s
 13200K .......... .......... .......... .......... .......... 84%  128M 0s
 13250K .......... .......... .......... .......... .......... 85% 9.96M 0s
 13300K .......... .......... .......... .......... .......... 85%  127M 0s
 13350K .......... .......... .......... .......... .......... 85% 9.61M 0s
 13400K .......... .......... .......... .......... .......... 86% 9.01M 0s
 13450K .......... .......... .......... .......... .......... 86%  106M 0s
 13500K .......... .......... .......... .......... .......... 86% 8.80M 0s
 13550K .......... .......... .......... .......... .......... 87%  126M 0s
 13600K .......... .......... .......... .......... .......... 87% 4.55M 0s
 13650K .......... .......... .......... .......... .......... 87% 2.25M 0s
 13700K .......... .......... .......... .......... .......... 87% 14.5M 0s
 13750K .......... .......... .......... .......... .......... 88% 8.76M 0s
 13800K .......... .......... .......... .......... .......... 88% 7.57M 0s
 13850K .......... .......... .......... .......... .......... 88%  158M 0s
 13900K .......... .......... .......... .......... .......... 89% 7.88M 0s
 13950K .......... .......... .......... .......... .......... 89% 3.86M 0s
 14000K .......... .......... .......... .......... .......... 89%  150M 0s
 14050K .......... .......... .......... .......... .......... 90%  196M 0s
 14100K .......... .......... .......... .......... .......... 90%  212M 0s
 14150K .......... .......... .......... .......... .......... 90% 5.28M 0s
 14200K .......... .......... .......... .......... .......... 91% 10.7M 0s
 14250K .......... .......... .......... .......... .......... 91%  119M 0s
 14300K .......... .......... .......... .......... .......... 91% 3.96M 0s
 14350K .......... .......... .......... .......... .......... 92%  133M 0s
 14400K .......... .......... .......... .......... .......... 92% 2.19M 0s
 14450K .......... .......... .......... .......... .......... 92% 8.27M 0s
 14500K .......... .......... .......... .......... .......... 93% 8.99M 0s
 14550K .......... .......... .......... .......... .......... 93% 9.27M 0s
 14600K .......... .......... .......... .......... .......... 93% 7.54M 0s
 14650K .......... .......... .......... .......... .......... 94%  137M 0s
 14700K .......... .......... .......... .......... .......... 94% 8.31M 0s
 14750K .......... .......... .......... .......... .......... 94%  137M 0s
 14800K .......... .......... .......... .......... .......... 95% 6.96M 0s
 14850K .......... .......... .......... .......... .......... 95%  186M 0s
 14900K .......... .......... .......... .......... .......... 95% 8.59M 0s
 14950K .......... .......... .......... .......... .......... 95%  255M 0s
 15000K .......... .......... .......... .......... .......... 96% 6.04M 0s
 15050K .......... .......... .......... .......... .......... 96% 9.49M 0s
 15100K .......... .......... .......... .......... .......... 96%  139M 0s
 15150K .......... .......... .......... .......... .......... 97% 6.82M 0s
 15200K .......... .......... .......... .......... .......... 97%  146M 0s
 15250K .......... .......... .......... .......... .......... 97% 6.57M 0s
 15300K .......... .......... .......... .......... .......... 98%  117M 0s
 15350K .......... .......... .......... .......... .......... 98% 10.0M 0s
 15400K .......... .......... .......... .......... .......... 98% 11.2M 0s
 15450K .......... .......... .......... .......... .......... 99% 7.21M 0s
 15500K .......... .......... .......... .......... .......... 99% 5.47M 0s
 15550K .......... .......... .......... .......... .......... 99%  165M 0s
 15600K .......... .......... .....                           100% 32.6M=2.1s

2026-04-19 21:45:56 (7.27 MB/s) - ‘/home/aiden/code/robot_sim_nav/build/multirobot_map_merge/2011-08-09-12-22-52.pgm’ saved [16000058/16000058]

Checking MD5 sum of /home/aiden/code/robot_sim_nav/build/multirobot_map_merge/2011-08-09-12-22-52.pgm
/home/aiden/code/robot_sim_nav/build/multirobot_map_merge/2011-08-09-12-22-52.pgm: OK
--2026-04-19 21:45:56--  https://raw.githubusercontent.com/hrnr/m-explore-extra/master/map_merge/gmapping_maps/2012-01-28-11-12-01.pgm
Resolving raw.githubusercontent.com (raw.githubusercontent.com)... 185.199.111.133, 185.199.109.133, 185.199.108.133, ...
Connecting to raw.githubusercontent.com (raw.githubusercontent.com)|185.199.111.133|:443... connected.
HTTP request sent, awaiting response... 200 OK
Length: 16000058 (15M) [application/octet-stream]
Saving to: ‘/home/aiden/code/robot_sim_nav/build/multirobot_map_merge/2012-01-28-11-12-01.pgm’

     0K .......... .......... .......... .......... ..........  0% 1.74M 9s
    50K .......... .......... .......... .......... ..........  0% 6.01M 6s
   100K .......... .......... .......... .......... ..........  0% 3.43M 5s
   150K .......... .......... .......... .......... ..........  1% 3.20M 5s
   200K .......... .......... .......... .......... ..........  1% 10.3M 4s
   250K .......... .......... .......... .......... ..........  1% 2.15M 5s
   300K .......... .......... .......... .......... ..........  2% 8.49M 4s
   350K .......... .......... .......... .......... ..........  2% 4.25M 4s
   400K .......... .......... .......... .......... ..........  2% 3.53M 4s
   450K .......... .......... .......... .......... ..........  3% 2.03M 4s
   500K .......... .......... .......... .......... ..........  3% 9.89M 4s
   550K .......... .......... .......... .......... ..........  3% 12.8M 4s
   600K .......... .......... .......... .......... ..........  4% 1.95M 4s
   650K .......... .......... .......... .......... ..........  4% 2.99M 4s
   700K .......... .......... .......... .......... ..........  4% 14.2M 4s
   750K .......... .......... .......... .......... ..........  5% 3.29M 4s
   800K .......... .......... .......... .......... ..........  5% 7.96M 4s
   850K .......... .......... .......... .......... ..........  5% 5.13M 4s
   900K .......... .......... .......... .......... ..........  6% 8.23M 4s
   950K .......... .......... .......... .......... ..........  6% 9.70M 4s
  1000K .......... .......... .......... .......... ..........  6% 2.62M 4s
  1050K .......... .......... .......... .......... ..........  7% 11.0M 4s
  1100K .......... .......... .......... .......... ..........  7% 4.61M 3s
  1150K .......... .......... .......... .......... ..........  7% 3.79M 3s
  1200K .......... .......... .......... .......... ..........  7% 2.19M 4s
  1250K .......... .......... .......... .......... ..........  8% 11.8M 3s
  1300K .......... .......... .......... .......... ..........  8% 3.06M 4s
  1350K .......... .......... .......... .......... ..........  8% 1.05M 4s
  1400K .......... .......... .......... .......... ..........  9% 2.60M 4s
  1450K .......... .......... .......... .......... ..........  9%  112M 4s
  1500K .......... .......... .......... .......... ..........  9% 5.19M 4s
  1550K .......... .......... .......... .......... .......... 10% 4.87M 4s
  1600K .......... .......... .......... .......... .......... 10% 3.19M 4s
  1650K .......... .......... .......... .......... .......... 10%  314K 5s
  1700K .......... .......... .......... .......... .......... 11% 2.46M 5s
  1750K .......... .......... .......... .......... .......... 11% 3.82M 5s
  1800K .......... .......... .......... .......... .......... 11% 3.93M 5s
  1850K .......... .......... .......... .......... .......... 12% 3.54M 5s
  1900K .......... .......... .......... .......... .......... 12% 4.29M 5s
  1950K .......... .......... .......... .......... .......... 12% 5.97M 5s
  2000K .......... .......... .......... .......... .......... 13% 7.69M 4s
  2050K .......... .......... .......... .......... .......... 13% 7.14M 4s
  2100K .......... .......... .......... .......... .......... 13% 8.14M 4s
  2150K .......... .......... .......... .......... .......... 14%  712K 5s
  2200K .......... .......... .......... .......... .......... 14% 3.72M 5s
  2250K .......... .......... .......... .......... .......... 14% 4.42M 5s
  2300K .......... .......... .......... .......... .......... 15% 3.50M 5s
  2350K .......... .......... .......... .......... .......... 15% 3.63M 4s
  2400K .......... .......... .......... .......... .......... 15%  156M 4s
  2450K .......... .......... .......... .......... .......... 15% 5.81M 4s
  2500K .......... .......... .......... .......... .......... 16% 10.5M 4s
  2550K .......... .......... .......... .......... .......... 16%  163M 4s
  2600K .......... .......... .......... .......... .......... 16% 6.08M 4s
  2650K .......... .......... .......... .......... .......... 17%  166M 4s
  2700K .......... .......... .......... .......... .......... 17% 10.8M 4s
  2750K .......... .......... .......... .......... .......... 17% 2.70M 4s
  2800K .......... .......... .......... .......... .......... 18% 5.40M 4s
  2850K .......... .......... .......... .......... .......... 18% 10.8M 4s
  2900K .......... .......... .......... .......... .......... 18% 9.23M 4s
  2950K .......... .......... .......... .......... .......... 19% 7.70M 4s
  3000K .......... .......... .......... .......... .......... 19%  120M 4s
  3050K .......... .......... .......... .......... .......... 19% 18.6M 4s
  3100K .......... .......... .......... .......... .......... 20% 2.29M 4s
  3150K .......... .......... .......... .......... .......... 20% 9.47M 4s
  3200K .......... .......... .......... .......... .......... 20% 8.77M 3s
  3250K .......... .......... .......... .......... .......... 21%  112M 3s
  3300K .......... .......... .......... .......... .......... 21% 4.76M 3s
  3350K .......... .......... .......... .......... .......... 21% 8.75M 3s
  3400K .......... .......... .......... .......... .......... 22%  136M 3s
  3450K .......... .......... .......... .......... .......... 22% 3.96M 3s
  3500K .......... .......... .......... .......... .......... 22% 10.3M 3s
  3550K .......... .......... .......... .......... .......... 23% 14.1M 3s
  3600K .......... .......... .......... .......... .......... 23% 14.2M 3s
  3650K .......... .......... .......... .......... .......... 23% 14.0M 3s
  3700K .......... .......... .......... .......... .......... 23% 11.5M 3s
  3750K .......... .......... .......... .......... .......... 24% 12.5M 3s
  3800K .......... .......... .......... .......... .......... 24%  137M 3s
  3850K .......... .......... .......... .......... .......... 24% 2.70M 3s
  3900K .......... .......... .......... .......... .......... 25% 14.9M 3s
  3950K .......... .......... .......... .......... .......... 25% 11.4M 3s
  4000K .......... .......... .......... .......... .......... 25% 23.9M 3s
  4050K .......... .......... .......... .......... .......... 26% 2.41M 3s
  4100K .......... .......... .......... .......... .......... 26% 2.61M 3s
  4150K .......... .......... .......... .......... .......... 26% 37.5M 3s
  4200K .......... .......... .......... .......... .......... 27% 5.47M 3s
  4250K .......... .......... .......... .......... .......... 27%  638K 3s
  4300K .......... .......... .......... .......... .......... 27% 1.71M 3s
  4350K .......... .......... .......... .......... .......... 28%  116M 3s
  4400K .......... .......... .......... .......... .......... 28% 2.32M 3s
  4450K .......... .......... .......... .......... .......... 28% 8.10M 3s
  4500K .......... .......... .......... .......... .......... 29%  153M 3s
  4550K .......... .......... .......... .......... .......... 29% 8.98M 3s
  4600K .......... .......... .......... .......... .......... 29%  139M 3s
  4650K .......... .......... .......... .......... .......... 30% 8.64M 3s
  4700K .......... .......... .......... .......... .......... 30% 6.20M 3s
  4750K .......... .......... .......... .......... .......... 30%  124M 3s
  4800K .......... .......... .......... .......... .......... 31% 27.1M 3s
  4850K .......... .......... .......... .......... .......... 31% 6.19M 3s
  4900K .......... .......... .......... .......... .......... 31% 3.93M 3s
  4950K .......... .......... .......... .......... .......... 31% 3.72M 3s
  5000K .......... .......... .......... .......... .......... 32% 16.7M 3s
  5050K .......... .......... .......... .......... .......... 32% 10.6M 3s
  5100K .......... .......... .......... .......... .......... 32% 8.46M 3s
  5150K .......... .......... .......... .......... .......... 33% 7.86M 3s
  5200K .......... .......... .......... .......... .......... 33% 8.69M 2s
  5250K .......... .......... .......... .......... .......... 33%  143M 2s
  5300K .......... .......... .......... .......... .......... 34% 7.64M 2s
  5350K .......... .......... .......... .......... .......... 34%  123M 2s
  5400K .......... .......... .......... .......... .......... 34% 4.37M 2s
  5450K .......... .......... .......... .......... .......... 35% 13.5M 2s
  5500K .......... .......... .......... .......... .......... 35% 18.6M 2s
  5550K .......... .......... .......... .......... .......... 35% 11.9M 2s
  5600K .......... .......... .......... .......... .......... 36% 8.43M 2s
  5650K .......... .......... .......... .......... .......... 36%  153M 2s
  5700K .......... .......... .......... .......... .......... 36% 10.0M 2s
  5750K .......... .......... .......... .......... .......... 37% 9.21M 2s
  5800K .......... .......... .......... .......... .......... 37%  157M 2s
  5850K .......... .......... .......... .......... .......... 37% 4.65M 2s
  5900K .......... .......... .......... .......... .......... 38% 6.92M 2s
  5950K .......... .......... .......... .......... .......... 38%  439K 2s
  6000K .......... .......... .......... .......... .......... 38% 67.8M 2s
  6050K .......... .......... .......... .......... .......... 39% 2.90M 2s
  6100K .......... .......... .......... .......... .......... 39%  138M 2s
  6150K .......... .......... .......... .......... .......... 39% 3.79M 2s
  6200K .......... .......... .......... .......... .......... 39%  134M 2s
  6250K .......... .......... .......... .......... .......... 40% 10.8M 2s
  6300K .......... .......... .......... .......... .......... 40% 5.00M 2s
  6350K .......... .......... .......... .......... .......... 40%  122M 2s
  6400K .......... .......... .......... .......... .......... 41% 17.3M 2s
  6450K .......... .......... .......... .......... .......... 41% 7.74M 2s
  6500K .......... .......... .......... .......... .......... 41% 3.77M 2s
  6550K .......... .......... .......... .......... .......... 42% 1.49M 2s
  6600K .......... .......... .......... .......... .......... 42%  100M 2s
  6650K .......... .......... .......... .......... .......... 42% 10.7M 2s
  6700K .......... .......... .......... .......... .......... 43% 10.8M 2s
  6750K .......... .......... .......... .......... .......... 43% 7.89M 2s
  6800K .......... .......... .......... .......... .......... 43% 7.02M 2s
  6850K .......... .......... .......... .......... .......... 44% 5.99M 2s
  6900K .......... .......... .......... .......... .......... 44% 3.97M 2s
  6950K .......... .......... .......... .......... .......... 44% 95.3M 2s
  7000K .......... .......... .......... .......... .......... 45% 6.63M 2s
  7050K .......... .......... .......... .......... .......... 45% 6.57M 2s
  7100K .......... .......... .......... .......... .......... 45%  110M 2s
  7150K .......... .......... .......... .......... .......... 46% 4.27M 2s
  7200K .......... .......... .......... .......... .......... 46%  135M 2s
  7250K .......... .......... .......... .......... .......... 46% 9.89M 2s
  7300K .......... .......... .......... .......... .......... 47% 94.7M 2s
  7350K .......... .......... .......... .......... .......... 47% 5.01M 2s
  7400K .......... .......... .......... .......... .......... 47% 1.75M 2s
  7450K .......... .......... .......... .......... .......... 47% 9.20M 2s
  7500K .......... .......... .......... .......... .......... 48%  159M 2s
  7550K .......... .......... .......... .......... .......... 48%  150M 2s
  7600K .......... .......... .......... .......... .......... 48% 6.40M 2s
  7650K .......... .......... .......... .......... .......... 49% 7.13M 2s
  7700K .......... .......... .......... .......... .......... 49% 9.03M 2s
  7750K .......... .......... .......... .......... .......... 49%  191M 2s
  7800K .......... .......... .......... .......... .......... 50%  222M 2s
  7850K .......... .......... .......... .......... .......... 50% 4.82M 2s
  7900K .......... .......... .......... .......... .......... 50%  148M 2s
  7950K .......... .......... .......... .......... .......... 51% 2.71M 2s
  8000K .......... .......... .......... .......... .......... 51% 5.14M 2s
  8050K .......... .......... .......... .......... .......... 51% 15.7M 2s
  8100K .......... .......... .......... .......... .......... 52% 5.54M 2s
  8150K .......... .......... .......... .......... .......... 52% 5.28M 2s
  8200K .......... .......... .......... .......... .......... 52%  102M 2s
  8250K .......... .......... .......... .......... .......... 53% 9.28M 2s
  8300K .......... .......... .......... .......... .......... 53%  138M 2s
  8350K .......... .......... .......... .......... .......... 53% 8.71M 2s
  8400K .......... .......... .......... .......... .......... 54% 6.72M 1s
  8450K .......... .......... .......... .......... .......... 54%  143M 1s
  8500K .......... .......... .......... .......... .......... 54% 13.8M 1s
  8550K .......... .......... .......... .......... .......... 55% 2.78M 1s
  8600K .......... .......... .......... .......... .......... 55% 9.95M 1s
  8650K .......... .......... .......... .......... .......... 55% 7.39M 1s
  8700K .......... .......... .......... .......... .......... 55%  105M 1s
  8750K .......... .......... .......... .......... .......... 56% 6.95M 1s
  8800K .......... .......... .......... .......... .......... 56%  113M 1s
  8850K .......... .......... .......... .......... .......... 56% 7.05M 1s
  8900K .......... .......... .......... .......... .......... 57%  149M 1s
  8950K .......... .......... .......... .......... .......... 57% 6.58M 1s
  9000K .......... .......... .......... .......... .......... 57% 19.5M 1s
  9050K .......... .......... .......... .......... .......... 58% 8.24M 1s
  9100K .......... .......... .......... .......... .......... 58%  507K 1s
  9150K .......... .......... .......... .......... .......... 58% 36.2M 1s
  9200K .......... .......... .......... .......... .......... 59% 1.80M 1s
  9250K .......... .......... .......... .......... .......... 59%  138M 1s
  9300K .......... .......... .......... .......... .......... 59% 2.36M 1s
  9350K .......... .......... .......... .......... .......... 60%  110M 1s
  9400K .......... .......... .......... .......... .......... 60% 2.91M 1s
  9450K .......... .......... .......... .......... .......... 60%  137M 1s
  9500K .......... .......... .......... .......... .......... 61%  164M 1s
  9550K .......... .......... .......... .......... .......... 61% 3.81M 1s
  9600K .......... .......... .......... .......... .......... 61%  141M 1s
  9650K .......... .......... .......... .......... .......... 62% 3.70M 1s
  9700K .......... .......... .......... .......... .......... 62% 98.4M 1s
  9750K .......... .......... .......... .......... .......... 62% 2.55M 1s
  9800K .......... .......... .......... .......... .......... 63%  103M 1s
  9850K .......... .......... .......... .......... .......... 63%  168M 1s
  9900K .......... .......... .......... .......... .......... 63% 2.83M 1s
  9950K .......... .......... .......... .......... .......... 63% 43.6M 1s
 10000K .......... .......... .......... .......... .......... 64%  769K 1s
 10050K .......... .......... .......... .......... .......... 64% 86.5M 1s
 10100K .......... .......... .......... .......... .......... 64% 1.80M 1s
 10150K .......... .......... .......... .......... .......... 65% 59.8M 1s
 10200K .......... .......... .......... .......... .......... 65%  128M 1s
 10250K .......... .......... .......... .......... .......... 65% 8.37M 1s
 10300K .......... .......... .......... .......... .......... 66% 5.14M 1s
 10350K .......... .......... .......... .......... .......... 66%  112M 1s
 10400K .......... .......... .......... .......... .......... 66%  116M 1s
 10450K .......... .......... .......... .......... .......... 67% 18.0M 1s
 10500K .......... .......... .......... .......... .......... 67% 2.07M 1s
 10550K .......... .......... .......... .......... .......... 67%  141M 1s
 10600K .......... .......... .......... .......... .......... 68% 4.57M 1s
 10650K .......... .......... .......... .......... .......... 68%  103M 1s
 10700K .......... .......... .......... .......... .......... 68% 3.47M 1s
 10750K .......... .......... .......... .......... .......... 69% 8.20M 1s
 10800K .......... .......... .......... .......... .......... 69%  103M 1s
 10850K .......... .......... .......... .......... .......... 69% 5.78M 1s
 10900K .......... .......... .......... .......... .......... 70%  136M 1s
 10950K .......... .......... .......... .......... .......... 70% 5.54M 1s
 11000K .......... .......... .......... .......... .......... 70% 5.38M 1s
 11050K .......... .......... .......... .......... .......... 71%  122M 1s
 11100K .......... .......... .......... .......... .......... 71% 6.78M 1s
 11150K .......... .......... .......... .......... .......... 71% 4.03M 1s
 11200K .......... .......... .......... .......... .......... 71%  140M 1s
 11250K .......... .......... .......... .......... .......... 72% 3.12M 1s
 11300K .......... .......... .......... .......... .......... 72%  142M 1s
 11350K .......... .......... .......... .......... .......... 72%  192M 1s
 11400K .......... .......... .......... .......... .......... 73% 7.60M 1s
 11450K .......... .......... .......... .......... .......... 73% 3.09M 1s
 11500K .......... .......... .......... .......... .......... 73%  126M 1s
 11550K .......... .......... .......... .......... .......... 74% 4.38M 1s
 11600K .......... .......... .......... .......... .......... 74%  168M 1s
 11650K .......... .......... .......... .......... .......... 74%  224M 1s
 11700K .......... .......... .......... .......... .......... 75% 9.48M 1s
 11750K .......... .......... .......... .......... .......... 75%  145M 1s
 11800K .......... .......... .......... .......... .......... 75% 9.54M 1s
 11850K .......... .......... .......... .......... .......... 76% 11.8M 1s
 11900K .......... .......... .......... .......... .......... 76%  132M 1s
 11950K .......... .......... .......... .......... .......... 76% 11.0M 1s
 12000K .......... .......... .......... .......... .......... 77%  146M 1s
 12050K .......... .......... .......... .......... .......... 77% 13.0M 1s
 12100K .......... .......... .......... .......... .......... 77% 3.51M 1s
 12150K .......... .......... .......... .......... .......... 78% 16.0M 1s
 12200K .......... .......... .......... .......... .......... 78% 7.96M 1s
 12250K .......... .......... .......... .......... .......... 78% 9.18M 1s
 12300K .......... .......... .......... .......... .......... 79%  126M 1s
 12350K .......... .......... .......... .......... .......... 79% 8.61M 1s
 12400K .......... .......... .......... .......... .......... 79%  222M 1s
 12450K .......... .......... .......... .......... .......... 79% 1.20M 1s
 12500K .......... .......... .......... .......... .......... 80% 62.6M 1s
 12550K .......... .......... .......... .......... .......... 80%  151M 1s
 12600K .......... .......... .......... .......... .......... 80% 14.7M 1s
 12650K .......... .......... .......... .......... .......... 81%  195M 1s
 12700K .......... .......... .......... .......... .......... 81% 4.11M 1s
 12750K .......... .......... .......... .......... .......... 81%  162M 1s
 12800K .......... .......... .......... .......... .......... 82% 9.51M 1s
 12850K .......... .......... .......... .......... .......... 82%  146M 1s
 12900K .......... .......... .......... .......... .......... 82% 7.86M 1s
 12950K .......... .......... .......... .......... .......... 83%  123M 0s
 13000K .......... .......... .......... .......... .......... 83%  176M 0s
 13050K .......... .......... .......... .......... .......... 83% 4.94M 0s
 13100K .......... .......... .......... .......... .......... 84%  223M 0s
 13150K .......... .......... .......... .......... .......... 84%  147M 0s
 13200K .......... .......... .......... .......... .......... 84% 24.9M 0s
 13250K .......... .......... .......... .......... .......... 85% 3.60M 0s
 13300K .......... .......... .......... .......... .......... 85% 6.71M 0s
 13350K .......... .......... .......... .......... .......... 85% 4.53M 0s
 13400K .......... .......... .......... .......... .......... 86%  122M 0s
 13450K .......... .......... .......... .......... .......... 86% 8.71M 0s
 13500K .......... .......... .......... .......... .......... 86%  144M 0s
 13550K .......... .......... .......... .......... .......... 87% 6.88M 0s
 13600K .......... .......... .......... .......... .......... 87%  133M 0s
 13650K .......... .......... .......... .......... .......... 87%  173M 0s
 13700K .......... .......... .......... .......... .......... 87% 8.61M 0s
 13750K .......... .......... .......... .......... .......... 88%  156M 0s
 13800K .......... .......... .......... .......... .......... 88% 9.01M 0s
 13850K .......... .......... .......... .......... .......... 88%  169M 0s
 13900K .......... .......... .......... .......... .......... 89% 1.41M 0s
 13950K .......... .......... .......... .......... .......... 89% 18.8M 0s
 14000K .......... .......... .......... .......... .......... 89% 3.89M 0s
 14050K .......... .......... .......... .......... .......... 90% 10.9M 0s
 14100K .......... .......... .......... .......... .......... 90%  140M 0s
 14150K .......... .......... .......... .......... .......... 90%  173M 0s
 14200K .......... .......... .......... .......... .......... 91% 22.4M 0s
 14250K .......... .......... .......... .......... .......... 91% 3.74M 0s
 14300K .......... .......... .......... .......... .......... 91%  184M 0s
 14350K .......... .......... .......... .......... .......... 92% 14.3M 0s
 14400K .......... .......... .......... .......... .......... 92%  196M 0s
 14450K .......... .......... .......... .......... .......... 92% 4.71M 0s
 14500K .......... .......... .......... .......... .......... 93%  142M 0s
 14550K .......... .......... .......... .......... .......... 93%  146M 0s
 14600K .......... .......... .......... .......... .......... 93% 1.96M 0s
 14650K .......... .......... .......... .......... .......... 94% 27.3M 0s
 14700K .......... .......... .......... .......... .......... 94% 6.87M 0s
 14750K .......... .......... .......... .......... .......... 94% 8.07M 0s
 14800K .......... .......... .......... .......... .......... 95%  146M 0s
 14850K .......... .......... .......... .......... .......... 95% 6.86M 0s
 14900K .......... .......... .......... .......... .......... 95%  127M 0s
 14950K .......... .......... .......... .......... .......... 95% 4.89M 0s
 15000K .......... .......... .......... .......... .......... 96%  155M 0s
 15050K .......... .......... .......... .......... .......... 96%  159M 0s
 15100K .......... .......... .......... .......... .......... 96% 7.95M 0s
 15150K .......... .......... .......... .......... .......... 97%  150M 0s
 15200K .......... .......... .......... .......... .......... 97% 9.07M 0s
 15250K .......... .......... .......... .......... .......... 97%  144M 0s
 15300K .......... .......... .......... .......... .......... 98% 6.88M 0s
 15350K .......... .......... .......... .......... .......... 98%  276M 0s
 15400K .......... .......... .......... .......... .......... 98% 2.00M 0s
 15450K .......... .......... .......... .......... .......... 99% 6.16M 0s
 15500K .......... .......... .......... .......... .......... 99%  114M 0s
 15550K .......... .......... .......... .......... .......... 99% 12.5M 0s
 15600K .......... .......... .....                           100% 99.2M=2.7s

2026-04-19 21:46:00 (5.62 MB/s) - ‘/home/aiden/code/robot_sim_nav/build/multirobot_map_merge/2012-01-28-11-12-01.pgm’ saved [16000058/16000058]

Checking MD5 sum of /home/aiden/code/robot_sim_nav/build/multirobot_map_merge/2012-01-28-11-12-01.pgm
/home/aiden/code/robot_sim_nav/build/multirobot_map_merge/2012-01-28-11-12-01.pgm: OK
-- Found gtest sources under '/opt/ros/jazzy/src/gtest_vendor': C++ tests using 'Google Test' will be built
-- Found Threads: TRUE  
-- Added test 'cppcheck' to perform static code analysis on C / C++ code
-- Configured cppcheck include dirs: /home/aiden/code/robot_sim_nav/src/m-explore-ros2/map_merge/include;$<BUILD_INTERFACE:/home/aiden/code/robot_sim_nav/src/m-explore-ros2/map_merge/include>
-- Configured cppcheck exclude dirs and/or files: 
-- Added test 'flake8' to check Python code syntax and style conventions
-- Configured 'flake8' exclude dirs and/or files: 
-- Added test 'lint_cmake' to check CMake code style
-- Added test 'pep257' to check Python code against some of the docstring style conventions in PEP 257
-- Added test 'uncrustify' to check C / C++ code style
-- Configured uncrustify additional arguments: 
-- Added test 'xmllint' to check XML markup files
-- Configuring done (10.1s)
-- Generating done (0.0s)
-- Build files have been written to: /home/aiden/code/robot_sim_nav/build/multirobot_map_merge
[  8%] [32mBuilding CXX object CMakeFiles/combine_grids.dir/src/combine_grids/merging_pipeline.cpp.o[0m
[ 16%] [32mBuilding CXX object CMakeFiles/combine_grids.dir/src/combine_grids/grid_warper.cpp.o[0m
[ 25%] [32mBuilding CXX object gtest/CMakeFiles/gtest_main.dir/src/gtest_main.cc.o[0m
[ 41%] [32mBuilding CXX object CMakeFiles/combine_grids.dir/src/combine_grids/grid_compositor.cpp.o[0m
[ 41%] [32mBuilding CXX object gtest/CMakeFiles/gtest.dir/src/gtest-all.cc.o[0m
[ 50%] [32m[1mLinking CXX static library libgtest_main.a[0m
[ 50%] Built target gtest_main
[ 58%] [32m[1mLinking CXX static library libcombine_grids.a[0m
[ 58%] Built target combine_grids
[ 66%] [32mBuilding CXX object CMakeFiles/map_merge.dir/src/map_merge.cpp.o[0m
[ 75%] [32m[1mLinking CXX static library libgtest.a[0m
[ 75%] Built target gtest
[ 83%] [32mBuilding CXX object CMakeFiles/test_merging_pipeline.dir/test/test_merging_pipeline.cpp.o[0m
[ 91%] [32m[1mLinking CXX executable test_merging_pipeline[0m
[ 91%] Built target test_merging_pipeline
[100%] [32m[1mLinking CXX executable map_merge[0m
[100%] Built target map_merge
-- Install configuration: ""
-- Installing: /home/aiden/code/robot_sim_nav/install/multirobot_map_merge/include/map_merge/
-- Installing: /home/aiden/code/robot_sim_nav/install/multirobot_map_merge/include/map_merge//ros1_names.hpp
-- Installing: /home/aiden/code/robot_sim_nav/install/multirobot_map_merge/include/map_merge//map_merge.h
-- Installing: /home/aiden/code/robot_sim_nav/install/multirobot_map_merge/share/multirobot_map_merge/launch
-- Installing: /home/aiden/code/robot_sim_nav/install/multirobot_map_merge/share/multirobot_map_merge/launch/map_merge.launch.py
-- Installing: /home/aiden/code/robot_sim_nav/install/multirobot_map_merge/share/multirobot_map_merge/launch/tb3_simulation
-- Installing: /home/aiden/code/robot_sim_nav/install/multirobot_map_merge/share/multirobot_map_merge/launch/tb3_simulation/multi_tb3_simulation_launch.py
-- Installing: /home/aiden/code/robot_sim_nav/install/multirobot_map_merge/share/multirobot_map_merge/launch/tb3_simulation/bringup_launch.py
-- Installing: /home/aiden/code/robot_sim_nav/install/multirobot_map_merge/share/multirobot_map_merge/launch/tb3_simulation/config
-- Installing: /home/aiden/code/robot_sim_nav/install/multirobot_map_merge/share/multirobot_map_merge/launch/tb3_simulation/config/nav2_multirobot_params_1.yaml
-- Installing: /home/aiden/code/robot_sim_nav/install/multirobot_map_merge/share/multirobot_map_merge/launch/tb3_simulation/config/nav2_multirobot_params_2.yaml
-- Installing: /home/aiden/code/robot_sim_nav/install/multirobot_map_merge/share/multirobot_map_merge/launch/tb3_simulation/worlds
-- Installing: /home/aiden/code/robot_sim_nav/install/multirobot_map_merge/share/multirobot_map_merge/launch/tb3_simulation/worlds/world_only.model
-- Installing: /home/aiden/code/robot_sim_nav/install/multirobot_map_merge/share/multirobot_map_merge/launch/tb3_simulation/tb3_simulation_launch.py
-- Installing: /home/aiden/code/robot_sim_nav/install/multirobot_map_merge/share/multirobot_map_merge/launch/tb3_simulation/slam_toolbox.py
-- Installing: /home/aiden/code/robot_sim_nav/install/multirobot_map_merge/share/multirobot_map_merge/launch/from_map_server.launch.py
-- Installing: /home/aiden/code/robot_sim_nav/install/multirobot_map_merge/share/multirobot_map_merge/launch/map_merge.rviz
-- Installing: /home/aiden/code/robot_sim_nav/install/multirobot_map_merge/share/multirobot_map_merge/config
-- Installing: /home/aiden/code/robot_sim_nav/install/multirobot_map_merge/share/multirobot_map_merge/config/params.yaml
-- Installing: /home/aiden/code/robot_sim_nav/install/multirobot_map_merge/lib/libcombine_grids.a
-- Installing: /home/aiden/code/robot_sim_nav/install/multirobot_map_merge/lib/multirobot_map_merge/map_merge
-- Set non-toolchain portion of runtime path of "/home/aiden/code/robot_sim_nav/install/multirobot_map_merge/lib/multirobot_map_merge/map_merge" to ""
-- Installing: /home/aiden/code/robot_sim_nav/install/multirobot_map_merge/share/multirobot_map_merge/environment/library_path.sh
-- Installing: /home/aiden/code/robot_sim_nav/install/multirobot_map_merge/share/multirobot_map_merge/environment/library_path.dsv
-- Installing: /home/aiden/code/robot_sim_nav/install/multirobot_map_merge/share/ament_index/resource_index/package_run_dependencies/multirobot_map_merge
-- Installing: /home/aiden/code/robot_sim_nav/install/multirobot_map_merge/share/ament_index/resource_index/parent_prefix_path/multirobot_map_merge
-- Installing: /home/aiden/code/robot_sim_nav/install/multirobot_map_merge/share/multirobot_map_merge/environment/ament_prefix_path.sh
-- Installing: /home/aiden/code/robot_sim_nav/install/multirobot_map_merge/share/multirobot_map_merge/environment/ament_prefix_path.dsv
-- Installing: /home/aiden/code/robot_sim_nav/install/multirobot_map_merge/share/multirobot_map_merge/environment/path.sh
-- Installing: /home/aiden/code/robot_sim_nav/install/multirobot_map_merge/share/multirobot_map_merge/environment/path.dsv
-- Installing: /home/aiden/code/robot_sim_nav/install/multirobot_map_merge/share/multirobot_map_merge/local_setup.bash
-- Installing: /home/aiden/code/robot_sim_nav/install/multirobot_map_merge/share/multirobot_map_merge/local_setup.sh
-- Installing: /home/aiden/code/robot_sim_nav/install/multirobot_map_merge/share/multirobot_map_merge/local_setup.zsh
-- Installing: /home/aiden/code/robot_sim_nav/install/multirobot_map_merge/share/multirobot_map_merge/local_setup.dsv
-- Installing: /home/aiden/code/robot_sim_nav/install/multirobot_map_merge/share/multirobot_map_merge/package.dsv
-- Installing: /home/aiden/code/robot_sim_nav/install/multirobot_map_merge/share/ament_index/resource_index/packages/multirobot_map_merge
-- Installing: /home/aiden/code/robot_sim_nav/install/multirobot_map_merge/share/multirobot_map_merge/cmake/ament_cmake_export_include_directories-extras.cmake
-- Installing: /home/aiden/code/robot_sim_nav/install/multirobot_map_merge/share/multirobot_map_merge/cmake/ament_cmake_export_libraries-extras.cmake
-- Installing: /home/aiden/code/robot_sim_nav/install/multirobot_map_merge/share/multirobot_map_merge/cmake/multirobot_map_mergeConfig.cmake
-- Installing: /home/aiden/code/robot_sim_nav/install/multirobot_map_merge/share/multirobot_map_merge/cmake/multirobot_map_mergeConfig-version.cmake
-- Installing: /home/aiden/code/robot_sim_nav/install/multirobot_map_merge/share/multirobot_map_merge/package.xml
