[0.357s] Invoking command in '/home/aiden/code/robot_sim_nav/build/multirobot_map_merge': CMAKE_PREFIX_PATH=${CMAKE_PREFIX_PATH}:/opt/ros/jazzy DEBUGINFOD_URLS=https://debuginfod.ubuntu.com /usr/bin/cmake /home/aiden/code/robot_sim_nav/src/m-explore-ros2/map_merge -DCMAKE_INSTALL_PREFIX=/home/aiden/code/robot_sim_nav/install/multirobot_map_merge
[0.435s] -- The C compiler identification is GNU 13.3.0
[0.513s] -- The CXX compiler identification is GNU 13.3.0
[0.529s] -- Detecting C compiler ABI info
[0.618s] -- Detecting C compiler ABI info - done
[0.629s] -- Check for working C compiler: /usr/bin/cc - skipped
[0.629s] -- Detecting C compile features
[0.630s] -- Detecting C compile features - done
[0.638s] -- Detecting CXX compiler ABI info
[0.725s] -- Detecting CXX compiler ABI info - done
[0.733s] -- Check for working CXX compiler: /usr/bin/c++ - skipped
[0.733s] -- Detecting CXX compile features
[0.734s] -- Detecting CXX compile features - done
[0.738s] -- Found ament_cmake: 2.5.4 (/opt/ros/jazzy/share/ament_cmake/cmake)
[0.858s] -- Found Python3: /usr/bin/python3 (found version "3.12.3") found components: Interpreter 
[0.951s] -- Found rclcpp: 28.1.13 (/opt/ros/jazzy/share/rclcpp/cmake)
[0.993s] -- Found rosidl_generator_c: 4.6.6 (/opt/ros/jazzy/share/rosidl_generator_c/cmake)
[1.005s] -- Found rosidl_generator_cpp: 4.6.6 (/opt/ros/jazzy/share/rosidl_generator_cpp/cmake)
[1.020s] -- Using all available rosidl_typesupport_c: rosidl_typesupport_fastrtps_c;rosidl_typesupport_introspection_c
[1.037s] -- Using all available rosidl_typesupport_cpp: rosidl_typesupport_fastrtps_cpp;rosidl_typesupport_introspection_cpp
[1.113s] -- Found rmw_implementation_cmake: 7.3.2 (/opt/ros/jazzy/share/rmw_implementation_cmake/cmake)
[1.116s] -- Found rmw_cyclonedds_cpp: 2.2.3 (/opt/ros/jazzy/share/rmw_cyclonedds_cpp/cmake)
[1.145s] -- Using RMW implementation 'rmw_cyclonedds_cpp' as default
[1.205s] -- Found geometry_msgs: 5.3.6 (/opt/ros/jazzy/share/geometry_msgs/cmake)
[1.238s] -- Found image_geometry: 4.1.0 (/opt/ros/jazzy/share/image_geometry/cmake)
[1.272s] -- Found map_msgs: 2.4.1 (/opt/ros/jazzy/share/map_msgs/cmake)
[1.328s] -- Found tf2_geometry_msgs: 0.36.16 (/opt/ros/jazzy/share/tf2_geometry_msgs/cmake)
[1.343s] -- Found eigen3_cmake_module: 0.3.0 (/opt/ros/jazzy/share/eigen3_cmake_module/cmake)
[1.346s] -- Found Eigen3: TRUE (found version "3.4.0") 
[1.346s] -- Ensuring Eigen3 include directory is part of orocos-kdl CMake target
[1.583s] -- Found Boost: /usr/lib/x86_64-linux-gnu/cmake/Boost-1.83.0/BoostConfig.cmake (found version "1.83.0") found components: thread 
[1.588s] -- Found OpenCV: /usr (found version "4.6.0") 
[1.599s] -- Found ament_lint_auto: 0.17.3 (/opt/ros/jazzy/share/ament_lint_auto/cmake)
[1.684s] -- Found ament_cmake_gtest: 2.5.4 (/opt/ros/jazzy/share/ament_cmake_gtest/cmake)
[1.691s] --2026-04-19 21:45:51--  https://raw.githubusercontent.com/hrnr/m-explore-extra/master/map_merge/hector_maps/map00.pgm
[1.718s] Resolving raw.githubusercontent.com (raw.githubusercontent.com)... 185.199.109.133, 185.199.110.133, 185.199.111.133, ...
[1.729s] Connecting to raw.githubusercontent.com (raw.githubusercontent.com)|185.199.109.133|:443... connected.
[2.003s] HTTP request sent, awaiting response... 200 OK
[2.004s] Length: 4194362 (4.0M) [application/octet-stream]
[2.004s] Saving to: ‘/home/aiden/code/robot_sim_nav/build/multirobot_map_merge/map00.pgm’
[2.004s] 
[2.037s]      0K .......... .......... .......... .......... ..........  1% 1.45M 3s
[2.056s]     50K .......... .......... .......... .......... ..........  2% 2.65M 2s
[2.065s]    100K .......... .......... .......... .......... ..........  3% 5.19M 2s
[2.071s]    150K .......... .......... .......... .......... ..........  4% 7.89M 1s
[2.087s]    200K .......... .......... .......... .......... ..........  6% 3.15M 1s
[2.090s]    250K .......... .......... .......... .......... ..........  7% 14.6M 1s
[2.106s]    300K .......... .......... .......... .......... ..........  8% 2.98M 1s
[2.114s]    350K .......... .......... .......... .......... ..........  9% 6.48M 1s
[2.115s]    400K .......... .......... .......... .......... .......... 10% 33.2M 1s
[2.133s]    450K .......... .......... .......... .......... .......... 12% 2.84M 1s
[2.133s]    500K .......... .......... .......... .......... .......... 13%  694M 1s
[2.138s]    550K .......... .......... .......... .......... .......... 14% 8.34M 1s
[2.138s]    600K .......... .......... .......... .......... .......... 15%  719M 1s
[2.143s]    650K .......... .......... .......... .......... .......... 17% 10.4M 1s
[2.160s]    700K .......... .......... .......... .......... .......... 18% 2.81M 1s
[2.166s]    750K .......... .......... .......... .......... .......... 19% 8.25M 1s
[2.167s]    800K .......... .......... .......... .......... .......... 20%  391M 1s
[2.171s]    850K .......... .......... .......... .......... .......... 21% 10.1M 1s
[2.187s]    900K .......... .......... .......... .......... .......... 23% 3.09M 1s
[2.199s]    950K .......... .......... .......... .......... .......... 24% 4.04M 1s
[2.200s]   1000K .......... .......... .......... .......... .......... 25%  331M 1s
[2.206s]   1050K .......... .......... .......... .......... .......... 26% 7.59M 1s
[2.206s]   1100K .......... .......... .......... .......... .......... 28%  347M 1s
[2.243s]   1150K .......... .......... .......... .......... .......... 29% 1.31M 1s
[2.244s]   1200K .......... .......... .......... .......... .......... 30%  329M 1s
[2.244s]   1250K .......... .......... .......... .......... .......... 31%  503M 1s
[2.256s]   1300K .......... .......... .......... .......... .......... 32% 3.92M 1s
[2.256s]   1350K .......... .......... .......... .......... .......... 34%  361M 0s
[2.268s]   1400K .......... .......... .......... .......... .......... 35% 4.30M 0s
[2.268s]   1450K .......... .......... .......... .......... .......... 36%  710M 0s
[2.364s]   1500K .......... .......... .......... .......... .......... 37%  521K 1s
[2.374s]   1550K .......... .......... .......... .......... .......... 39% 5.02M 1s
[2.383s]   1600K .......... .......... .......... .......... .......... 40% 5.73M 1s
[2.383s]   1650K .......... .......... .......... .......... .......... 41% 72.1M 1s
[2.399s]   1700K .......... .......... .......... .......... .......... 42% 2.96M 1s
[2.417s]   1750K .......... .......... .......... .......... .......... 43% 2.78M 1s
[2.452s]   1800K .......... .......... .......... .......... .......... 45% 1.42M 1s
[2.458s]   1850K .......... .......... .......... .......... .......... 46% 7.76M 1s
[2.475s]   1900K .......... .......... .......... .......... .......... 47% 2.85M 1s
[2.484s]   1950K .......... .......... .......... .......... .......... 48% 5.71M 1s
[2.493s]   2000K .......... .......... .......... .......... .......... 50% 5.14M 0s
[2.507s]   2050K .......... .......... .......... .......... .......... 51% 3.66M 0s
[2.507s]   2100K .......... .......... .......... .......... .......... 52%  162M 0s
[2.516s]   2150K .......... .......... .......... .......... .......... 53% 5.36M 0s
[2.516s]   2200K .......... .......... .......... .......... .......... 54%  157M 0s
[2.533s]   2250K .......... .......... .......... .......... .......... 56% 2.90M 0s
[2.541s]   2300K .......... .......... .......... .......... .......... 57% 6.17M 0s
[2.541s]   2350K .......... .......... .......... .......... .......... 58%  187M 0s
[2.554s]   2400K .......... .......... .......... .......... .......... 59% 3.93M 0s
[2.564s]   2450K .......... .......... .......... .......... .......... 61% 4.76M 0s
[2.565s]   2500K .......... .......... .......... .......... .......... 62%  133M 0s
[2.575s]   2550K .......... .......... .......... .......... .......... 63% 4.65M 0s
[2.576s]   2600K .......... .......... .......... .......... .......... 64%  160M 0s
[2.583s]   2650K .......... .......... .......... .......... .......... 65% 6.18M 0s
[2.596s]   2700K .......... .......... .......... .......... .......... 67% 3.81M 0s
[2.604s]   2750K .......... .......... .......... .......... .......... 68% 5.85M 0s
[2.605s]   2800K .......... .......... .......... .......... .......... 69%  129M 0s
[2.612s]   2850K .......... .......... .......... .......... .......... 70% 6.45M 0s
[2.612s]   2900K .......... .......... .......... .......... .......... 72%  123M 0s
[2.630s]   2950K .......... .......... .......... .......... .......... 73% 2.76M 0s
[2.636s]   3000K .......... .......... .......... .......... .......... 74% 8.22M 0s
[2.650s]   3050K .......... .......... .......... .......... .......... 75% 3.56M 0s
[2.650s]   3100K .......... .......... .......... .......... .......... 76%  125M 0s
[2.658s]   3150K .......... .......... .......... .......... .......... 78% 6.37M 0s
[2.658s]   3200K .......... .......... .......... .......... .......... 79%  167M 0s
[2.664s]   3250K .......... .......... .......... .......... .......... 80% 8.20M 0s
[2.667s]   3300K .......... .......... .......... .......... .......... 81% 16.9M 0s
[2.685s]   3350K .......... .......... .......... .......... .......... 83% 2.82M 0s
[2.693s]   3400K .......... .......... .......... .......... .......... 84% 5.68M 0s
[2.693s]   3450K .......... .......... .......... .......... .......... 85%  150M 0s
[2.701s]   3500K .......... .......... .......... .......... .......... 86% 6.17M 0s
[2.709s]   3550K .......... .......... .......... .......... .......... 87% 6.80M 0s
[2.709s]   3600K .......... .......... .......... .......... .......... 89%  133M 0s
[2.719s]   3650K .......... .......... .......... .......... .......... 90% 4.87M 0s
[2.725s]   3700K .......... .......... .......... .......... .......... 91% 7.95M 0s
[2.729s]   3750K .......... .......... .......... .......... .......... 92% 11.2M 0s
[2.810s]   3800K .......... .......... .......... .......... .......... 93%  618K 0s
[2.820s]   3850K .......... .......... .......... .......... .......... 95% 5.01M 0s
[2.820s]   3900K .......... .......... .......... .......... .......... 96%  126M 0s
[2.845s]   3950K .......... .......... .......... .......... .......... 97% 1.99M 0s
[2.850s]   4000K .......... .......... .......... .......... .......... 98%  148M 0s
[2.850s]   4050K .......... .......... .......... .......... ......    100% 9.28M=0.8s
[2.850s] 
[2.851s] 2026-04-19 21:45:52 (4.73 MB/s) - ‘/home/aiden/code/robot_sim_nav/build/multirobot_map_merge/map00.pgm’ saved [4194362/4194362]
[2.851s] 
[2.853s] Checking MD5 sum of /home/aiden/code/robot_sim_nav/build/multirobot_map_merge/map00.pgm
[2.876s] /home/aiden/code/robot_sim_nav/build/multirobot_map_merge/map00.pgm: OK
[2.884s] --2026-04-19 21:45:52--  https://raw.githubusercontent.com/hrnr/m-explore-extra/master/map_merge/hector_maps/map05.pgm
[2.907s] Resolving raw.githubusercontent.com (raw.githubusercontent.com)... 185.199.108.133, 185.199.109.133, 185.199.111.133, ...
[2.967s] Connecting to raw.githubusercontent.com (raw.githubusercontent.com)|185.199.108.133|:443... connected.
[3.542s] HTTP request sent, awaiting response... 200 OK
[3.542s] Length: 4194362 (4.0M) [application/octet-stream]
[3.543s] Saving to: ‘/home/aiden/code/robot_sim_nav/build/multirobot_map_merge/map05.pgm’
[3.543s] 
[3.582s]      0K .......... .......... .......... .......... ..........  1% 1.21M 3s
[3.591s]     50K .......... .......... .......... .......... ..........  2% 5.43M 2s
[3.604s]    100K .......... .......... .......... .......... ..........  3% 3.72M 2s
[3.609s]    150K .......... .......... .......... .......... ..........  4% 10.1M 1s
[3.617s]    200K .......... .......... .......... .......... ..........  6% 6.07M 1s
[3.634s]    250K .......... .......... .......... .......... ..........  7% 2.89M 1s
[3.640s]    300K .......... .......... .......... .......... ..........  8% 7.98M 1s
[3.653s]    350K .......... .......... .......... .......... ..........  9%  178M 1s
[3.657s]    400K .......... .......... .......... .......... .......... 10% 2.99M 1s
[3.667s]    450K .......... .......... .......... .......... .......... 12% 4.97M 1s
[3.670s]    500K .......... .......... .......... .......... .......... 13% 15.0M 1s
[3.678s]    550K .......... .......... .......... .......... .......... 14% 6.17M 1s
[3.683s]    600K .......... .......... .......... .......... .......... 15% 8.82M 1s
[3.683s]    650K .......... .......... .......... .......... .......... 17%  183M 1s
[3.688s]    700K .......... .......... .......... .......... .......... 18% 10.9M 1s
[3.700s]    750K .......... .......... .......... .......... .......... 19% 4.76M 1s
[3.707s]    800K .......... .......... .......... .......... .......... 20% 5.22M 1s
[3.708s]    850K .......... .......... .......... .......... .......... 21%  169M 1s
[3.711s]    900K .......... .......... .......... .......... .......... 23% 13.8M 1s
[3.729s]    950K .......... .......... .......... .......... .......... 24% 2.77M 1s
[3.729s]   1000K .......... .......... .......... .......... .......... 25%  110M 1s
[3.736s]   1050K .......... .......... .......... .......... .......... 26% 7.86M 1s
[3.736s]   1100K .......... .......... .......... .......... .......... 28%  131M 0s
[3.741s]   1150K .......... .......... .......... .......... .......... 29% 9.93M 0s
[3.788s]   1200K .......... .......... .......... .......... .......... 30% 1.03M 1s
[3.789s]   1250K .......... .......... .......... .......... .......... 31% 69.4M 1s
[3.794s]   1300K .......... .......... .......... .......... .......... 32% 9.72M 1s
[3.794s]   1350K .......... .......... .......... .......... .......... 34%  179M 0s
[3.803s]   1400K .......... .......... .......... .......... .......... 35% 5.24M 0s
[3.803s]   1450K .......... .......... .......... .......... .......... 36%  268M 0s
[3.806s]   1500K .......... .......... .......... .......... .......... 37% 17.8M 0s
[3.812s]   1550K .......... .......... .......... .......... .......... 39% 8.98M 0s
[3.827s]   1600K .......... .......... .......... .......... .......... 40% 3.13M 0s
[3.835s]   1650K .......... .......... .......... .......... .......... 41% 6.35M 0s
[3.836s]   1700K .......... .......... .......... .......... .......... 42%  149M 0s
[3.859s]   1750K .......... .......... .......... .......... .......... 43% 2.11M 0s
[3.860s]   1800K .......... .......... .......... .......... .......... 45% 72.7M 0s
[3.864s]   1850K .......... .......... .......... .......... .......... 46% 10.3M 0s
[3.897s]   1900K .......... .......... .......... .......... .......... 47% 1.48M 0s
[3.898s]   1950K .......... .......... .......... .......... .......... 48%  151M 0s
[3.916s]   2000K .......... .......... .......... .......... .......... 50% 2.65M 0s
[3.922s]   2050K .......... .......... .......... .......... .......... 51% 7.69M 0s
[3.934s]   2100K .......... .......... .......... .......... .......... 52% 4.12M 0s
[3.965s]   2150K .......... .......... .......... .......... .......... 53% 1.57M 0s
[3.969s]   2200K .......... .......... .......... .......... .......... 54% 11.6M 0s
[3.978s]   2250K .......... .......... .......... .......... .......... 56% 5.50M 0s
[3.985s]   2300K .......... .......... .......... .......... .......... 57% 7.48M 0s
[3.985s]   2350K .......... .......... .......... .......... .......... 58%  144M 0s
[3.992s]   2400K .......... .......... .......... .......... .......... 59% 7.28M 0s
[3.992s]   2450K .......... .......... .......... .......... .......... 61%  176M 0s
[3.998s]   2500K .......... .......... .......... .......... .......... 62% 6.99M 0s
[3.999s]   2550K .......... .......... .......... .......... .......... 63%  237M 0s
[4.004s]   2600K .......... .......... .......... .......... .......... 64% 9.42M 0s
[4.036s]   2650K .......... .......... .......... .......... .......... 65% 10.2M 0s
[4.039s]   2700K .......... .......... .......... .......... .......... 67% 1.61M 0s
[4.044s]   2750K .......... .......... .......... .......... .......... 68% 9.71M 0s
[4.052s]   2800K .......... .......... .......... .......... .......... 69% 6.22M 0s
[4.053s]   2850K .......... .......... .......... .......... .......... 70%  134M 0s
[4.060s]   2900K .......... .......... .......... .......... .......... 72% 6.00M 0s
[4.070s]   2950K .......... .......... .......... .......... .......... 73% 5.21M 0s
[4.070s]   3000K .......... .......... .......... .......... .......... 74%  120M 0s
[4.076s]   3050K .......... .......... .......... .......... .......... 75% 8.97M 0s
[4.077s]   3100K .......... .......... .......... .......... .......... 76%  147M 0s
[4.084s]   3150K .......... .......... .......... .......... .......... 78% 8.28M 0s
[4.090s]   3200K .......... .......... .......... .......... .......... 79% 5.82M 0s
[4.098s]   3250K .......... .......... .......... .......... .......... 80% 6.43M 0s
[4.099s]   3300K .......... .......... .......... .......... .......... 81%  129M 0s
[4.104s]   3350K .......... .......... .......... .......... .......... 83% 8.19M 0s
[4.104s]   3400K .......... .......... .......... .......... .......... 84%  284M 0s
[4.112s]   3450K .......... .......... .......... .......... .......... 85% 6.20M 0s
[4.113s]   3500K .......... .......... .......... .......... .......... 86%  161M 0s
[4.117s]   3550K .......... .......... .......... .......... .......... 87% 10.6M 0s
[4.124s]   3600K .......... .......... .......... .......... .......... 89% 8.06M 0s
[4.124s]   3650K .......... .......... .......... .......... .......... 90%  133M 0s
[4.129s]   3700K .......... .......... .......... .......... .......... 91% 9.88M 0s
[4.129s]   3750K .......... .......... .......... .......... .......... 92%  179M 0s
[4.135s]   3800K .......... .......... .......... .......... .......... 93% 8.17M 0s
[4.156s]   3850K .......... .......... .......... .......... .......... 95% 2.33M 0s
[4.162s]   3900K .......... .......... .......... .......... .......... 96% 7.97M 0s
[4.163s]   3950K .......... .......... .......... .......... .......... 97%  134M 0s
[4.169s]   4000K .......... .......... .......... .......... .......... 98% 7.77M 0s
[4.169s]   4050K .......... .......... .......... .......... ......    100%  228M=0.6s
[4.170s] 
[4.170s] 2026-04-19 21:45:54 (6.38 MB/s) - ‘/home/aiden/code/robot_sim_nav/build/multirobot_map_merge/map05.pgm’ saved [4194362/4194362]
[4.170s] 
[4.172s] Checking MD5 sum of /home/aiden/code/robot_sim_nav/build/multirobot_map_merge/map05.pgm
[4.183s] /home/aiden/code/robot_sim_nav/build/multirobot_map_merge/map05.pgm: OK
[4.190s] --2026-04-19 21:45:54--  https://raw.githubusercontent.com/hrnr/m-explore-extra/master/map_merge/gmapping_maps/2011-08-09-12-22-52.pgm
[4.216s] Resolving raw.githubusercontent.com (raw.githubusercontent.com)... 185.199.108.133, 185.199.109.133, 185.199.110.133, ...
[4.241s] Connecting to raw.githubusercontent.com (raw.githubusercontent.com)|185.199.108.133|:443... connected.
[4.668s] HTTP request sent, awaiting response... 200 OK
[4.669s] Length: 16000058 (15M) [application/octet-stream]
[4.670s] Saving to: ‘/home/aiden/code/robot_sim_nav/build/multirobot_map_merge/2011-08-09-12-22-52.pgm’
[4.670s] 
[4.681s]      0K .......... .......... .......... .......... ..........  0% 3.68M 4s
[4.713s]     50K .......... .......... .......... .......... ..........  0% 1.50M 7s
[4.742s]    100K .......... .......... .......... .......... ..........  0% 1.70M 8s
[4.759s]    150K .......... .......... .......... .......... ..........  1% 2.88M 7s
[4.764s]    200K .......... .......... .......... .......... ..........  1% 9.08M 6s
[4.770s]    250K .......... .......... .......... .......... ..........  1% 8.71M 5s
[4.842s]    300K .......... .......... .......... .......... ..........  2%  703K 8s
[4.842s]    350K .......... .......... .......... .......... ..........  2% 74.1M 7s
[4.879s]    400K .......... .......... .......... .......... ..........  2% 1.32M 7s
[4.888s]    450K .......... .......... .......... .......... ..........  3% 5.33M 7s
[4.889s]    500K .......... .......... .......... .......... ..........  3%  137M 6s
[4.894s]    550K .......... .......... .......... .......... ..........  3% 8.55M 6s
[4.916s]    600K .......... .......... .......... .......... ..........  4% 2.24M 6s
[4.916s]    650K .......... .......... .......... .......... ..........  4%  125M 5s
[4.922s]    700K .......... .......... .......... .......... ..........  4% 8.01M 5s
[4.929s]    750K .......... .......... .......... .......... ..........  5% 7.41M 5s
[4.930s]    800K .......... .......... .......... .......... ..........  5%  150M 5s
[4.966s]    850K .......... .......... .......... .......... ..........  5% 1.35M 5s
[4.976s]    900K .......... .......... .......... .......... ..........  6% 4.72M 5s
[4.991s]    950K .......... .......... .......... .......... ..........  6% 3.28M 5s
[4.991s]   1000K .......... .......... .......... .......... ..........  6%  102M 4s
[4.999s]   1050K .......... .......... .......... .......... ..........  7% 5.83M 4s
[5.007s]   1100K .......... .......... .......... .......... ..........  7% 6.36M 4s
[5.007s]   1150K .......... .......... .......... .......... ..........  7%  245M 4s
[5.016s]   1200K .......... .......... .......... .......... ..........  7% 5.42M 4s
[5.042s]   1250K .......... .......... .......... .......... ..........  8% 1.94M 4s
[5.052s]   1300K .......... .......... .......... .......... ..........  8% 4.88M 4s
[5.069s]   1350K .......... .......... .......... .......... ..........  8% 5.18M 4s
[5.069s]   1400K .......... .......... .......... .......... ..........  9% 6.07M 4s
[5.077s]   1450K .......... .......... .......... .......... ..........  9% 6.03M 4s
[5.086s]   1500K .......... .......... .......... .......... ..........  9% 5.38M 4s
[5.090s]   1550K .......... .......... .......... .......... .......... 10% 13.4M 4s
[5.094s]   1600K .......... .......... .......... .......... .......... 10% 13.3M 4s
[5.111s]   1650K .......... .......... .......... .......... .......... 10% 2.77M 4s
[5.118s]   1700K .......... .......... .......... .......... .......... 11% 7.29M 4s
[5.129s]   1750K .......... .......... .......... .......... .......... 11% 8.46M 4s
[5.130s]   1800K .......... .......... .......... .......... .......... 11% 8.31M 3s
[5.136s]   1850K .......... .......... .......... .......... .......... 12% 7.78M 3s
[5.145s]   1900K .......... .......... .......... .......... .......... 12% 5.45M 3s
[5.145s]   1950K .......... .......... .......... .......... .......... 12%  116M 3s
[5.150s]   2000K .......... .......... .......... .......... .......... 13% 10.2M 3s
[5.150s]   2050K .......... .......... .......... .......... .......... 13%  128M 3s
[5.162s]   2100K .......... .......... .......... .......... .......... 13% 4.31M 3s
[5.169s]   2150K .......... .......... .......... .......... .......... 14% 6.65M 3s
[5.201s]   2200K .......... .......... .......... .......... .......... 14% 1.56M 3s
[5.201s]   2250K .......... .......... .......... .......... .......... 14%  112M 3s
[5.219s]   2300K .......... .......... .......... .......... .......... 15% 2.67M 3s
[5.220s]   2350K .......... .......... .......... .......... .......... 15%  177M 3s
[5.226s]   2400K .......... .......... .......... .......... .......... 15% 7.14M 3s
[5.227s]   2450K .......... .......... .......... .......... .......... 15%  119M 3s
[5.232s]   2500K .......... .......... .......... .......... .......... 16% 9.53M 3s
[5.232s]   2550K .......... .......... .......... .......... .......... 16%  136M 3s
[5.253s]   2600K .......... .......... .......... .......... .......... 16% 2.30M 3s
[5.259s]   2650K .......... .......... .......... .......... .......... 17% 9.33M 3s
[5.264s]   2700K .......... .......... .......... .......... .......... 17% 8.06M 3s
[5.271s]   2750K .......... .......... .......... .......... .......... 17% 6.66M 3s
[5.275s]   2800K .......... .......... .......... .......... .......... 18% 14.0M 3s
[5.280s]   2850K .......... .......... .......... .......... .......... 18% 10.4M 3s
[5.287s]   2900K .......... .......... .......... .......... .......... 18% 7.47M 3s
[5.287s]   2950K .......... .......... .......... .......... .......... 19%  154M 3s
[5.298s]   3000K .......... .......... .......... .......... .......... 19% 4.43M 3s
[5.298s]   3050K .......... .......... .......... .......... .......... 19%  147M 3s
[5.332s]   3100K .......... .......... .......... .......... .......... 20% 1.44M 3s
[5.336s]   3150K .......... .......... .......... .......... .......... 20% 13.2M 3s
[5.345s]   3200K .......... .......... .......... .......... .......... 20% 5.45M 3s
[5.366s]   3250K .......... .......... .......... .......... .......... 21% 2.31M 3s
[5.374s]   3300K .......... .......... .......... .......... .......... 21% 5.87M 3s
[5.381s]   3350K .......... .......... .......... .......... .......... 21% 7.05M 3s
[5.410s]   3400K .......... .......... .......... .......... .......... 22% 1.67M 3s
[5.415s]   3450K .......... .......... .......... .......... .......... 22% 9.41M 3s
[5.424s]   3500K .......... .......... .......... .......... .......... 22% 5.91M 3s
[5.431s]   3550K .......... .......... .......... .......... .......... 23% 7.57M 3s
[5.431s]   3600K .......... .......... .......... .......... .......... 23%  113M 3s
[5.432s]   3650K .......... .......... .......... .......... .......... 23% 29.5M 2s
[5.446s]   3700K .......... .......... .......... .......... .......... 23% 3.71M 2s
[5.447s]   3750K .......... .......... .......... .......... .......... 24%  116M 2s
[5.447s]   3800K .......... .......... .......... .......... .......... 24%  106M 2s
[5.451s]   3850K .......... .......... .......... .......... .......... 24% 11.3M 2s
[5.466s]   3900K .......... .......... .......... .......... .......... 25% 3.27M 2s
[5.466s]   3950K .......... .......... .......... .......... .......... 25%  150M 2s
[5.480s]   4000K .......... .......... .......... .......... .......... 25% 3.62M 2s
[5.480s]   4050K .......... .......... .......... .......... .......... 26%  142M 2s
[5.501s]   4100K .......... .......... .......... .......... .......... 26% 2.35M 2s
[5.506s]   4150K .......... .......... .......... .......... .......... 26% 9.46M 2s
[5.508s]   4200K .......... .......... .......... .......... .......... 27% 21.2M 2s
[5.521s]   4250K .......... .......... .......... .......... .......... 27% 3.96M 2s
[5.524s]   4300K .......... .......... .......... .......... .......... 27% 12.0M 2s
[5.527s]   4350K .......... .......... .......... .......... .......... 28% 21.0M 2s
[5.529s]   4400K .......... .......... .......... .......... .......... 28% 21.6M 2s
[5.543s]   4450K .......... .......... .......... .......... .......... 28% 3.62M 2s
[5.553s]   4500K .......... .......... .......... .......... .......... 29% 5.08M 2s
[5.553s]   4550K .......... .......... .......... .......... .......... 29%  106M 2s
[5.562s]   4600K .......... .......... .......... .......... .......... 29% 5.31M 2s
[5.563s]   4650K .......... .......... .......... .......... .......... 30%  127M 2s
[5.573s]   4700K .......... .......... .......... .......... .......... 30% 4.67M 2s
[5.574s]   4750K .......... .......... .......... .......... .......... 30%  140M 2s
[5.579s]   4800K .......... .......... .......... .......... .......... 31% 8.72M 2s
[5.583s]   4850K .......... .......... .......... .......... .......... 31% 11.0M 2s
[5.621s]   4900K .......... .......... .......... .......... .......... 31% 1.31M 2s
[5.627s]   4950K .......... .......... .......... .......... .......... 31% 7.94M 2s
[5.634s]   5000K .......... .......... .......... .......... .......... 32% 6.47M 2s
[5.641s]   5050K .......... .......... .......... .......... .......... 32% 7.10M 2s
[5.647s]   5100K .......... .......... .......... .......... .......... 32% 8.64M 2s
[5.653s]   5150K .......... .......... .......... .......... .......... 33% 7.83M 2s
[5.653s]   5200K .......... .......... .......... .......... .......... 33%  177M 2s
[5.660s]   5250K .......... .......... .......... .......... .......... 33% 6.83M 2s
[5.668s]   5300K .......... .......... .......... .......... .......... 34% 6.62M 2s
[5.668s]   5350K .......... .......... .......... .......... .......... 34%  174M 2s
[5.676s]   5400K .......... .......... .......... .......... .......... 34% 6.55M 2s
[5.744s]   5450K .......... .......... .......... .......... .......... 35%  731K 2s
[5.752s]   5500K .......... .......... .......... .......... .......... 35% 6.29M 2s
[5.758s]   5550K .......... .......... .......... .......... .......... 35% 7.47M 2s
[5.764s]   5600K .......... .......... .......... .......... .......... 36% 8.44M 2s
[5.769s]   5650K .......... .......... .......... .......... .......... 36% 9.83M 2s
[5.776s]   5700K .......... .......... .......... .......... .......... 36% 7.38M 2s
[5.787s]   5750K .......... .......... .......... .......... .......... 37% 4.43M 2s
[5.793s]   5800K .......... .......... .......... .......... .......... 37% 7.25M 2s
[5.800s]   5850K .......... .......... .......... .......... .......... 37% 7.21M 2s
[5.801s]   5900K .......... .......... .......... .......... .......... 38%  151M 2s
[5.806s]   5950K .......... .......... .......... .......... .......... 38% 8.19M 2s
[5.812s]   6000K .......... .......... .......... .......... .......... 38% 8.97M 2s
[5.812s]   6050K .......... .......... .......... .......... .......... 39%  146M 2s
[5.819s]   6100K .......... .......... .......... .......... .......... 39% 7.08M 2s
[5.819s]   6150K .......... .......... .......... .......... .......... 39% 70.8M 2s
[5.831s]   6200K .......... .......... .......... .......... .......... 39% 4.44M 2s
[5.831s]   6250K .......... .......... .......... .......... .......... 40%  106M 2s
[5.836s]   6300K .......... .......... .......... .......... .......... 40% 9.23M 2s
[5.836s]   6350K .......... .......... .......... .......... .......... 40%  130M 2s
[5.842s]   6400K .......... .......... .......... .......... .......... 41% 9.10M 2s
[5.842s]   6450K .......... .......... .......... .......... .......... 41%  127M 2s
[5.860s]   6500K .......... .......... .......... .......... .......... 41% 2.77M 2s
[5.864s]   6550K .......... .......... .......... .......... .......... 42% 12.4M 2s
[5.871s]   6600K .......... .......... .......... .......... .......... 42% 7.01M 2s
[5.878s]   6650K .......... .......... .......... .......... .......... 42% 7.33M 2s
[5.885s]   6700K .......... .......... .......... .......... .......... 43% 6.97M 2s
[5.885s]   6750K .......... .......... .......... .......... .......... 43%  145M 2s
[5.892s]   6800K .......... .......... .......... .......... .......... 43% 7.11M 2s
[5.892s]   6850K .......... .......... .......... .......... .......... 44%  145M 2s
[5.899s]   6900K .......... .......... .......... .......... .......... 44% 7.52M 2s
[5.906s]   6950K .......... .......... .......... .......... .......... 44% 6.48M 2s
[5.906s]   7000K .......... .......... .......... .......... .......... 45%  198M 2s
[5.912s]   7050K .......... .......... .......... .......... .......... 45% 9.06M 1s
[5.912s]   7100K .......... .......... .......... .......... .......... 45%  209M 1s
[5.917s]   7150K .......... .......... .......... .......... .......... 46% 9.84M 1s
[5.932s]   7200K .......... .......... .......... .......... .......... 46% 3.37M 1s
[5.936s]   7250K .......... .......... .......... .......... .......... 46% 11.0M 1s
[5.940s]   7300K .......... .......... .......... .......... .......... 47% 13.8M 1s
[5.944s]   7350K .......... .......... .......... .......... .......... 47% 10.9M 1s
[5.948s]   7400K .......... .......... .......... .......... .......... 47% 12.7M 1s
[5.948s]   7450K .......... .......... .......... .......... .......... 47%  118M 1s
[5.952s]   7500K .......... .......... .......... .......... .......... 48% 12.0M 1s
[5.957s]   7550K .......... .......... .......... .......... .......... 48% 10.6M 1s
[5.962s]   7600K .......... .......... .......... .......... .......... 48% 9.81M 1s
[5.965s]   7650K .......... .......... .......... .......... .......... 49% 16.0M 1s
[5.980s]   7700K .......... .......... .......... .......... .......... 49% 3.19M 1s
[5.986s]   7750K .......... .......... .......... .......... .......... 49% 9.39M 1s
[5.990s]   7800K .......... .......... .......... .......... .......... 50% 11.6M 1s
[5.995s]   7850K .......... .......... .......... .......... .......... 50% 9.53M 1s
[5.995s]   7900K .......... .......... .......... .......... .......... 50%  142M 1s
[6.003s]   7950K .......... .......... .......... .......... .......... 51% 6.45M 1s
[6.008s]   8000K .......... .......... .......... .......... .......... 51% 9.78M 1s
[6.014s]   8050K .......... .......... .......... .......... .......... 51% 8.78M 1s
[6.014s]   8100K .......... .......... .......... .......... .......... 52%  142M 1s
[6.015s]   8150K .......... .......... .......... .......... .......... 52%  191M 1s
[6.019s]   8200K .......... .......... .......... .......... .......... 52% 9.38M 1s
[6.019s]   8250K .......... .......... .......... .......... .......... 53%  155M 1s
[6.027s]   8300K .......... .......... .......... .......... .......... 53% 6.77M 1s
[6.040s]   8350K .......... .......... .......... .......... .......... 53% 3.55M 1s
[6.047s]   8400K .......... .......... .......... .......... .......... 54% 8.11M 1s
[6.047s]   8450K .......... .......... .......... .......... .......... 54%  118M 1s
[6.052s]   8500K .......... .......... .......... .......... .......... 54% 10.2M 1s
[6.058s]   8550K .......... .......... .......... .......... .......... 55% 7.80M 1s
[6.063s]   8600K .......... .......... .......... .......... .......... 55% 9.07M 1s
[6.064s]   8650K .......... .......... .......... .......... .......... 55%  168M 1s
[6.064s]   8700K .......... .......... .......... .......... .......... 55%  169M 1s
[6.070s]   8750K .......... .......... .......... .......... .......... 56% 8.00M 1s
[6.070s]   8800K .......... .......... .......... .......... .......... 56%  158M 1s
[6.076s]   8850K .......... .......... .......... .......... .......... 56% 8.87M 1s
[6.096s]   8900K .......... .......... .......... .......... .......... 57% 2.43M 1s
[6.102s]   8950K .......... .......... .......... .......... .......... 57% 7.94M 1s
[6.109s]   9000K .......... .......... .......... .......... .......... 57% 6.77M 1s
[6.109s]   9050K .......... .......... .......... .......... .......... 58%  268M 1s
[6.121s]   9100K .......... .......... .......... .......... .......... 58% 4.22M 1s
[6.129s]   9150K .......... .......... .......... .......... .......... 58% 6.68M 1s
[6.129s]   9200K .......... .......... .......... .......... .......... 59%  161M 1s
[6.133s]   9250K .......... .......... .......... .......... .......... 59% 11.8M 1s
[6.141s]   9300K .......... .......... .......... .......... .......... 59% 6.64M 1s
[6.141s]   9350K .......... .......... .......... .......... .......... 60%  120M 1s
[6.147s]   9400K .......... .......... .......... .......... .......... 60% 8.33M 1s
[6.147s]   9450K .......... .......... .......... .......... .......... 60%  173M 1s
[6.154s]   9500K .......... .......... .......... .......... .......... 61% 6.85M 1s
[6.159s]   9550K .......... .......... .......... .......... .......... 61% 9.73M 1s
[6.159s]   9600K .......... .......... .......... .......... .......... 61%  176M 1s
[6.181s]   9650K .......... .......... .......... .......... .......... 62% 2.22M 1s
[6.186s]   9700K .......... .......... .......... .......... .......... 62% 10.7M 1s
[6.194s]   9750K .......... .......... .......... .......... .......... 62% 6.24M 1s
[6.194s]   9800K .......... .......... .......... .......... .......... 63%  135M 1s
[6.201s]   9850K .......... .......... .......... .......... .......... 63% 6.96M 1s
[6.210s]   9900K .......... .......... .......... .......... .......... 63% 5.42M 1s
[6.210s]   9950K .......... .......... .......... .......... .......... 63%  213M 1s
[6.217s]  10000K .......... .......... .......... .......... .......... 64% 6.95M 1s
[6.218s]  10050K .......... .......... .......... .......... .......... 64% 74.9M 1s
[6.222s]  10100K .......... .......... .......... .......... .......... 64% 12.0M 1s
[6.223s]  10150K .......... .......... .......... .......... .......... 65%  159M 1s
[6.228s]  10200K .......... .......... .......... .......... .......... 65% 8.30M 1s
[6.231s]  10250K .......... .......... .......... .......... .......... 65% 18.7M 1s
[6.256s]  10300K .......... .......... .......... .......... .......... 66% 1.94M 1s
[6.257s]  10350K .......... .......... .......... .......... .......... 66%  108M 1s
[6.262s]  10400K .......... .......... .......... .......... .......... 66% 8.45M 1s
[6.263s]  10450K .......... .......... .......... .......... .......... 67%  122M 1s
[6.269s]  10500K .......... .......... .......... .......... .......... 67% 7.32M 1s
[6.270s]  10550K .......... .......... .......... .......... .......... 67% 71.0M 1s
[6.275s]  10600K .......... .......... .......... .......... .......... 68% 10.3M 1s
[6.281s]  10650K .......... .......... .......... .......... .......... 68% 7.69M 1s
[6.281s]  10700K .......... .......... .......... .......... .......... 68%  132M 1s
[6.287s]  10750K .......... .......... .......... .......... .......... 69% 9.47M 1s
[6.287s]  10800K .......... .......... .......... .......... .......... 69%  132M 1s
[6.293s]  10850K .......... .......... .......... .......... .......... 69% 7.89M 1s
[6.293s]  10900K .......... .......... .......... .......... .......... 70%  141M 1s
[6.309s]  10950K .......... .......... .......... .......... .......... 70% 3.04M 1s
[6.313s]  11000K .......... .......... .......... .......... .......... 70% 12.2M 1s
[6.317s]  11050K .......... .......... .......... .......... .......... 71% 14.3M 1s
[6.322s]  11100K .......... .......... .......... .......... .......... 71% 9.05M 1s
[6.328s]  11150K .......... .......... .......... .......... .......... 71% 8.65M 1s
[6.328s]  11200K .......... .......... .......... .......... .......... 71%  132M 1s
[6.334s]  11250K .......... .......... .......... .......... .......... 72% 7.97M 1s
[6.334s]  11300K .......... .......... .......... .......... .......... 72%  122M 1s
[6.339s]  11350K .......... .......... .......... .......... .......... 72% 10.5M 1s
[6.345s]  11400K .......... .......... .......... .......... .......... 73% 8.60M 1s
[6.345s]  11450K .......... .......... .......... .......... .......... 73%  140M 1s
[6.352s]  11500K .......... .......... .......... .......... .......... 73% 7.74M 1s
[6.358s]  11550K .......... .......... .......... .......... .......... 74% 7.84M 1s
[6.358s]  11600K .......... .......... .......... .......... .......... 74%  111M 1s
[6.359s]  11650K .......... .......... .......... .......... .......... 74% 89.8M 1s
[6.385s]  11700K .......... .......... .......... .......... .......... 75% 1.86M 1s
[6.391s]  11750K .......... .......... .......... .......... .......... 75% 8.50M 1s
[6.391s]  11800K .......... .......... .......... .......... .......... 75% 82.5M 1s
[6.399s]  11850K .......... .......... .......... .......... .......... 76% 6.77M 1s
[6.399s]  11900K .......... .......... .......... .......... .......... 76% 73.1M 1s
[6.408s]  11950K .......... .......... .......... .......... .......... 76% 5.41M 1s
[6.417s]  12000K .......... .......... .......... .......... .......... 77%  153M 1s
[6.418s]  12050K .......... .......... .......... .......... .......... 77% 5.42M 1s
[6.418s]  12100K .......... .......... .......... .......... .......... 77%  192M 1s
[6.423s]  12150K .......... .......... .......... .......... .......... 78% 9.13M 0s
[6.431s]  12200K .......... .......... .......... .......... .......... 78% 6.05M 0s
[6.432s]  12250K .......... .......... .......... .......... .......... 78%  110M 0s
[6.456s]  12300K .......... .......... .......... .......... .......... 79% 3.28M 0s
[6.456s]  12350K .......... .......... .......... .......... .......... 79% 5.46M 0s
[6.465s]  12400K .......... .......... .......... .......... .......... 79% 5.39M 0s
[6.467s]  12450K .......... .......... .......... .......... .......... 79% 23.5M 0s
[6.474s]  12500K .......... .......... .......... .......... .......... 80% 7.63M 0s
[6.474s]  12550K .......... .......... .......... .......... .......... 80%  126M 0s
[6.479s]  12600K .......... .......... .......... .......... .......... 80% 9.54M 0s
[6.485s]  12650K .......... .......... .......... .......... .......... 81% 7.76M 0s
[6.486s]  12700K .......... .......... .......... .......... .......... 81%  120M 0s
[6.492s]  12750K .......... .......... .......... .......... .......... 81% 8.29M 0s
[6.492s]  12800K .......... .......... .......... .......... .......... 82%  118M 0s
[6.497s]  12850K .......... .......... .......... .......... .......... 82% 8.76M 0s
[6.497s]  12900K .......... .......... .......... .......... .......... 82%  146M 0s
[6.511s]  12950K .......... .......... .......... .......... .......... 83% 3.53M 0s
[6.516s]  13000K .......... .......... .......... .......... .......... 83% 10.4M 0s
[6.522s]  13050K .......... .......... .......... .......... .......... 83% 8.45M 0s
[6.522s]  13100K .......... .......... .......... .......... .......... 84%  136M 0s
[6.529s]  13150K .......... .......... .......... .......... .......... 84% 7.20M 0s
[6.529s]  13200K .......... .......... .......... .......... .......... 84%  128M 0s
[6.534s]  13250K .......... .......... .......... .......... .......... 85% 9.96M 0s
[6.534s]  13300K .......... .......... .......... .......... .......... 85%  127M 0s
[6.540s]  13350K .......... .......... .......... .......... .......... 85% 9.61M 0s
[6.545s]  13400K .......... .......... .......... .......... .......... 86% 9.01M 0s
[6.546s]  13450K .......... .......... .......... .......... .......... 86%  106M 0s
[6.551s]  13500K .......... .......... .......... .......... .......... 86% 8.80M 0s
[6.551s]  13550K .......... .......... .......... .......... .......... 87%  126M 0s
[6.562s]  13600K .......... .......... .......... .......... .......... 87% 4.55M 0s
[6.584s]  13650K .......... .......... .......... .......... .......... 87% 2.25M 0s
[6.588s]  13700K .......... .......... .......... .......... .......... 87% 14.5M 0s
[6.593s]  13750K .......... .......... .......... .......... .......... 88% 8.76M 0s
[6.600s]  13800K .......... .......... .......... .......... .......... 88% 7.57M 0s
[6.600s]  13850K .......... .......... .......... .......... .......... 88%  158M 0s
[6.606s]  13900K .......... .......... .......... .......... .......... 89% 7.88M 0s
[6.619s]  13950K .......... .......... .......... .......... .......... 89% 3.86M 0s
[6.619s]  14000K .......... .......... .......... .......... .......... 89%  150M 0s
[6.620s]  14050K .......... .......... .......... .......... .......... 90%  196M 0s
[6.620s]  14100K .......... .......... .......... .......... .......... 90%  212M 0s
[6.629s]  14150K .......... .......... .......... .......... .......... 90% 5.28M 0s
[6.634s]  14200K .......... .......... .......... .......... .......... 91% 10.7M 0s
[6.634s]  14250K .......... .......... .......... .......... .......... 91%  119M 0s
[6.646s]  14300K .......... .......... .......... .......... .......... 91% 3.96M 0s
[6.646s]  14350K .......... .......... .......... .......... .......... 92%  133M 0s
[6.669s]  14400K .......... .......... .......... .......... .......... 92% 2.19M 0s
[6.675s]  14450K .......... .......... .......... .......... .......... 92% 8.27M 0s
[6.680s]  14500K .......... .......... .......... .......... .......... 93% 8.99M 0s
[6.686s]  14550K .......... .......... .......... .......... .......... 93% 9.27M 0s
[6.692s]  14600K .......... .......... .......... .......... .......... 93% 7.54M 0s
[6.692s]  14650K .......... .......... .......... .......... .......... 94%  137M 0s
[6.698s]  14700K .......... .......... .......... .......... .......... 94% 8.31M 0s
[6.699s]  14750K .......... .......... .......... .......... .......... 94%  137M 0s
[6.706s]  14800K .......... .......... .......... .......... .......... 95% 6.96M 0s
[6.706s]  14850K .......... .......... .......... .......... .......... 95%  186M 0s
[6.711s]  14900K .......... .......... .......... .......... .......... 95% 8.59M 0s
[6.720s]  14950K .......... .......... .......... .......... .......... 95%  255M 0s
[6.720s]  15000K .......... .......... .......... .......... .......... 96% 6.04M 0s
[6.725s]  15050K .......... .......... .......... .......... .......... 96% 9.49M 0s
[6.725s]  15100K .......... .......... .......... .......... .......... 96%  139M 0s
[6.733s]  15150K .......... .......... .......... .......... .......... 97% 6.82M 0s
[6.733s]  15200K .......... .......... .......... .......... .......... 97%  146M 0s
[6.740s]  15250K .......... .......... .......... .......... .......... 97% 6.57M 0s
[6.741s]  15300K .......... .......... .......... .......... .......... 98%  117M 0s
[6.746s]  15350K .......... .......... .......... .......... .......... 98% 10.0M 0s
[6.750s]  15400K .......... .......... .......... .......... .......... 98% 11.2M 0s
[6.757s]  15450K .......... .......... .......... .......... .......... 99% 7.21M 0s
[6.766s]  15500K .......... .......... .......... .......... .......... 99% 5.47M 0s
[6.766s]  15550K .......... .......... .......... .......... .......... 99%  165M 0s
[6.767s]  15600K .......... .......... .....                           100% 32.6M=2.1s
[6.767s] 
[6.767s] 2026-04-19 21:45:56 (7.27 MB/s) - ‘/home/aiden/code/robot_sim_nav/build/multirobot_map_merge/2011-08-09-12-22-52.pgm’ saved [16000058/16000058]
[6.767s] 
[6.769s] Checking MD5 sum of /home/aiden/code/robot_sim_nav/build/multirobot_map_merge/2011-08-09-12-22-52.pgm
[6.805s] /home/aiden/code/robot_sim_nav/build/multirobot_map_merge/2011-08-09-12-22-52.pgm: OK
[6.811s] --2026-04-19 21:45:56--  https://raw.githubusercontent.com/hrnr/m-explore-extra/master/map_merge/gmapping_maps/2012-01-28-11-12-01.pgm
[6.840s] Resolving raw.githubusercontent.com (raw.githubusercontent.com)... 185.199.111.133, 185.199.109.133, 185.199.108.133, ...
[6.905s] Connecting to raw.githubusercontent.com (raw.githubusercontent.com)|185.199.111.133|:443... connected.
[7.646s] HTTP request sent, awaiting response... 200 OK
[7.646s] Length: 16000058 (15M) [application/octet-stream]
[7.646s] Saving to: ‘/home/aiden/code/robot_sim_nav/build/multirobot_map_merge/2012-01-28-11-12-01.pgm’
[7.648s] 
[7.674s]      0K .......... .......... .......... .......... ..........  0% 1.74M 9s
[7.682s]     50K .......... .......... .......... .......... ..........  0% 6.01M 6s
[7.696s]    100K .......... .......... .......... .......... ..........  0% 3.43M 5s
[7.711s]    150K .......... .......... .......... .......... ..........  1% 3.20M 5s
[7.716s]    200K .......... .......... .......... .......... ..........  1% 10.3M 4s
[7.739s]    250K .......... .......... .......... .......... ..........  1% 2.15M 5s
[7.745s]    300K .......... .......... .......... .......... ..........  2% 8.49M 4s
[7.760s]    350K .......... .......... .......... .......... ..........  2% 4.25M 4s
[7.770s]    400K .......... .......... .......... .......... ..........  2% 3.53M 4s
[7.794s]    450K .......... .......... .......... .......... ..........  3% 2.03M 4s
[7.799s]    500K .......... .......... .......... .......... ..........  3% 9.89M 4s
[7.803s]    550K .......... .......... .......... .......... ..........  3% 12.8M 4s
[7.828s]    600K .......... .......... .......... .......... ..........  4% 1.95M 4s
[7.845s]    650K .......... .......... .......... .......... ..........  4% 2.99M 4s
[7.847s]    700K .......... .......... .......... .......... ..........  4% 14.2M 4s
[7.868s]    750K .......... .......... .......... .......... ..........  5% 3.29M 4s
[7.869s]    800K .......... .......... .......... .......... ..........  5% 7.96M 4s
[7.878s]    850K .......... .......... .......... .......... ..........  5% 5.13M 4s
[7.884s]    900K .......... .......... .......... .......... ..........  6% 8.23M 4s
[7.889s]    950K .......... .......... .......... .......... ..........  6% 9.70M 4s
[7.907s]   1000K .......... .......... .......... .......... ..........  6% 2.62M 4s
[7.912s]   1050K .......... .......... .......... .......... ..........  7% 11.0M 4s
[7.922s]   1100K .......... .......... .......... .......... ..........  7% 4.61M 3s
[7.935s]   1150K .......... .......... .......... .......... ..........  7% 3.79M 3s
[7.958s]   1200K .......... .......... .......... .......... ..........  7% 2.19M 4s
[7.962s]   1250K .......... .......... .......... .......... ..........  8% 11.8M 3s
[7.978s]   1300K .......... .......... .......... .......... ..........  8% 3.06M 4s
[8.024s]   1350K .......... .......... .......... .......... ..........  8% 1.05M 4s
[8.043s]   1400K .......... .......... .......... .......... ..........  9% 2.60M 4s
[8.044s]   1450K .......... .......... .......... .......... ..........  9%  112M 4s
[8.053s]   1500K .......... .......... .......... .......... ..........  9% 5.19M 4s
[8.063s]   1550K .......... .......... .......... .......... .......... 10% 4.87M 4s
[8.078s]   1600K .......... .......... .......... .......... .......... 10% 3.19M 4s
[8.238s]   1650K .......... .......... .......... .......... .......... 10%  314K 5s
[8.258s]   1700K .......... .......... .......... .......... .......... 11% 2.46M 5s
[8.271s]   1750K .......... .......... .......... .......... .......... 11% 3.82M 5s
[8.283s]   1800K .......... .......... .......... .......... .......... 11% 3.93M 5s
[8.297s]   1850K .......... .......... .......... .......... .......... 12% 3.54M 5s
[8.308s]   1900K .......... .......... .......... .......... .......... 12% 4.29M 5s
[8.316s]   1950K .......... .......... .......... .......... .......... 12% 5.97M 5s
[8.323s]   2000K .......... .......... .......... .......... .......... 13% 7.69M 4s
[8.329s]   2050K .......... .......... .......... .......... .......... 13% 7.14M 4s
[8.335s]   2100K .......... .......... .......... .......... .......... 13% 8.14M 4s
[8.406s]   2150K .......... .......... .......... .......... .......... 14%  712K 5s
[8.419s]   2200K .......... .......... .......... .......... .......... 14% 3.72M 5s
[8.430s]   2250K .......... .......... .......... .......... .......... 14% 4.42M 5s
[8.443s]   2300K .......... .......... .......... .......... .......... 15% 3.50M 5s
[8.457s]   2350K .......... .......... .......... .......... .......... 15% 3.63M 4s
[8.457s]   2400K .......... .......... .......... .......... .......... 15%  156M 4s
[8.466s]   2450K .......... .......... .......... .......... .......... 15% 5.81M 4s
[8.471s]   2500K .......... .......... .......... .......... .......... 16% 10.5M 4s
[8.471s]   2550K .......... .......... .......... .......... .......... 16%  163M 4s
[8.479s]   2600K .......... .......... .......... .......... .......... 16% 6.08M 4s
[8.479s]   2650K .......... .......... .......... .......... .......... 17%  166M 4s
[8.483s]   2700K .......... .......... .......... .......... .......... 17% 10.8M 4s
[8.502s]   2750K .......... .......... .......... .......... .......... 17% 2.70M 4s
[8.511s]   2800K .......... .......... .......... .......... .......... 18% 5.40M 4s
[8.515s]   2850K .......... .......... .......... .......... .......... 18% 10.8M 4s
[8.521s]   2900K .......... .......... .......... .......... .......... 18% 9.23M 4s
[8.527s]   2950K .......... .......... .......... .......... .......... 19% 7.70M 4s
[8.528s]   3000K .......... .......... .......... .......... .......... 19%  120M 4s
[8.530s]   3050K .......... .......... .......... .......... .......... 19% 18.6M 4s
[8.552s]   3100K .......... .......... .......... .......... .......... 20% 2.29M 4s
[8.557s]   3150K .......... .......... .......... .......... .......... 20% 9.47M 4s
[8.562s]   3200K .......... .......... .......... .......... .......... 20% 8.77M 3s
[8.562s]   3250K .......... .......... .......... .......... .......... 21%  112M 3s
[8.573s]   3300K .......... .......... .......... .......... .......... 21% 4.76M 3s
[8.579s]   3350K .......... .......... .......... .......... .......... 21% 8.75M 3s
[8.579s]   3400K .......... .......... .......... .......... .......... 22%  136M 3s
[8.591s]   3450K .......... .......... .......... .......... .......... 22% 3.96M 3s
[8.596s]   3500K .......... .......... .......... .......... .......... 22% 10.3M 3s
[8.599s]   3550K .......... .......... .......... .......... .......... 23% 14.1M 3s
[8.603s]   3600K .......... .......... .......... .......... .......... 23% 14.2M 3s
[8.606s]   3650K .......... .......... .......... .......... .......... 23% 14.0M 3s
[8.610s]   3700K .......... .......... .......... .......... .......... 23% 11.5M 3s
[8.615s]   3750K .......... .......... .......... .......... .......... 24% 12.5M 3s
[8.615s]   3800K .......... .......... .......... .......... .......... 24%  137M 3s
[8.633s]   3850K .......... .......... .......... .......... .......... 24% 2.70M 3s
[8.636s]   3900K .......... .......... .......... .......... .......... 25% 14.9M 3s
[8.640s]   3950K .......... .......... .......... .......... .......... 25% 11.4M 3s
[8.643s]   4000K .......... .......... .......... .......... .......... 25% 23.9M 3s
[8.663s]   4050K .......... .......... .......... .......... .......... 26% 2.41M 3s
[8.681s]   4100K .......... .......... .......... .......... .......... 26% 2.61M 3s
[8.683s]   4150K .......... .......... .......... .......... .......... 26% 37.5M 3s
[8.691s]   4200K .......... .......... .......... .......... .......... 27% 5.47M 3s
[8.770s]   4250K .......... .......... .......... .......... .......... 27%  638K 3s
[8.799s]   4300K .......... .......... .......... .......... .......... 27% 1.71M 3s
[8.799s]   4350K .......... .......... .......... .......... .......... 28%  116M 3s
[8.820s]   4400K .......... .......... .......... .......... .......... 28% 2.32M 3s
[8.826s]   4450K .......... .......... .......... .......... .......... 28% 8.10M 3s
[8.827s]   4500K .......... .......... .......... .......... .......... 29%  153M 3s
[8.832s]   4550K .......... .......... .......... .......... .......... 29% 8.98M 3s
[8.832s]   4600K .......... .......... .......... .......... .......... 29%  139M 3s
[8.838s]   4650K .......... .......... .......... .......... .......... 30% 8.64M 3s
[8.846s]   4700K .......... .......... .......... .......... .......... 30% 6.20M 3s
[8.846s]   4750K .......... .......... .......... .......... .......... 30%  124M 3s
[8.848s]   4800K .......... .......... .......... .......... .......... 31% 27.1M 3s
[8.856s]   4850K .......... .......... .......... .......... .......... 31% 6.19M 3s
[8.872s]   4900K .......... .......... .......... .......... .......... 31% 3.93M 3s
[8.881s]   4950K .......... .......... .......... .......... .......... 31% 3.72M 3s
[8.884s]   5000K .......... .......... .......... .......... .......... 32% 16.7M 3s
[8.889s]   5050K .......... .......... .......... .......... .......... 32% 10.6M 3s
[8.894s]   5100K .......... .......... .......... .......... .......... 32% 8.46M 3s
[8.901s]   5150K .......... .......... .......... .......... .......... 33% 7.86M 3s
[8.907s]   5200K .......... .......... .......... .......... .......... 33% 8.69M 2s
[8.907s]   5250K .......... .......... .......... .......... .......... 33%  143M 2s
[8.913s]   5300K .......... .......... .......... .......... .......... 34% 7.64M 2s
[8.914s]   5350K .......... .......... .......... .......... .......... 34%  123M 2s
[8.925s]   5400K .......... .......... .......... .......... .......... 34% 4.37M 2s
[8.929s]   5450K .......... .......... .......... .......... .......... 35% 13.5M 2s
[8.931s]   5500K .......... .......... .......... .......... .......... 35% 18.6M 2s
[8.935s]   5550K .......... .......... .......... .......... .......... 35% 11.9M 2s
[8.940s]   5600K .......... .......... .......... .......... .......... 36% 8.43M 2s
[8.941s]   5650K .......... .......... .......... .......... .......... 36%  153M 2s
[8.946s]   5700K .......... .......... .......... .......... .......... 36% 10.0M 2s
[8.951s]   5750K .......... .......... .......... .......... .......... 37% 9.21M 2s
[8.951s]   5800K .......... .......... .......... .......... .......... 37%  157M 2s
[8.962s]   5850K .......... .......... .......... .......... .......... 37% 4.65M 2s
[8.969s]   5900K .......... .......... .......... .......... .......... 38% 6.92M 2s
[9.084s]   5950K .......... .......... .......... .......... .......... 38%  439K 2s
[9.084s]   6000K .......... .......... .......... .......... .......... 38% 67.8M 2s
[9.101s]   6050K .......... .......... .......... .......... .......... 39% 2.90M 2s
[9.102s]   6100K .......... .......... .......... .......... .......... 39%  138M 2s
[9.114s]   6150K .......... .......... .......... .......... .......... 39% 3.79M 2s
[9.114s]   6200K .......... .......... .......... .......... .......... 39%  134M 2s
[9.119s]   6250K .......... .......... .......... .......... .......... 40% 10.8M 2s
[9.129s]   6300K .......... .......... .......... .......... .......... 40% 5.00M 2s
[9.129s]   6350K .......... .......... .......... .......... .......... 40%  122M 2s
[9.132s]   6400K .......... .......... .......... .......... .......... 41% 17.3M 2s
[9.138s]   6450K .......... .......... .......... .......... .......... 41% 7.74M 2s
[9.151s]   6500K .......... .......... .......... .......... .......... 41% 3.77M 2s
[9.184s]   6550K .......... .......... .......... .......... .......... 42% 1.49M 2s
[9.184s]   6600K .......... .......... .......... .......... .......... 42%  100M 2s
[9.189s]   6650K .......... .......... .......... .......... .......... 42% 10.7M 2s
[9.194s]   6700K .......... .......... .......... .......... .......... 43% 10.8M 2s
[9.200s]   6750K .......... .......... .......... .......... .......... 43% 7.89M 2s
[9.206s]   6800K .......... .......... .......... .......... .......... 43% 7.02M 2s
[9.215s]   6850K .......... .......... .......... .......... .......... 44% 5.99M 2s
[9.227s]   6900K .......... .......... .......... .......... .......... 44% 3.97M 2s
[9.227s]   6950K .......... .......... .......... .......... .......... 44% 95.3M 2s
[9.235s]   7000K .......... .......... .......... .......... .......... 45% 6.63M 2s
[9.243s]   7050K .......... .......... .......... .......... .......... 45% 6.57M 2s
[9.243s]   7100K .......... .......... .......... .......... .......... 45%  110M 2s
[9.254s]   7150K .......... .......... .......... .......... .......... 46% 4.27M 2s
[9.255s]   7200K .......... .......... .......... .......... .......... 46%  135M 2s
[9.260s]   7250K .......... .......... .......... .......... .......... 46% 9.89M 2s
[9.260s]   7300K .......... .......... .......... .......... .......... 47% 94.7M 2s
[9.270s]   7350K .......... .......... .......... .......... .......... 47% 5.01M 2s
[9.298s]   7400K .......... .......... .......... .......... .......... 47% 1.75M 2s
[9.303s]   7450K .......... .......... .......... .......... .......... 47% 9.20M 2s
[9.303s]   7500K .......... .......... .......... .......... .......... 48%  159M 2s
[9.303s]   7550K .......... .......... .......... .......... .......... 48%  150M 2s
[9.311s]   7600K .......... .......... .......... .......... .......... 48% 6.40M 2s
[9.318s]   7650K .......... .......... .......... .......... .......... 49% 7.13M 2s
[9.324s]   7700K .......... .......... .......... .......... .......... 49% 9.03M 2s
[9.324s]   7750K .......... .......... .......... .......... .......... 49%  191M 2s
[9.324s]   7800K .......... .......... .......... .......... .......... 50%  222M 2s
[9.334s]   7850K .......... .......... .......... .......... .......... 50% 4.82M 2s
[9.334s]   7900K .......... .......... .......... .......... .......... 50%  148M 2s
[9.358s]   7950K .......... .......... .......... .......... .......... 51% 2.71M 2s
[9.362s]   8000K .......... .......... .......... .......... .......... 51% 5.14M 2s
[9.365s]   8050K .......... .......... .......... .......... .......... 51% 15.7M 2s
[9.374s]   8100K .......... .......... .......... .......... .......... 52% 5.54M 2s
[9.383s]   8150K .......... .......... .......... .......... .......... 52% 5.28M 2s
[9.384s]   8200K .......... .......... .......... .......... .......... 52%  102M 2s
[9.389s]   8250K .......... .......... .......... .......... .......... 53% 9.28M 2s
[9.389s]   8300K .......... .......... .......... .......... .......... 53%  138M 2s
[9.394s]   8350K .......... .......... .......... .......... .......... 53% 8.71M 2s
[9.402s]   8400K .......... .......... .......... .......... .......... 54% 6.72M 1s
[9.402s]   8450K .......... .......... .......... .......... .......... 54%  143M 1s
[9.406s]   8500K .......... .......... .......... .......... .......... 54% 13.8M 1s
[9.423s]   8550K .......... .......... .......... .......... .......... 55% 2.78M 1s
[9.428s]   8600K .......... .......... .......... .......... .......... 55% 9.95M 1s
[9.435s]   8650K .......... .......... .......... .......... .......... 55% 7.39M 1s
[9.435s]   8700K .......... .......... .......... .......... .......... 55%  105M 1s
[9.442s]   8750K .......... .......... .......... .......... .......... 56% 6.95M 1s
[9.443s]   8800K .......... .......... .......... .......... .......... 56%  113M 1s
[9.449s]   8850K .......... .......... .......... .......... .......... 56% 7.05M 1s
[9.450s]   8900K .......... .......... .......... .......... .......... 57%  149M 1s
[9.457s]   8950K .......... .......... .......... .......... .......... 57% 6.58M 1s
[9.460s]   9000K .......... .......... .......... .......... .......... 57% 19.5M 1s
[9.465s]   9050K .......... .......... .......... .......... .......... 58% 8.24M 1s
[9.564s]   9100K .......... .......... .......... .......... .......... 58%  507K 1s
[9.566s]   9150K .......... .......... .......... .......... .......... 58% 36.2M 1s
[9.593s]   9200K .......... .......... .......... .......... .......... 59% 1.80M 1s
[9.593s]   9250K .......... .......... .......... .......... .......... 59%  138M 1s
[9.614s]   9300K .......... .......... .......... .......... .......... 59% 2.36M 1s
[9.615s]   9350K .......... .......... .......... .......... .......... 60%  110M 1s
[9.632s]   9400K .......... .......... .......... .......... .......... 60% 2.91M 1s
[9.632s]   9450K .......... .......... .......... .......... .......... 60%  137M 1s
[9.632s]   9500K .......... .......... .......... .......... .......... 61%  164M 1s
[9.645s]   9550K .......... .......... .......... .......... .......... 61% 3.81M 1s
[9.645s]   9600K .......... .......... .......... .......... .......... 61%  141M 1s
[9.659s]   9650K .......... .......... .......... .......... .......... 62% 3.70M 1s
[9.659s]   9700K .......... .......... .......... .......... .......... 62% 98.4M 1s
[9.678s]   9750K .......... .......... .......... .......... .......... 62% 2.55M 1s
[9.678s]   9800K .......... .......... .......... .......... .......... 63%  103M 1s
[9.696s]   9850K .......... .......... .......... .......... .......... 63%  168M 1s
[9.696s]   9900K .......... .......... .......... .......... .......... 63% 2.83M 1s
[9.697s]   9950K .......... .......... .......... .......... .......... 63% 43.6M 1s
[9.763s]  10000K .......... .......... .......... .......... .......... 64%  769K 1s
[9.764s]  10050K .......... .......... .......... .......... .......... 64% 86.5M 1s
[9.791s]  10100K .......... .......... .......... .......... .......... 64% 1.80M 1s
[9.791s]  10150K .......... .......... .......... .......... .......... 65% 59.8M 1s
[9.791s]  10200K .......... .......... .......... .......... .......... 65%  128M 1s
[9.797s]  10250K .......... .......... .......... .......... .......... 65% 8.37M 1s
[9.807s]  10300K .......... .......... .......... .......... .......... 66% 5.14M 1s
[9.807s]  10350K .......... .......... .......... .......... .......... 66%  112M 1s
[9.807s]  10400K .......... .......... .......... .......... .......... 66%  116M 1s
[9.810s]  10450K .......... .......... .......... .......... .......... 67% 18.0M 1s
[9.834s]  10500K .......... .......... .......... .......... .......... 67% 2.07M 1s
[9.834s]  10550K .......... .......... .......... .......... .......... 67%  141M 1s
[9.845s]  10600K .......... .......... .......... .......... .......... 68% 4.57M 1s
[9.846s]  10650K .......... .......... .......... .......... .......... 68%  103M 1s
[9.859s]  10700K .......... .......... .......... .......... .......... 68% 3.47M 1s
[9.866s]  10750K .......... .......... .......... .......... .......... 69% 8.20M 1s
[9.866s]  10800K .......... .......... .......... .......... .......... 69%  103M 1s
[9.874s]  10850K .......... .......... .......... .......... .......... 69% 5.78M 1s
[9.875s]  10900K .......... .......... .......... .......... .......... 70%  136M 1s
[9.890s]  10950K .......... .......... .......... .......... .......... 70% 5.54M 1s
[9.893s]  11000K .......... .......... .......... .......... .......... 70% 5.38M 1s
[9.893s]  11050K .......... .......... .......... .......... .......... 71%  122M 1s
[9.900s]  11100K .......... .......... .......... .......... .......... 71% 6.78M 1s
[9.912s]  11150K .......... .......... .......... .......... .......... 71% 4.03M 1s
[9.913s]  11200K .......... .......... .......... .......... .......... 71%  140M 1s
[9.928s]  11250K .......... .......... .......... .......... .......... 72% 3.12M 1s
[9.929s]  11300K .......... .......... .......... .......... .......... 72%  142M 1s
[9.929s]  11350K .......... .......... .......... .......... .......... 72%  192M 1s
[9.935s]  11400K .......... .......... .......... .......... .......... 73% 7.60M 1s
[9.951s]  11450K .......... .......... .......... .......... .......... 73% 3.09M 1s
[9.952s]  11500K .......... .......... .......... .......... .......... 73%  126M 1s
[9.962s]  11550K .......... .......... .......... .......... .......... 74% 4.38M 1s
[9.963s]  11600K .......... .......... .......... .......... .......... 74%  168M 1s
[9.963s]  11650K .......... .......... .......... .......... .......... 74%  224M 1s
[9.968s]  11700K .......... .......... .......... .......... .......... 75% 9.48M 1s
[9.968s]  11750K .......... .......... .......... .......... .......... 75%  145M 1s
[9.973s]  11800K .......... .......... .......... .......... .......... 75% 9.54M 1s
[9.978s]  11850K .......... .......... .......... .......... .......... 76% 11.8M 1s
[9.978s]  11900K .......... .......... .......... .......... .......... 76%  132M 1s
[9.982s]  11950K .......... .......... .......... .......... .......... 76% 11.0M 1s
[9.983s]  12000K .......... .......... .......... .......... .......... 77%  146M 1s
[9.986s]  12050K .......... .......... .......... .......... .......... 77% 13.0M 1s
[10.000s]  12100K .......... .......... .......... .......... .......... 77% 3.51M 1s
[10.005s]  12150K .......... .......... .......... .......... .......... 78% 16.0M 1s
[10.010s]  12200K .......... .......... .......... .......... .......... 78% 7.96M 1s
[10.015s]  12250K .......... .......... .......... .......... .......... 78% 9.18M 1s
[10.015s]  12300K .......... .......... .......... .......... .......... 79%  126M 1s
[10.021s]  12350K .......... .......... .......... .......... .......... 79% 8.61M 1s
[10.021s]  12400K .......... .......... .......... .......... .......... 79%  222M 1s
[10.062s]  12450K .......... .......... .......... .......... .......... 79% 1.20M 1s
[10.063s]  12500K .......... .......... .......... .......... .......... 80% 62.6M 1s
[10.063s]  12550K .......... .......... .......... .......... .......... 80%  151M 1s
[10.066s]  12600K .......... .......... .......... .......... .......... 80% 14.7M 1s
[10.066s]  12650K .......... .......... .......... .......... .......... 81%  195M 1s
[10.078s]  12700K .......... .......... .......... .......... .......... 81% 4.11M 1s
[10.079s]  12750K .......... .......... .......... .......... .......... 81%  162M 1s
[10.084s]  12800K .......... .......... .......... .......... .......... 82% 9.51M 1s
[10.084s]  12850K .......... .......... .......... .......... .......... 82%  146M 1s
[10.090s]  12900K .......... .......... .......... .......... .......... 82% 7.86M 1s
[10.091s]  12950K .......... .......... .......... .......... .......... 83%  123M 0s
[10.091s]  13000K .......... .......... .......... .......... .......... 83%  176M 0s
[10.101s]  13050K .......... .......... .......... .......... .......... 83% 4.94M 0s
[10.101s]  13100K .......... .......... .......... .......... .......... 84%  223M 0s
[10.101s]  13150K .......... .......... .......... .......... .......... 84%  147M 0s
[10.103s]  13200K .......... .......... .......... .......... .......... 84% 24.9M 0s
[10.117s]  13250K .......... .......... .......... .......... .......... 85% 3.60M 0s
[10.124s]  13300K .......... .......... .......... .......... .......... 85% 6.71M 0s
[10.135s]  13350K .......... .......... .......... .......... .......... 85% 4.53M 0s
[10.136s]  13400K .......... .......... .......... .......... .......... 86%  122M 0s
[10.141s]  13450K .......... .......... .......... .......... .......... 86% 8.71M 0s
[10.142s]  13500K .......... .......... .......... .......... .......... 86%  144M 0s
[10.148s]  13550K .......... .......... .......... .......... .......... 87% 6.88M 0s
[10.149s]  13600K .......... .......... .......... .......... .......... 87%  133M 0s
[10.149s]  13650K .......... .......... .......... .......... .......... 87%  173M 0s
[10.155s]  13700K .......... .......... .......... .......... .......... 87% 8.61M 0s
[10.155s]  13750K .......... .......... .......... .......... .......... 88%  156M 0s
[10.160s]  13800K .......... .......... .......... .......... .......... 88% 9.01M 0s
[10.161s]  13850K .......... .......... .......... .......... .......... 88%  169M 0s
[10.196s]  13900K .......... .......... .......... .......... .......... 89% 1.41M 0s
[10.198s]  13950K .......... .......... .......... .......... .......... 89% 18.8M 0s
[10.211s]  14000K .......... .......... .......... .......... .......... 89% 3.89M 0s
[10.215s]  14050K .......... .......... .......... .......... .......... 90% 10.9M 0s
[10.216s]  14100K .......... .......... .......... .......... .......... 90%  140M 0s
[10.216s]  14150K .......... .......... .......... .......... .......... 90%  173M 0s
[10.218s]  14200K .......... .......... .......... .......... .......... 91% 22.4M 0s
[10.231s]  14250K .......... .......... .......... .......... .......... 91% 3.74M 0s
[10.231s]  14300K .......... .......... .......... .......... .......... 91%  184M 0s
[10.235s]  14350K .......... .......... .......... .......... .......... 92% 14.3M 0s
[10.235s]  14400K .......... .......... .......... .......... .......... 92%  196M 0s
[10.245s]  14450K .......... .......... .......... .......... .......... 92% 4.71M 0s
[10.246s]  14500K .......... .......... .......... .......... .......... 93%  142M 0s
[10.246s]  14550K .......... .......... .......... .......... .......... 93%  146M 0s
[10.271s]  14600K .......... .......... .......... .......... .......... 93% 1.96M 0s
[10.272s]  14650K .......... .......... .......... .......... .......... 94% 27.3M 0s
[10.280s]  14700K .......... .......... .......... .......... .......... 94% 6.87M 0s
[10.286s]  14750K .......... .......... .......... .......... .......... 94% 8.07M 0s
[10.286s]  14800K .......... .......... .......... .......... .......... 95%  146M 0s
[10.293s]  14850K .......... .......... .......... .......... .......... 95% 6.86M 0s
[10.294s]  14900K .......... .......... .......... .......... .......... 95%  127M 0s
[10.304s]  14950K .......... .......... .......... .......... .......... 95% 4.89M 0s
[10.304s]  15000K .......... .......... .......... .......... .......... 96%  155M 0s
[10.304s]  15050K .......... .......... .......... .......... .......... 96%  159M 0s
[10.310s]  15100K .......... .......... .......... .......... .......... 96% 7.95M 0s
[10.311s]  15150K .......... .......... .......... .......... .......... 97%  150M 0s
[10.316s]  15200K .......... .......... .......... .......... .......... 97% 9.07M 0s
[10.316s]  15250K .......... .......... .......... .......... .......... 97%  144M 0s
[10.323s]  15300K .......... .......... .......... .......... .......... 98% 6.88M 0s
[10.323s]  15350K .......... .......... .......... .......... .......... 98%  276M 0s
[10.348s]  15400K .......... .......... .......... .......... .......... 98% 2.00M 0s
[10.356s]  15450K .......... .......... .......... .......... .......... 99% 6.16M 0s
[10.357s]  15500K .......... .......... .......... .......... .......... 99%  114M 0s
[10.361s]  15550K .......... .......... .......... .......... .......... 99% 12.5M 0s
[10.361s]  15600K .......... .......... .....                           100% 99.2M=2.7s
[10.361s] 
[10.362s] 2026-04-19 21:46:00 (5.62 MB/s) - ‘/home/aiden/code/robot_sim_nav/build/multirobot_map_merge/2012-01-28-11-12-01.pgm’ saved [16000058/16000058]
[10.362s] 
[10.363s] Checking MD5 sum of /home/aiden/code/robot_sim_nav/build/multirobot_map_merge/2012-01-28-11-12-01.pgm
[10.400s] /home/aiden/code/robot_sim_nav/build/multirobot_map_merge/2012-01-28-11-12-01.pgm: OK
[10.404s] -- Found gtest sources under '/opt/ros/jazzy/src/gtest_vendor': C++ tests using 'Google Test' will be built
[10.407s] -- Found Threads: TRUE  
[10.410s] -- Added test 'cppcheck' to perform static code analysis on C / C++ code
[10.411s] -- Configured cppcheck include dirs: /home/aiden/code/robot_sim_nav/src/m-explore-ros2/map_merge/include;$<BUILD_INTERFACE:/home/aiden/code/robot_sim_nav/src/m-explore-ros2/map_merge/include>
[10.411s] -- Configured cppcheck exclude dirs and/or files: 
[10.411s] -- Added test 'flake8' to check Python code syntax and style conventions
[10.411s] -- Configured 'flake8' exclude dirs and/or files: 
[10.412s] -- Added test 'lint_cmake' to check CMake code style
[10.412s] -- Added test 'pep257' to check Python code against some of the docstring style conventions in PEP 257
[10.414s] -- Added test 'uncrustify' to check C / C++ code style
[10.414s] -- Configured uncrustify additional arguments: 
[10.414s] -- Added test 'xmllint' to check XML markup files
[10.416s] -- Configuring done (10.1s)
[10.485s] -- Generating done (0.0s)
[10.491s] -- Build files have been written to: /home/aiden/code/robot_sim_nav/build/multirobot_map_merge
[10.499s] Invoked command in '/home/aiden/code/robot_sim_nav/build/multirobot_map_merge' returned '0': CMAKE_PREFIX_PATH=${CMAKE_PREFIX_PATH}:/opt/ros/jazzy DEBUGINFOD_URLS=https://debuginfod.ubuntu.com /usr/bin/cmake /home/aiden/code/robot_sim_nav/src/m-explore-ros2/map_merge -DCMAKE_INSTALL_PREFIX=/home/aiden/code/robot_sim_nav/install/multirobot_map_merge
[10.500s] Invoking command in '/home/aiden/code/robot_sim_nav/build/multirobot_map_merge': CMAKE_PREFIX_PATH=${CMAKE_PREFIX_PATH}:/opt/ros/jazzy DEBUGINFOD_URLS=https://debuginfod.ubuntu.com /usr/bin/cmake --build /home/aiden/code/robot_sim_nav/build/multirobot_map_merge -- -j20 -l20
[10.560s] [  8%] [32mBuilding CXX object CMakeFiles/combine_grids.dir/src/combine_grids/merging_pipeline.cpp.o[0m
[10.561s] [ 16%] [32mBuilding CXX object CMakeFiles/combine_grids.dir/src/combine_grids/grid_warper.cpp.o[0m
[10.562s] [ 25%] [32mBuilding CXX object gtest/CMakeFiles/gtest_main.dir/src/gtest_main.cc.o[0m
[10.563s] [ 41%] [32mBuilding CXX object CMakeFiles/combine_grids.dir/src/combine_grids/grid_compositor.cpp.o[0m
[10.563s] [ 41%] [32mBuilding CXX object gtest/CMakeFiles/gtest.dir/src/gtest-all.cc.o[0m
[11.143s] [ 50%] [32m[1mLinking CXX static library libgtest_main.a[0m
[11.183s] [ 50%] Built target gtest_main
[12.895s] [ 58%] [32m[1mLinking CXX static library libcombine_grids.a[0m
[12.930s] [ 58%] Built target combine_grids
[12.951s] [ 66%] [32mBuilding CXX object CMakeFiles/map_merge.dir/src/map_merge.cpp.o[0m
[13.113s] [ 75%] [32m[1mLinking CXX static library libgtest.a[0m
[13.159s] [ 75%] Built target gtest
[13.181s] [ 83%] [32mBuilding CXX object CMakeFiles/test_merging_pipeline.dir/test/test_merging_pipeline.cpp.o[0m
[16.193s] [ 91%] [32m[1mLinking CXX executable test_merging_pipeline[0m
[16.714s] [ 91%] Built target test_merging_pipeline
[21.070s] [100%] [32m[1mLinking CXX executable map_merge[0m
[21.655s] [100%] Built target map_merge
[21.667s] Invoked command in '/home/aiden/code/robot_sim_nav/build/multirobot_map_merge' returned '0': CMAKE_PREFIX_PATH=${CMAKE_PREFIX_PATH}:/opt/ros/jazzy DEBUGINFOD_URLS=https://debuginfod.ubuntu.com /usr/bin/cmake --build /home/aiden/code/robot_sim_nav/build/multirobot_map_merge -- -j20 -l20
[21.668s] Invoking command in '/home/aiden/code/robot_sim_nav/build/multirobot_map_merge': CMAKE_PREFIX_PATH=${CMAKE_PREFIX_PATH}:/opt/ros/jazzy DEBUGINFOD_URLS=https://debuginfod.ubuntu.com /usr/bin/cmake --install /home/aiden/code/robot_sim_nav/build/multirobot_map_merge
[21.676s] -- Install configuration: ""
[21.676s] -- Installing: /home/aiden/code/robot_sim_nav/install/multirobot_map_merge/include/map_merge/
[21.676s] -- Installing: /home/aiden/code/robot_sim_nav/install/multirobot_map_merge/include/map_merge//ros1_names.hpp
[21.676s] -- Installing: /home/aiden/code/robot_sim_nav/install/multirobot_map_merge/include/map_merge//map_merge.h
[21.676s] -- Installing: /home/aiden/code/robot_sim_nav/install/multirobot_map_merge/share/multirobot_map_merge/launch
[21.676s] -- Installing: /home/aiden/code/robot_sim_nav/install/multirobot_map_merge/share/multirobot_map_merge/launch/map_merge.launch.py
[21.676s] -- Installing: /home/aiden/code/robot_sim_nav/install/multirobot_map_merge/share/multirobot_map_merge/launch/tb3_simulation
[21.676s] -- Installing: /home/aiden/code/robot_sim_nav/install/multirobot_map_merge/share/multirobot_map_merge/launch/tb3_simulation/multi_tb3_simulation_launch.py
[21.676s] -- Installing: /home/aiden/code/robot_sim_nav/install/multirobot_map_merge/share/multirobot_map_merge/launch/tb3_simulation/bringup_launch.py
[21.676s] -- Installing: /home/aiden/code/robot_sim_nav/install/multirobot_map_merge/share/multirobot_map_merge/launch/tb3_simulation/config
[21.677s] -- Installing: /home/aiden/code/robot_sim_nav/install/multirobot_map_merge/share/multirobot_map_merge/launch/tb3_simulation/config/nav2_multirobot_params_1.yaml
[21.677s] -- Installing: /home/aiden/code/robot_sim_nav/install/multirobot_map_merge/share/multirobot_map_merge/launch/tb3_simulation/config/nav2_multirobot_params_2.yaml
[21.677s] -- Installing: /home/aiden/code/robot_sim_nav/install/multirobot_map_merge/share/multirobot_map_merge/launch/tb3_simulation/worlds
[21.677s] -- Installing: /home/aiden/code/robot_sim_nav/install/multirobot_map_merge/share/multirobot_map_merge/launch/tb3_simulation/worlds/world_only.model
[21.677s] -- Installing: /home/aiden/code/robot_sim_nav/install/multirobot_map_merge/share/multirobot_map_merge/launch/tb3_simulation/tb3_simulation_launch.py
[21.677s] -- Installing: /home/aiden/code/robot_sim_nav/install/multirobot_map_merge/share/multirobot_map_merge/launch/tb3_simulation/slam_toolbox.py
[21.677s] -- Installing: /home/aiden/code/robot_sim_nav/install/multirobot_map_merge/share/multirobot_map_merge/launch/from_map_server.launch.py
[21.677s] -- Installing: /home/aiden/code/robot_sim_nav/install/multirobot_map_merge/share/multirobot_map_merge/launch/map_merge.rviz
[21.678s] -- Installing: /home/aiden/code/robot_sim_nav/install/multirobot_map_merge/share/multirobot_map_merge/config
[21.678s] -- Installing: /home/aiden/code/robot_sim_nav/install/multirobot_map_merge/share/multirobot_map_merge/config/params.yaml
[21.678s] -- Installing: /home/aiden/code/robot_sim_nav/install/multirobot_map_merge/lib/libcombine_grids.a
[21.678s] -- Installing: /home/aiden/code/robot_sim_nav/install/multirobot_map_merge/lib/multirobot_map_merge/map_merge
[21.680s] -- Set non-toolchain portion of runtime path of "/home/aiden/code/robot_sim_nav/install/multirobot_map_merge/lib/multirobot_map_merge/map_merge" to ""
[21.680s] -- Installing: /home/aiden/code/robot_sim_nav/install/multirobot_map_merge/share/multirobot_map_merge/environment/library_path.sh
[21.681s] -- Installing: /home/aiden/code/robot_sim_nav/install/multirobot_map_merge/share/multirobot_map_merge/environment/library_path.dsv
[21.681s] -- Installing: /home/aiden/code/robot_sim_nav/install/multirobot_map_merge/share/ament_index/resource_index/package_run_dependencies/multirobot_map_merge
[21.681s] -- Installing: /home/aiden/code/robot_sim_nav/install/multirobot_map_merge/share/ament_index/resource_index/parent_prefix_path/multirobot_map_merge
[21.681s] -- Installing: /home/aiden/code/robot_sim_nav/install/multirobot_map_merge/share/multirobot_map_merge/environment/ament_prefix_path.sh
[21.681s] -- Installing: /home/aiden/code/robot_sim_nav/install/multirobot_map_merge/share/multirobot_map_merge/environment/ament_prefix_path.dsv
[21.681s] -- Installing: /home/aiden/code/robot_sim_nav/install/multirobot_map_merge/share/multirobot_map_merge/environment/path.sh
[21.681s] -- Installing: /home/aiden/code/robot_sim_nav/install/multirobot_map_merge/share/multirobot_map_merge/environment/path.dsv
[21.681s] -- Installing: /home/aiden/code/robot_sim_nav/install/multirobot_map_merge/share/multirobot_map_merge/local_setup.bash
[21.682s] -- Installing: /home/aiden/code/robot_sim_nav/install/multirobot_map_merge/share/multirobot_map_merge/local_setup.sh
[21.682s] -- Installing: /home/aiden/code/robot_sim_nav/install/multirobot_map_merge/share/multirobot_map_merge/local_setup.zsh
[21.682s] -- Installing: /home/aiden/code/robot_sim_nav/install/multirobot_map_merge/share/multirobot_map_merge/local_setup.dsv
[21.682s] -- Installing: /home/aiden/code/robot_sim_nav/install/multirobot_map_merge/share/multirobot_map_merge/package.dsv
[21.682s] -- Installing: /home/aiden/code/robot_sim_nav/install/multirobot_map_merge/share/ament_index/resource_index/packages/multirobot_map_merge
[21.682s] -- Installing: /home/aiden/code/robot_sim_nav/install/multirobot_map_merge/share/multirobot_map_merge/cmake/ament_cmake_export_include_directories-extras.cmake
[21.682s] -- Installing: /home/aiden/code/robot_sim_nav/install/multirobot_map_merge/share/multirobot_map_merge/cmake/ament_cmake_export_libraries-extras.cmake
[21.682s] -- Installing: /home/aiden/code/robot_sim_nav/install/multirobot_map_merge/share/multirobot_map_merge/cmake/multirobot_map_mergeConfig.cmake
[21.682s] -- Installing: /home/aiden/code/robot_sim_nav/install/multirobot_map_merge/share/multirobot_map_merge/cmake/multirobot_map_mergeConfig-version.cmake
[21.682s] -- Installing: /home/aiden/code/robot_sim_nav/install/multirobot_map_merge/share/multirobot_map_merge/package.xml
[21.683s] Invoked command in '/home/aiden/code/robot_sim_nav/build/multirobot_map_merge' returned '0': CMAKE_PREFIX_PATH=${CMAKE_PREFIX_PATH}:/opt/ros/jazzy DEBUGINFOD_URLS=https://debuginfod.ubuntu.com /usr/bin/cmake --install /home/aiden/code/robot_sim_nav/build/multirobot_map_merge
