[0.725s] Invoking command in '/home/aiden/code/robot_sim_nav/src/relocalization': DEBUGINFOD_URLS=https://debuginfod.ubuntu.com PYTHONPATH=/home/aiden/code/robot_sim_nav/build/relocalization/prefix_override:/usr/lib/python3/dist-packages/colcon_core/task/python/colcon_distutils_commands:/home/aiden/code/robot_sim_nav/install/relocalization/lib/python3.12/site-packages:${PYTHONPATH} /usr/bin/python3 -W ignore:setup.py install is deprecated -W ignore:easy_install command is deprecated setup.py egg_info --egg-base ../../build/relocalization build --build-base /home/aiden/code/robot_sim_nav/build/relocalization/build install --record /home/aiden/code/robot_sim_nav/build/relocalization/install.log --single-version-externally-managed install_data
[0.962s] running egg_info
[0.980s] writing ../../build/relocalization/relocalization.egg-info/PKG-INFO
[0.981s] writing dependency_links to ../../build/relocalization/relocalization.egg-info/dependency_links.txt
[0.981s] writing entry points to ../../build/relocalization/relocalization.egg-info/entry_points.txt
[0.981s] writing requirements to ../../build/relocalization/relocalization.egg-info/requires.txt
[0.981s] writing top-level names to ../../build/relocalization/relocalization.egg-info/top_level.txt
[1.020s] reading manifest file '../../build/relocalization/relocalization.egg-info/SOURCES.txt'
[1.020s] adding license file 'LICENSE'
[1.020s] writing manifest file '../../build/relocalization/relocalization.egg-info/SOURCES.txt'
[1.021s] running build
[1.021s] running build_py
[1.021s] copying relocalization/relocalize_then_nav.py -> /home/aiden/code/robot_sim_nav/build/relocalization/build/lib/relocalization
[1.021s] running install
[1.026s] running install_lib
[1.045s] copying /home/aiden/code/robot_sim_nav/build/relocalization/build/lib/relocalization/relocalize_then_nav.py -> /home/aiden/code/robot_sim_nav/install/relocalization/lib/python3.12/site-packages/relocalization
[1.046s] byte-compiling /home/aiden/code/robot_sim_nav/install/relocalization/lib/python3.12/site-packages/relocalization/relocalize_then_nav.py to relocalize_then_nav.cpython-312.pyc
[1.047s] running install_data
[1.047s] running install_egg_info
[1.067s] removing '/home/aiden/code/robot_sim_nav/install/relocalization/lib/python3.12/site-packages/relocalization-0.0.0-py3.12.egg-info' (and everything under it)
[1.067s] Copying ../../build/relocalization/relocalization.egg-info to /home/aiden/code/robot_sim_nav/install/relocalization/lib/python3.12/site-packages/relocalization-0.0.0-py3.12.egg-info
[1.068s] running install_scripts
[1.191s] Installing relocalize_then_nav script to /home/aiden/code/robot_sim_nav/install/relocalization/lib/relocalization
[1.191s] writing list of installed files to '/home/aiden/code/robot_sim_nav/build/relocalization/install.log'
[1.210s] Invoked command in '/home/aiden/code/robot_sim_nav/src/relocalization' returned '0': DEBUGINFOD_URLS=https://debuginfod.ubuntu.com PYTHONPATH=/home/aiden/code/robot_sim_nav/build/relocalization/prefix_override:/usr/lib/python3/dist-packages/colcon_core/task/python/colcon_distutils_commands:/home/aiden/code/robot_sim_nav/install/relocalization/lib/python3.12/site-packages:${PYTHONPATH} /usr/bin/python3 -W ignore:setup.py install is deprecated -W ignore:easy_install command is deprecated setup.py egg_info --egg-base ../../build/relocalization build --build-base /home/aiden/code/robot_sim_nav/build/relocalization/build install --record /home/aiden/code/robot_sim_nav/build/relocalization/install.log --single-version-externally-managed install_data
