/home/aiden/code/robot_sim_nav/install/mission_manager/lib/python3.12/site-packages/mission_manager/dep_slam_and_explore.py
/home/aiden/code/robot_sim_nav/install/mission_manager/lib/python3.12/site-packages/mission_manager/dep_amcl_and_nav.py
/home/aiden/code/robot_sim_nav/install/mission_manager/lib/python3.12/site-packages/mission_manager/slam_and_explore.py
/home/aiden/code/robot_sim_nav/install/mission_manager/lib/python3.12/site-packages/mission_manager/amcl_and_nav.py
/home/aiden/code/robot_sim_nav/install/mission_manager/lib/python3.12/site-packages/mission_manager/dep_mission_manager.py
/home/aiden/code/robot_sim_nav/install/mission_manager/lib/python3.12/site-packages/mission_manager/dep2_slam_and_explore.py
/home/aiden/code/robot_sim_nav/install/mission_manager/lib/python3.12/site-packages/mission_manager/__init__.py
/home/aiden/code/robot_sim_nav/install/mission_manager/lib/python3.12/site-packages/mission_manager/__pycache__/dep_slam_and_explore.cpython-312.pyc
/home/aiden/code/robot_sim_nav/install/mission_manager/lib/python3.12/site-packages/mission_manager/__pycache__/dep_amcl_and_nav.cpython-312.pyc
/home/aiden/code/robot_sim_nav/install/mission_manager/lib/python3.12/site-packages/mission_manager/__pycache__/slam_and_explore.cpython-312.pyc
/home/aiden/code/robot_sim_nav/install/mission_manager/lib/python3.12/site-packages/mission_manager/__pycache__/amcl_and_nav.cpython-312.pyc
/home/aiden/code/robot_sim_nav/install/mission_manager/lib/python3.12/site-packages/mission_manager/__pycache__/dep_mission_manager.cpython-312.pyc
/home/aiden/code/robot_sim_nav/install/mission_manager/lib/python3.12/site-packages/mission_manager/__pycache__/dep2_slam_and_explore.cpython-312.pyc
/home/aiden/code/robot_sim_nav/install/mission_manager/lib/python3.12/site-packages/mission_manager/__pycache__/__init__.cpython-312.pyc
/home/aiden/code/robot_sim_nav/install/mission_manager/share/ament_index/resource_index/packages/mission_manager
/home/aiden/code/robot_sim_nav/install/mission_manager/share/mission_manager/package.xml
/home/aiden/code/robot_sim_nav/install/mission_manager/share/mission_manager/worlds/tb3_house.sdf.xacro
/home/aiden/code/robot_sim_nav/install/mission_manager/lib/python3.12/site-packages/mission_manager-0.0.0-py3.12.egg-info/PKG-INFO
/home/aiden/code/robot_sim_nav/install/mission_manager/lib/python3.12/site-packages/mission_manager-0.0.0-py3.12.egg-info/entry_points.txt
/home/aiden/code/robot_sim_nav/install/mission_manager/lib/python3.12/site-packages/mission_manager-0.0.0-py3.12.egg-info/SOURCES.txt
/home/aiden/code/robot_sim_nav/install/mission_manager/lib/python3.12/site-packages/mission_manager-0.0.0-py3.12.egg-info/dependency_links.txt
/home/aiden/code/robot_sim_nav/install/mission_manager/lib/python3.12/site-packages/mission_manager-0.0.0-py3.12.egg-info/zip-safe
/home/aiden/code/robot_sim_nav/install/mission_manager/lib/python3.12/site-packages/mission_manager-0.0.0-py3.12.egg-info/requires.txt
/home/aiden/code/robot_sim_nav/install/mission_manager/lib/python3.12/site-packages/mission_manager-0.0.0-py3.12.egg-info/top_level.txt
/home/aiden/code/robot_sim_nav/install/mission_manager/lib/mission_manager/amcl_and_nav
/home/aiden/code/robot_sim_nav/install/mission_manager/lib/mission_manager/mission_manager
/home/aiden/code/robot_sim_nav/install/mission_manager/lib/mission_manager/slam_and_explore
