[1.086s] Invoking command in '/home/aiden/code/robot_sim_nav/src/relocalization': DEBUGINFOD_URLS=https://debuginfod.ubuntu.com PYTHONPATH=/home/aiden/code/robot_sim_nav/build/relocalization/prefix_override:/usr/lib/python3/dist-packages/colcon_core/task/python/colcon_distutils_commands:/home/aiden/code/robot_sim_nav/install/relocalization/lib/python3.12/site-packages:${PYTHONPATH} /usr/bin/python3 -W ignore:setup.py install is deprecated -W ignore:easy_install command is deprecated setup.py egg_info --egg-base ../../build/relocalization build --build-base /home/aiden/code/robot_sim_nav/build/relocalization/build install --record /home/aiden/code/robot_sim_nav/build/relocalization/install.log --single-version-externally-managed install_data
[1.315s] running egg_info
[1.333s] writing ../../build/relocalization/relocalization.egg-info/PKG-INFO
[1.333s] writing dependency_links to ../../build/relocalization/relocalization.egg-info/dependency_links.txt
[1.333s] writing entry points to ../../build/relocalization/relocalization.egg-info/entry_points.txt
[1.334s] writing requirements to ../../build/relocalization/relocalization.egg-info/requires.txt
[1.334s] writing top-level names to ../../build/relocalization/relocalization.egg-info/top_level.txt
[1.370s] reading manifest file '../../build/relocalization/relocalization.egg-info/SOURCES.txt'
[1.371s] adding license file 'LICENSE'
[1.371s] writing manifest file '../../build/relocalization/relocalization.egg-info/SOURCES.txt'
[1.371s] running build
[1.371s] running build_py
[1.372s] running install
[1.376s] running install_lib
[1.395s] running install_data
[1.395s] running install_egg_info
[1.414s] removing '/home/aiden/code/robot_sim_nav/install/relocalization/lib/python3.12/site-packages/relocalization-0.0.0-py3.12.egg-info' (and everything under it)
[1.414s] Copying ../../build/relocalization/relocalization.egg-info to /home/aiden/code/robot_sim_nav/install/relocalization/lib/python3.12/site-packages/relocalization-0.0.0-py3.12.egg-info
[1.414s] running install_scripts
[1.529s] Installing relocalize_then_nav script to /home/aiden/code/robot_sim_nav/install/relocalization/lib/relocalization
[1.529s] writing list of installed files to '/home/aiden/code/robot_sim_nav/build/relocalization/install.log'
[1.550s] Invoked command in '/home/aiden/code/robot_sim_nav/src/relocalization' returned '0': DEBUGINFOD_URLS=https://debuginfod.ubuntu.com PYTHONPATH=/home/aiden/code/robot_sim_nav/build/relocalization/prefix_override:/usr/lib/python3/dist-packages/colcon_core/task/python/colcon_distutils_commands:/home/aiden/code/robot_sim_nav/install/relocalization/lib/python3.12/site-packages:${PYTHONPATH} /usr/bin/python3 -W ignore:setup.py install is deprecated -W ignore:easy_install command is deprecated setup.py egg_info --egg-base ../../build/relocalization build --build-base /home/aiden/code/robot_sim_nav/build/relocalization/build install --record /home/aiden/code/robot_sim_nav/build/relocalization/install.log --single-version-externally-managed install_data
