[0.083s] DEBUG:colcon:Command line arguments: ['/usr/bin/colcon', 'build', '--packages-select', 'path_to_nav']
[0.083s] DEBUG:colcon:Parsed command line arguments: Namespace(log_base=None, log_level=None, verb_name='build', build_base='build', install_base='install', merge_install=False, symlink_install=False, test_result_base=None, continue_on_error=False, executor='parallel', parallel_workers=20, event_handlers=None, ignore_user_meta=False, metas=['./colcon.meta'], base_paths=['.'], packages_ignore=None, packages_ignore_regex=None, paths=None, packages_up_to=None, packages_up_to_regex=None, packages_above=None, packages_above_and_dependencies=None, packages_above_depth=None, packages_select_by_dep=None, packages_skip_by_dep=None, packages_skip_up_to=None, packages_select_build_failed=False, packages_skip_build_finished=False, packages_select_test_failures=False, packages_skip_test_passed=False, packages_select=['path_to_nav'], packages_skip=None, packages_select_regex=None, packages_skip_regex=None, packages_start=None, packages_end=None, allow_overriding=[], cmake_args=None, cmake_target=None, cmake_target_skip_unavailable=False, cmake_clean_cache=False, cmake_clean_first=False, cmake_force_configure=False, ament_cmake_args=None, catkin_cmake_args=None, catkin_skip_building_tests=False, verb_parser=<colcon_defaults.argument_parser.defaults.DefaultArgumentsDecorator object at 0x7e74e00cf4a0>, verb_extension=<colcon_core.verb.build.BuildVerb object at 0x7e74e00cf260>, main=<bound method BuildVerb.main of <colcon_core.verb.build.BuildVerb object at 0x7e74e00cf260>>)
[0.109s] Level 1:colcon.colcon_core.package_discovery:discover_packages(colcon_meta) check parameters
[0.109s] Level 1:colcon.colcon_core.package_discovery:discover_packages(recursive) check parameters
[0.109s] Level 1:colcon.colcon_core.package_discovery:discover_packages(ignore) check parameters
[0.109s] Level 1:colcon.colcon_core.package_discovery:discover_packages(path) check parameters
[0.109s] Level 1:colcon.colcon_core.package_discovery:discover_packages(colcon_meta) discover
[0.109s] Level 1:colcon.colcon_core.package_discovery:discover_packages(recursive) discover
[0.109s] INFO:colcon.colcon_core.package_discovery:Crawling recursively for packages in '/home/aiden/code/robot_sim_nav'
[0.109s] Level 1:colcon.colcon_core.package_identification:_identify(.) by extensions ['ignore', 'ignore_ament_install']
[0.109s] Level 1:colcon.colcon_core.package_identification:_identify(.) by extension 'ignore'
[0.109s] Level 1:colcon.colcon_core.package_identification:_identify(.) by extension 'ignore_ament_install'
[0.109s] Level 1:colcon.colcon_core.package_identification:_identify(.) by extensions ['colcon_pkg']
[0.109s] Level 1:colcon.colcon_core.package_identification:_identify(.) by extension 'colcon_pkg'
[0.109s] Level 1:colcon.colcon_core.package_identification:_identify(.) by extensions ['colcon_meta']
[0.109s] Level 1:colcon.colcon_core.package_identification:_identify(.) by extension 'colcon_meta'
[0.110s] Level 1:colcon.colcon_core.package_identification:_identify(.) by extensions ['ros']
[0.110s] Level 1:colcon.colcon_core.package_identification:_identify(.) by extension 'ros'
[0.129s] Level 1:colcon.colcon_core.package_identification:_identify(.) by extensions ['cmake', 'python']
[0.129s] Level 1:colcon.colcon_core.package_identification:_identify(.) by extension 'cmake'
[0.129s] Level 1:colcon.colcon_core.package_identification:_identify(.) by extension 'python'
[0.129s] Level 1:colcon.colcon_core.package_identification:_identify(.) by extensions ['python_setup_py']
[0.129s] Level 1:colcon.colcon_core.package_identification:_identify(.) by extension 'python_setup_py'
[0.129s] Level 1:colcon.colcon_core.package_identification:_identify(build) by extensions ['ignore', 'ignore_ament_install']
[0.129s] Level 1:colcon.colcon_core.package_identification:_identify(build) by extension 'ignore'
[0.129s] Level 1:colcon.colcon_core.package_identification:_identify(build) ignored
[0.129s] Level 1:colcon.colcon_core.package_identification:_identify(install) by extensions ['ignore', 'ignore_ament_install']
[0.129s] Level 1:colcon.colcon_core.package_identification:_identify(install) by extension 'ignore'
[0.129s] Level 1:colcon.colcon_core.package_identification:_identify(install) ignored
[0.129s] Level 1:colcon.colcon_core.package_identification:_identify(log) by extensions ['ignore', 'ignore_ament_install']
[0.130s] Level 1:colcon.colcon_core.package_identification:_identify(log) by extension 'ignore'
[0.130s] Level 1:colcon.colcon_core.package_identification:_identify(log) ignored
[0.130s] Level 1:colcon.colcon_core.package_identification:_identify(src) by extensions ['ignore', 'ignore_ament_install']
[0.130s] Level 1:colcon.colcon_core.package_identification:_identify(src) by extension 'ignore'
[0.130s] Level 1:colcon.colcon_core.package_identification:_identify(src) by extension 'ignore_ament_install'
[0.130s] Level 1:colcon.colcon_core.package_identification:_identify(src) by extensions ['colcon_pkg']
[0.130s] Level 1:colcon.colcon_core.package_identification:_identify(src) by extension 'colcon_pkg'
[0.130s] Level 1:colcon.colcon_core.package_identification:_identify(src) by extensions ['colcon_meta']
[0.130s] Level 1:colcon.colcon_core.package_identification:_identify(src) by extension 'colcon_meta'
[0.130s] Level 1:colcon.colcon_core.package_identification:_identify(src) by extensions ['ros']
[0.130s] Level 1:colcon.colcon_core.package_identification:_identify(src) by extension 'ros'
[0.130s] Level 1:colcon.colcon_core.package_identification:_identify(src) by extensions ['cmake', 'python']
[0.130s] Level 1:colcon.colcon_core.package_identification:_identify(src) by extension 'cmake'
[0.130s] Level 1:colcon.colcon_core.package_identification:_identify(src) by extension 'python'
[0.130s] Level 1:colcon.colcon_core.package_identification:_identify(src) by extensions ['python_setup_py']
[0.130s] Level 1:colcon.colcon_core.package_identification:_identify(src) by extension 'python_setup_py'
[0.130s] Level 1:colcon.colcon_core.package_identification:_identify(src/data) by extensions ['ignore', 'ignore_ament_install']
[0.130s] Level 1:colcon.colcon_core.package_identification:_identify(src/data) by extension 'ignore'
[0.130s] Level 1:colcon.colcon_core.package_identification:_identify(src/data) by extension 'ignore_ament_install'
[0.130s] Level 1:colcon.colcon_core.package_identification:_identify(src/data) by extensions ['colcon_pkg']
[0.130s] Level 1:colcon.colcon_core.package_identification:_identify(src/data) by extension 'colcon_pkg'
[0.130s] Level 1:colcon.colcon_core.package_identification:_identify(src/data) by extensions ['colcon_meta']
[0.130s] Level 1:colcon.colcon_core.package_identification:_identify(src/data) by extension 'colcon_meta'
[0.130s] Level 1:colcon.colcon_core.package_identification:_identify(src/data) by extensions ['ros']
[0.130s] Level 1:colcon.colcon_core.package_identification:_identify(src/data) by extension 'ros'
[0.130s] Level 1:colcon.colcon_core.package_identification:_identify(src/data) by extensions ['cmake', 'python']
[0.130s] Level 1:colcon.colcon_core.package_identification:_identify(src/data) by extension 'cmake'
[0.130s] Level 1:colcon.colcon_core.package_identification:_identify(src/data) by extension 'python'
[0.130s] Level 1:colcon.colcon_core.package_identification:_identify(src/data) by extensions ['python_setup_py']
[0.130s] Level 1:colcon.colcon_core.package_identification:_identify(src/data) by extension 'python_setup_py'
[0.130s] Level 1:colcon.colcon_core.package_identification:_identify(src/explore_supervisor) by extensions ['ignore', 'ignore_ament_install']
[0.131s] Level 1:colcon.colcon_core.package_identification:_identify(src/explore_supervisor) by extension 'ignore'
[0.131s] Level 1:colcon.colcon_core.package_identification:_identify(src/explore_supervisor) by extension 'ignore_ament_install'
[0.131s] Level 1:colcon.colcon_core.package_identification:_identify(src/explore_supervisor) by extensions ['colcon_pkg']
[0.131s] Level 1:colcon.colcon_core.package_identification:_identify(src/explore_supervisor) by extension 'colcon_pkg'
[0.131s] Level 1:colcon.colcon_core.package_identification:_identify(src/explore_supervisor) by extensions ['colcon_meta']
[0.131s] Level 1:colcon.colcon_core.package_identification:_identify(src/explore_supervisor) by extension 'colcon_meta'
[0.131s] Level 1:colcon.colcon_core.package_identification:_identify(src/explore_supervisor) by extensions ['ros']
[0.131s] Level 1:colcon.colcon_core.package_identification:_identify(src/explore_supervisor) by extension 'ros'
[0.132s] DEBUG:colcon.colcon_core.package_identification:Package 'src/explore_supervisor' with type 'ros.ament_python' and name 'explore_supervisor'
[0.133s] Level 1:colcon.colcon_core.package_identification:_identify(src/m-explore-ros2) by extensions ['ignore', 'ignore_ament_install']
[0.133s] Level 1:colcon.colcon_core.package_identification:_identify(src/m-explore-ros2) by extension 'ignore'
[0.133s] Level 1:colcon.colcon_core.package_identification:_identify(src/m-explore-ros2) by extension 'ignore_ament_install'
[0.133s] Level 1:colcon.colcon_core.package_identification:_identify(src/m-explore-ros2) by extensions ['colcon_pkg']
[0.133s] Level 1:colcon.colcon_core.package_identification:_identify(src/m-explore-ros2) by extension 'colcon_pkg'
[0.133s] Level 1:colcon.colcon_core.package_identification:_identify(src/m-explore-ros2) by extensions ['colcon_meta']
[0.133s] Level 1:colcon.colcon_core.package_identification:_identify(src/m-explore-ros2) by extension 'colcon_meta'
[0.133s] Level 1:colcon.colcon_core.package_identification:_identify(src/m-explore-ros2) by extensions ['ros']
[0.133s] Level 1:colcon.colcon_core.package_identification:_identify(src/m-explore-ros2) by extension 'ros'
[0.133s] Level 1:colcon.colcon_core.package_identification:_identify(src/m-explore-ros2) by extensions ['cmake', 'python']
[0.133s] Level 1:colcon.colcon_core.package_identification:_identify(src/m-explore-ros2) by extension 'cmake'
[0.133s] Level 1:colcon.colcon_core.package_identification:_identify(src/m-explore-ros2) by extension 'python'
[0.133s] Level 1:colcon.colcon_core.package_identification:_identify(src/m-explore-ros2) by extensions ['python_setup_py']
[0.133s] Level 1:colcon.colcon_core.package_identification:_identify(src/m-explore-ros2) by extension 'python_setup_py'
[0.133s] Level 1:colcon.colcon_core.package_identification:_identify(src/m-explore-ros2/explore) by extensions ['ignore', 'ignore_ament_install']
[0.133s] Level 1:colcon.colcon_core.package_identification:_identify(src/m-explore-ros2/explore) by extension 'ignore'
[0.133s] Level 1:colcon.colcon_core.package_identification:_identify(src/m-explore-ros2/explore) by extension 'ignore_ament_install'
[0.133s] Level 1:colcon.colcon_core.package_identification:_identify(src/m-explore-ros2/explore) by extensions ['colcon_pkg']
[0.133s] Level 1:colcon.colcon_core.package_identification:_identify(src/m-explore-ros2/explore) by extension 'colcon_pkg'
[0.133s] Level 1:colcon.colcon_core.package_identification:_identify(src/m-explore-ros2/explore) by extensions ['colcon_meta']
[0.133s] Level 1:colcon.colcon_core.package_identification:_identify(src/m-explore-ros2/explore) by extension 'colcon_meta'
[0.133s] Level 1:colcon.colcon_core.package_identification:_identify(src/m-explore-ros2/explore) by extensions ['ros']
[0.133s] Level 1:colcon.colcon_core.package_identification:_identify(src/m-explore-ros2/explore) by extension 'ros'
[0.134s] DEBUG:colcon.colcon_core.package_identification:Package 'src/m-explore-ros2/explore' with type 'ros.ament_cmake' and name 'explore_lite'
[0.134s] Level 1:colcon.colcon_core.package_identification:_identify(src/m-explore-ros2/explore_lite_msgs) by extensions ['ignore', 'ignore_ament_install']
[0.134s] Level 1:colcon.colcon_core.package_identification:_identify(src/m-explore-ros2/explore_lite_msgs) by extension 'ignore'
[0.134s] Level 1:colcon.colcon_core.package_identification:_identify(src/m-explore-ros2/explore_lite_msgs) by extension 'ignore_ament_install'
[0.134s] Level 1:colcon.colcon_core.package_identification:_identify(src/m-explore-ros2/explore_lite_msgs) by extensions ['colcon_pkg']
[0.134s] Level 1:colcon.colcon_core.package_identification:_identify(src/m-explore-ros2/explore_lite_msgs) by extension 'colcon_pkg'
[0.134s] Level 1:colcon.colcon_core.package_identification:_identify(src/m-explore-ros2/explore_lite_msgs) by extensions ['colcon_meta']
[0.134s] Level 1:colcon.colcon_core.package_identification:_identify(src/m-explore-ros2/explore_lite_msgs) by extension 'colcon_meta'
[0.134s] Level 1:colcon.colcon_core.package_identification:_identify(src/m-explore-ros2/explore_lite_msgs) by extensions ['ros']
[0.134s] Level 1:colcon.colcon_core.package_identification:_identify(src/m-explore-ros2/explore_lite_msgs) by extension 'ros'
[0.134s] DEBUG:colcon.colcon_core.package_identification:Package 'src/m-explore-ros2/explore_lite_msgs' with type 'ros.ament_cmake' and name 'explore_lite_msgs'
[0.135s] Level 1:colcon.colcon_core.package_identification:_identify(src/m-explore-ros2/map_merge) by extensions ['ignore', 'ignore_ament_install']
[0.135s] Level 1:colcon.colcon_core.package_identification:_identify(src/m-explore-ros2/map_merge) by extension 'ignore'
[0.135s] Level 1:colcon.colcon_core.package_identification:_identify(src/m-explore-ros2/map_merge) by extension 'ignore_ament_install'
[0.135s] Level 1:colcon.colcon_core.package_identification:_identify(src/m-explore-ros2/map_merge) by extensions ['colcon_pkg']
[0.135s] Level 1:colcon.colcon_core.package_identification:_identify(src/m-explore-ros2/map_merge) by extension 'colcon_pkg'
[0.135s] Level 1:colcon.colcon_core.package_identification:_identify(src/m-explore-ros2/map_merge) by extensions ['colcon_meta']
[0.135s] Level 1:colcon.colcon_core.package_identification:_identify(src/m-explore-ros2/map_merge) by extension 'colcon_meta'
[0.135s] Level 1:colcon.colcon_core.package_identification:_identify(src/m-explore-ros2/map_merge) by extensions ['ros']
[0.135s] Level 1:colcon.colcon_core.package_identification:_identify(src/m-explore-ros2/map_merge) by extension 'ros'
[0.135s] DEBUG:colcon.colcon_core.package_identification:Package 'src/m-explore-ros2/map_merge' with type 'ros.ament_cmake' and name 'multirobot_map_merge'
[0.135s] Level 1:colcon.colcon_core.package_identification:_identify(src/maps) by extensions ['ignore', 'ignore_ament_install']
[0.135s] Level 1:colcon.colcon_core.package_identification:_identify(src/maps) by extension 'ignore'
[0.136s] Level 1:colcon.colcon_core.package_identification:_identify(src/maps) by extension 'ignore_ament_install'
[0.136s] Level 1:colcon.colcon_core.package_identification:_identify(src/maps) by extensions ['colcon_pkg']
[0.136s] Level 1:colcon.colcon_core.package_identification:_identify(src/maps) by extension 'colcon_pkg'
[0.136s] Level 1:colcon.colcon_core.package_identification:_identify(src/maps) by extensions ['colcon_meta']
[0.136s] Level 1:colcon.colcon_core.package_identification:_identify(src/maps) by extension 'colcon_meta'
[0.136s] Level 1:colcon.colcon_core.package_identification:_identify(src/maps) by extensions ['ros']
[0.136s] Level 1:colcon.colcon_core.package_identification:_identify(src/maps) by extension 'ros'
[0.136s] Level 1:colcon.colcon_core.package_identification:_identify(src/maps) by extensions ['cmake', 'python']
[0.136s] Level 1:colcon.colcon_core.package_identification:_identify(src/maps) by extension 'cmake'
[0.136s] Level 1:colcon.colcon_core.package_identification:_identify(src/maps) by extension 'python'
[0.136s] Level 1:colcon.colcon_core.package_identification:_identify(src/maps) by extensions ['python_setup_py']
[0.136s] Level 1:colcon.colcon_core.package_identification:_identify(src/maps) by extension 'python_setup_py'
[0.136s] Level 1:colcon.colcon_core.package_identification:_identify(src/mission_manager) by extensions ['ignore', 'ignore_ament_install']
[0.136s] Level 1:colcon.colcon_core.package_identification:_identify(src/mission_manager) by extension 'ignore'
[0.136s] Level 1:colcon.colcon_core.package_identification:_identify(src/mission_manager) by extension 'ignore_ament_install'
[0.136s] Level 1:colcon.colcon_core.package_identification:_identify(src/mission_manager) by extensions ['colcon_pkg']
[0.136s] Level 1:colcon.colcon_core.package_identification:_identify(src/mission_manager) by extension 'colcon_pkg'
[0.136s] Level 1:colcon.colcon_core.package_identification:_identify(src/mission_manager) by extensions ['colcon_meta']
[0.136s] Level 1:colcon.colcon_core.package_identification:_identify(src/mission_manager) by extension 'colcon_meta'
[0.136s] Level 1:colcon.colcon_core.package_identification:_identify(src/mission_manager) by extensions ['ros']
[0.136s] Level 1:colcon.colcon_core.package_identification:_identify(src/mission_manager) by extension 'ros'
[0.136s] DEBUG:colcon.colcon_core.package_identification:Package 'src/mission_manager' with type 'ros.ament_python' and name 'mission_manager'
[0.136s] Level 1:colcon.colcon_core.package_identification:_identify(src/path_to_nav) by extensions ['ignore', 'ignore_ament_install']
[0.137s] Level 1:colcon.colcon_core.package_identification:_identify(src/path_to_nav) by extension 'ignore'
[0.137s] Level 1:colcon.colcon_core.package_identification:_identify(src/path_to_nav) by extension 'ignore_ament_install'
[0.137s] Level 1:colcon.colcon_core.package_identification:_identify(src/path_to_nav) by extensions ['colcon_pkg']
[0.137s] Level 1:colcon.colcon_core.package_identification:_identify(src/path_to_nav) by extension 'colcon_pkg'
[0.137s] Level 1:colcon.colcon_core.package_identification:_identify(src/path_to_nav) by extensions ['colcon_meta']
[0.137s] Level 1:colcon.colcon_core.package_identification:_identify(src/path_to_nav) by extension 'colcon_meta'
[0.137s] Level 1:colcon.colcon_core.package_identification:_identify(src/path_to_nav) by extensions ['ros']
[0.137s] Level 1:colcon.colcon_core.package_identification:_identify(src/path_to_nav) by extension 'ros'
[0.137s] DEBUG:colcon.colcon_core.package_identification:Package 'src/path_to_nav' with type 'ros.ament_python' and name 'path_to_nav'
[0.137s] Level 1:colcon.colcon_core.package_identification:_identify(src/relocalization) by extensions ['ignore', 'ignore_ament_install']
[0.137s] Level 1:colcon.colcon_core.package_identification:_identify(src/relocalization) by extension 'ignore'
[0.137s] Level 1:colcon.colcon_core.package_identification:_identify(src/relocalization) by extension 'ignore_ament_install'
[0.137s] Level 1:colcon.colcon_core.package_identification:_identify(src/relocalization) by extensions ['colcon_pkg']
[0.137s] Level 1:colcon.colcon_core.package_identification:_identify(src/relocalization) by extension 'colcon_pkg'
[0.137s] Level 1:colcon.colcon_core.package_identification:_identify(src/relocalization) by extensions ['colcon_meta']
[0.137s] Level 1:colcon.colcon_core.package_identification:_identify(src/relocalization) by extension 'colcon_meta'
[0.137s] Level 1:colcon.colcon_core.package_identification:_identify(src/relocalization) by extensions ['ros']
[0.137s] Level 1:colcon.colcon_core.package_identification:_identify(src/relocalization) by extension 'ros'
[0.138s] DEBUG:colcon.colcon_core.package_identification:Package 'src/relocalization' with type 'ros.ament_python' and name 'relocalization'
[0.138s] Level 1:colcon.colcon_core.package_discovery:discover_packages(recursive) using defaults
[0.138s] Level 1:colcon.colcon_core.package_discovery:discover_packages(ignore) discover
[0.138s] Level 1:colcon.colcon_core.package_discovery:discover_packages(ignore) using defaults
[0.138s] Level 1:colcon.colcon_core.package_discovery:discover_packages(path) discover
[0.138s] Level 1:colcon.colcon_core.package_discovery:discover_packages(path) using defaults
[0.153s] INFO:colcon.colcon_core.package_selection:Skipping not selected package 'explore_lite_msgs' in 'src/m-explore-ros2/explore_lite_msgs'
[0.153s] INFO:colcon.colcon_core.package_selection:Skipping not selected package 'explore_supervisor' in 'src/explore_supervisor'
[0.153s] INFO:colcon.colcon_core.package_selection:Skipping not selected package 'mission_manager' in 'src/mission_manager'
[0.153s] INFO:colcon.colcon_core.package_selection:Skipping not selected package 'multirobot_map_merge' in 'src/m-explore-ros2/map_merge'
[0.153s] INFO:colcon.colcon_core.package_selection:Skipping not selected package 'relocalization' in 'src/relocalization'
[0.153s] INFO:colcon.colcon_core.package_selection:Skipping not selected package 'explore_lite' in 'src/m-explore-ros2/explore'
[0.154s] Level 1:colcon.colcon_core.package_discovery:discover_packages(prefix_path) check parameters
[0.154s] Level 1:colcon.colcon_core.package_discovery:discover_packages(prefix_path) discover
[0.155s] DEBUG:colcon.colcon_installed_package_information.package_discovery:Found 7 installed packages in /home/aiden/code/robot_sim_nav/install
[0.157s] DEBUG:colcon.colcon_installed_package_information.package_discovery:Found 534 installed packages in /opt/ros/jazzy
[0.158s] Level 1:colcon.colcon_core.package_discovery:discover_packages(prefix_path) using defaults
[0.210s] Level 5:colcon.colcon_core.verb:set package 'path_to_nav' build argument 'cmake_args' from command line to 'None'
[0.210s] Level 5:colcon.colcon_core.verb:set package 'path_to_nav' build argument 'cmake_target' from command line to 'None'
[0.210s] Level 5:colcon.colcon_core.verb:set package 'path_to_nav' build argument 'cmake_target_skip_unavailable' from command line to 'False'
[0.210s] Level 5:colcon.colcon_core.verb:set package 'path_to_nav' build argument 'cmake_clean_cache' from command line to 'False'
[0.210s] Level 5:colcon.colcon_core.verb:set package 'path_to_nav' build argument 'cmake_clean_first' from command line to 'False'
[0.210s] Level 5:colcon.colcon_core.verb:set package 'path_to_nav' build argument 'cmake_force_configure' from command line to 'False'
[0.210s] Level 5:colcon.colcon_core.verb:set package 'path_to_nav' build argument 'ament_cmake_args' from command line to 'None'
[0.210s] Level 5:colcon.colcon_core.verb:set package 'path_to_nav' build argument 'catkin_cmake_args' from command line to 'None'
[0.210s] Level 5:colcon.colcon_core.verb:set package 'path_to_nav' build argument 'catkin_skip_building_tests' from command line to 'False'
[0.210s] DEBUG:colcon.colcon_core.verb:Building package 'path_to_nav' with the following arguments: {'ament_cmake_args': None, 'build_base': '/home/aiden/code/robot_sim_nav/build/path_to_nav', 'catkin_cmake_args': None, 'catkin_skip_building_tests': False, 'cmake_args': None, 'cmake_clean_cache': False, 'cmake_clean_first': False, 'cmake_force_configure': False, 'cmake_target': None, 'cmake_target_skip_unavailable': False, 'install_base': '/home/aiden/code/robot_sim_nav/install/path_to_nav', 'merge_install': False, 'path': '/home/aiden/code/robot_sim_nav/src/path_to_nav', 'symlink_install': False, 'test_result_base': None}
[0.211s] INFO:colcon.colcon_core.executor:Executing jobs using 'parallel' executor
[0.211s] DEBUG:colcon.colcon_parallel_executor.executor.parallel:run_until_complete
[0.212s] INFO:colcon.colcon_ros.task.ament_python.build:Building ROS package in '/home/aiden/code/robot_sim_nav/src/path_to_nav' with build type 'ament_python'
[0.212s] Level 1:colcon.colcon_core.shell:create_environment_hook('path_to_nav', 'ament_prefix_path')
[0.214s] INFO:colcon.colcon_core.plugin_system:Skipping extension 'colcon_core.shell.bat': Not used on non-Windows systems
[0.214s] INFO:colcon.colcon_core.shell:Creating environment hook '/home/aiden/code/robot_sim_nav/install/path_to_nav/share/path_to_nav/hook/ament_prefix_path.ps1'
[0.214s] INFO:colcon.colcon_core.shell:Creating environment descriptor '/home/aiden/code/robot_sim_nav/install/path_to_nav/share/path_to_nav/hook/ament_prefix_path.dsv'
[0.215s] INFO:colcon.colcon_core.shell:Creating environment hook '/home/aiden/code/robot_sim_nav/install/path_to_nav/share/path_to_nav/hook/ament_prefix_path.sh'
[0.215s] INFO:colcon.colcon_core.shell:Skip shell extension 'powershell' for command environment: Not usable outside of PowerShell
[0.215s] DEBUG:colcon.colcon_core.shell:Skip shell extension 'dsv' for command environment
[0.495s] INFO:colcon.colcon_core.task.python.build:Building Python package in '/home/aiden/code/robot_sim_nav/src/path_to_nav'
[0.495s] INFO:colcon.colcon_core.shell:Skip shell extension 'powershell' for command environment: Not usable outside of PowerShell
[0.495s] DEBUG:colcon.colcon_core.shell:Skip shell extension 'dsv' for command environment
[1.278s] DEBUG:colcon.colcon_core.event_handler.log_command:Invoking command in '/home/aiden/code/robot_sim_nav/src/path_to_nav': DEBUGINFOD_URLS=https://debuginfod.ubuntu.com PYTHONPATH=/home/aiden/code/robot_sim_nav/build/path_to_nav/prefix_override:/usr/lib/python3/dist-packages/colcon_core/task/python/colcon_distutils_commands:/home/aiden/code/robot_sim_nav/install/path_to_nav/lib/python3.12/site-packages:${PYTHONPATH} /usr/bin/python3 -W ignore:setup.py install is deprecated -W ignore:easy_install command is deprecated setup.py egg_info --egg-base ../../build/path_to_nav build --build-base /home/aiden/code/robot_sim_nav/build/path_to_nav/build install --record /home/aiden/code/robot_sim_nav/build/path_to_nav/install.log --single-version-externally-managed install_data
[2.087s] DEBUG:colcon.colcon_core.event_handler.log_command:Invoked command in '/home/aiden/code/robot_sim_nav/src/path_to_nav' returned '0': DEBUGINFOD_URLS=https://debuginfod.ubuntu.com PYTHONPATH=/home/aiden/code/robot_sim_nav/build/path_to_nav/prefix_override:/usr/lib/python3/dist-packages/colcon_core/task/python/colcon_distutils_commands:/home/aiden/code/robot_sim_nav/install/path_to_nav/lib/python3.12/site-packages:${PYTHONPATH} /usr/bin/python3 -W ignore:setup.py install is deprecated -W ignore:easy_install command is deprecated setup.py egg_info --egg-base ../../build/path_to_nav build --build-base /home/aiden/code/robot_sim_nav/build/path_to_nav/build install --record /home/aiden/code/robot_sim_nav/build/path_to_nav/install.log --single-version-externally-managed install_data
[2.088s] Level 1:colcon.colcon_core.environment:checking '/home/aiden/code/robot_sim_nav/install/path_to_nav' for CMake module files
[2.089s] Level 1:colcon.colcon_core.environment:checking '/home/aiden/code/robot_sim_nav/install/path_to_nav' for CMake config files
[2.089s] Level 1:colcon.colcon_core.environment:checking '/home/aiden/code/robot_sim_nav/install/path_to_nav/lib'
[2.089s] Level 1:colcon.colcon_core.environment:checking '/home/aiden/code/robot_sim_nav/install/path_to_nav/bin'
[2.089s] Level 1:colcon.colcon_core.environment:checking '/home/aiden/code/robot_sim_nav/install/path_to_nav/lib/pkgconfig/path_to_nav.pc'
[2.089s] Level 1:colcon.colcon_core.environment:checking '/home/aiden/code/robot_sim_nav/install/path_to_nav/lib/python3.12/site-packages'
[2.089s] Level 1:colcon.colcon_core.shell:create_environment_hook('path_to_nav', 'pythonpath')
[2.090s] INFO:colcon.colcon_core.shell:Creating environment hook '/home/aiden/code/robot_sim_nav/install/path_to_nav/share/path_to_nav/hook/pythonpath.ps1'
[2.090s] INFO:colcon.colcon_core.shell:Creating environment descriptor '/home/aiden/code/robot_sim_nav/install/path_to_nav/share/path_to_nav/hook/pythonpath.dsv'
[2.090s] INFO:colcon.colcon_core.shell:Creating environment hook '/home/aiden/code/robot_sim_nav/install/path_to_nav/share/path_to_nav/hook/pythonpath.sh'
[2.091s] Level 1:colcon.colcon_core.environment:checking '/home/aiden/code/robot_sim_nav/install/path_to_nav/bin'
[2.091s] Level 1:colcon.colcon_core.environment:create_environment_scripts_only(path_to_nav)
[2.091s] INFO:colcon.colcon_core.shell:Creating package script '/home/aiden/code/robot_sim_nav/install/path_to_nav/share/path_to_nav/package.ps1'
[2.091s] INFO:colcon.colcon_core.shell:Creating package descriptor '/home/aiden/code/robot_sim_nav/install/path_to_nav/share/path_to_nav/package.dsv'
[2.092s] INFO:colcon.colcon_core.shell:Creating package script '/home/aiden/code/robot_sim_nav/install/path_to_nav/share/path_to_nav/package.sh'
[2.092s] INFO:colcon.colcon_core.shell:Creating package script '/home/aiden/code/robot_sim_nav/install/path_to_nav/share/path_to_nav/package.bash'
[2.093s] INFO:colcon.colcon_core.shell:Creating package script '/home/aiden/code/robot_sim_nav/install/path_to_nav/share/path_to_nav/package.zsh'
[2.093s] Level 1:colcon.colcon_core.environment:create_file_with_runtime_dependencies(/home/aiden/code/robot_sim_nav/install/path_to_nav/share/colcon-core/packages/path_to_nav)
[2.093s] DEBUG:colcon.colcon_parallel_executor.executor.parallel:closing loop
[2.093s] DEBUG:colcon.colcon_parallel_executor.executor.parallel:loop closed
[2.093s] DEBUG:colcon.colcon_parallel_executor.executor.parallel:run_until_complete finished with '0'
[2.093s] DEBUG:colcon.colcon_core.event_reactor:joining thread
[2.098s] INFO:colcon.colcon_core.plugin_system:Skipping extension 'colcon_notification.desktop_notification.terminal_notifier': Not used on non-Darwin systems
[2.099s] INFO:colcon.colcon_core.plugin_system:Skipping extension 'colcon_notification.desktop_notification.win32': Not used on non-Windows systems
[2.099s] INFO:colcon.colcon_notification.desktop_notification:Sending desktop notification using 'notify2'
[2.109s] DEBUG:colcon.colcon_core.event_reactor:joined thread
[2.109s] INFO:colcon.colcon_core.shell:Creating prefix script '/home/aiden/code/robot_sim_nav/install/local_setup.ps1'
[2.110s] INFO:colcon.colcon_core.shell:Creating prefix util module '/home/aiden/code/robot_sim_nav/install/_local_setup_util_ps1.py'
[2.111s] INFO:colcon.colcon_core.shell:Creating prefix chain script '/home/aiden/code/robot_sim_nav/install/setup.ps1'
[2.112s] INFO:colcon.colcon_core.shell:Creating prefix script '/home/aiden/code/robot_sim_nav/install/local_setup.sh'
[2.112s] INFO:colcon.colcon_core.shell:Creating prefix util module '/home/aiden/code/robot_sim_nav/install/_local_setup_util_sh.py'
[2.112s] INFO:colcon.colcon_core.shell:Creating prefix chain script '/home/aiden/code/robot_sim_nav/install/setup.sh'
[2.113s] INFO:colcon.colcon_core.shell:Creating prefix script '/home/aiden/code/robot_sim_nav/install/local_setup.bash'
[2.114s] INFO:colcon.colcon_core.shell:Creating prefix chain script '/home/aiden/code/robot_sim_nav/install/setup.bash'
[2.114s] INFO:colcon.colcon_core.shell:Creating prefix script '/home/aiden/code/robot_sim_nav/install/local_setup.zsh'
[2.115s] INFO:colcon.colcon_core.shell:Creating prefix chain script '/home/aiden/code/robot_sim_nav/install/setup.zsh'
