[0.091s] DEBUG:colcon:Command line arguments: ['/usr/bin/colcon', 'build']
[0.091s] DEBUG:colcon:Parsed command line arguments: Namespace(log_base=None, log_level=None, verb_name='build', build_base='build', install_base='install', merge_install=False, symlink_install=False, test_result_base=None, continue_on_error=False, executor='parallel', parallel_workers=20, event_handlers=None, ignore_user_meta=False, metas=['./colcon.meta'], base_paths=['.'], packages_ignore=None, packages_ignore_regex=None, paths=None, packages_up_to=None, packages_up_to_regex=None, packages_above=None, packages_above_and_dependencies=None, packages_above_depth=None, packages_select_by_dep=None, packages_skip_by_dep=None, packages_skip_up_to=None, packages_select_build_failed=False, packages_skip_build_finished=False, packages_select_test_failures=False, packages_skip_test_passed=False, packages_select=None, packages_skip=None, packages_select_regex=None, packages_skip_regex=None, packages_start=None, packages_end=None, allow_overriding=[], cmake_args=None, cmake_target=None, cmake_target_skip_unavailable=False, cmake_clean_cache=False, cmake_clean_first=False, cmake_force_configure=False, ament_cmake_args=None, catkin_cmake_args=None, catkin_skip_building_tests=False, verb_parser=<colcon_defaults.argument_parser.defaults.DefaultArgumentsDecorator object at 0x759af5fd2600>, verb_extension=<colcon_core.verb.build.BuildVerb object at 0x759af5fd2540>, main=<bound method BuildVerb.main of <colcon_core.verb.build.BuildVerb object at 0x759af5fd2540>>)
[0.126s] Level 1:colcon.colcon_core.package_discovery:discover_packages(colcon_meta) check parameters
[0.126s] Level 1:colcon.colcon_core.package_discovery:discover_packages(recursive) check parameters
[0.126s] Level 1:colcon.colcon_core.package_discovery:discover_packages(ignore) check parameters
[0.126s] Level 1:colcon.colcon_core.package_discovery:discover_packages(path) check parameters
[0.126s] Level 1:colcon.colcon_core.package_discovery:discover_packages(colcon_meta) discover
[0.126s] Level 1:colcon.colcon_core.package_discovery:discover_packages(recursive) discover
[0.126s] INFO:colcon.colcon_core.package_discovery:Crawling recursively for packages in '/home/aiden/code/robot_sim_nav'
[0.126s] Level 1:colcon.colcon_core.package_identification:_identify(.) by extensions ['ignore', 'ignore_ament_install']
[0.126s] Level 1:colcon.colcon_core.package_identification:_identify(.) by extension 'ignore'
[0.126s] Level 1:colcon.colcon_core.package_identification:_identify(.) by extension 'ignore_ament_install'
[0.126s] Level 1:colcon.colcon_core.package_identification:_identify(.) by extensions ['colcon_pkg']
[0.126s] Level 1:colcon.colcon_core.package_identification:_identify(.) by extension 'colcon_pkg'
[0.126s] Level 1:colcon.colcon_core.package_identification:_identify(.) by extensions ['colcon_meta']
[0.126s] Level 1:colcon.colcon_core.package_identification:_identify(.) by extension 'colcon_meta'
[0.126s] Level 1:colcon.colcon_core.package_identification:_identify(.) by extensions ['ros']
[0.126s] Level 1:colcon.colcon_core.package_identification:_identify(.) by extension 'ros'
[0.145s] Level 1:colcon.colcon_core.package_identification:_identify(.) by extensions ['cmake', 'python']
[0.145s] Level 1:colcon.colcon_core.package_identification:_identify(.) by extension 'cmake'
[0.145s] Level 1:colcon.colcon_core.package_identification:_identify(.) by extension 'python'
[0.145s] Level 1:colcon.colcon_core.package_identification:_identify(.) by extensions ['python_setup_py']
[0.145s] Level 1:colcon.colcon_core.package_identification:_identify(.) by extension 'python_setup_py'
[0.145s] Level 1:colcon.colcon_core.package_identification:_identify(build) by extensions ['ignore', 'ignore_ament_install']
[0.145s] Level 1:colcon.colcon_core.package_identification:_identify(build) by extension 'ignore'
[0.146s] Level 1:colcon.colcon_core.package_identification:_identify(build) ignored
[0.146s] Level 1:colcon.colcon_core.package_identification:_identify(install) by extensions ['ignore', 'ignore_ament_install']
[0.146s] Level 1:colcon.colcon_core.package_identification:_identify(install) by extension 'ignore'
[0.146s] Level 1:colcon.colcon_core.package_identification:_identify(install) ignored
[0.146s] Level 1:colcon.colcon_core.package_identification:_identify(launch) by extensions ['ignore', 'ignore_ament_install']
[0.146s] Level 1:colcon.colcon_core.package_identification:_identify(launch) by extension 'ignore'
[0.146s] Level 1:colcon.colcon_core.package_identification:_identify(launch) by extension 'ignore_ament_install'
[0.146s] Level 1:colcon.colcon_core.package_identification:_identify(launch) by extensions ['colcon_pkg']
[0.146s] Level 1:colcon.colcon_core.package_identification:_identify(launch) by extension 'colcon_pkg'
[0.146s] Level 1:colcon.colcon_core.package_identification:_identify(launch) by extensions ['colcon_meta']
[0.146s] Level 1:colcon.colcon_core.package_identification:_identify(launch) by extension 'colcon_meta'
[0.146s] Level 1:colcon.colcon_core.package_identification:_identify(launch) by extensions ['ros']
[0.146s] Level 1:colcon.colcon_core.package_identification:_identify(launch) by extension 'ros'
[0.146s] Level 1:colcon.colcon_core.package_identification:_identify(launch) by extensions ['cmake', 'python']
[0.146s] Level 1:colcon.colcon_core.package_identification:_identify(launch) by extension 'cmake'
[0.146s] Level 1:colcon.colcon_core.package_identification:_identify(launch) by extension 'python'
[0.146s] Level 1:colcon.colcon_core.package_identification:_identify(launch) by extensions ['python_setup_py']
[0.146s] Level 1:colcon.colcon_core.package_identification:_identify(launch) by extension 'python_setup_py'
[0.146s] Level 1:colcon.colcon_core.package_identification:_identify(log) by extensions ['ignore', 'ignore_ament_install']
[0.146s] Level 1:colcon.colcon_core.package_identification:_identify(log) by extension 'ignore'
[0.146s] Level 1:colcon.colcon_core.package_identification:_identify(log) ignored
[0.146s] Level 1:colcon.colcon_core.package_identification:_identify(src) by extensions ['ignore', 'ignore_ament_install']
[0.146s] Level 1:colcon.colcon_core.package_identification:_identify(src) by extension 'ignore'
[0.146s] Level 1:colcon.colcon_core.package_identification:_identify(src) by extension 'ignore_ament_install'
[0.146s] Level 1:colcon.colcon_core.package_identification:_identify(src) by extensions ['colcon_pkg']
[0.146s] Level 1:colcon.colcon_core.package_identification:_identify(src) by extension 'colcon_pkg'
[0.146s] Level 1:colcon.colcon_core.package_identification:_identify(src) by extensions ['colcon_meta']
[0.146s] Level 1:colcon.colcon_core.package_identification:_identify(src) by extension 'colcon_meta'
[0.146s] Level 1:colcon.colcon_core.package_identification:_identify(src) by extensions ['ros']
[0.146s] Level 1:colcon.colcon_core.package_identification:_identify(src) by extension 'ros'
[0.146s] Level 1:colcon.colcon_core.package_identification:_identify(src) by extensions ['cmake', 'python']
[0.146s] Level 1:colcon.colcon_core.package_identification:_identify(src) by extension 'cmake'
[0.146s] Level 1:colcon.colcon_core.package_identification:_identify(src) by extension 'python'
[0.146s] Level 1:colcon.colcon_core.package_identification:_identify(src) by extensions ['python_setup_py']
[0.147s] Level 1:colcon.colcon_core.package_identification:_identify(src) by extension 'python_setup_py'
[0.147s] Level 1:colcon.colcon_core.package_identification:_identify(src/data) by extensions ['ignore', 'ignore_ament_install']
[0.147s] Level 1:colcon.colcon_core.package_identification:_identify(src/data) by extension 'ignore'
[0.147s] Level 1:colcon.colcon_core.package_identification:_identify(src/data) by extension 'ignore_ament_install'
[0.147s] Level 1:colcon.colcon_core.package_identification:_identify(src/data) by extensions ['colcon_pkg']
[0.147s] Level 1:colcon.colcon_core.package_identification:_identify(src/data) by extension 'colcon_pkg'
[0.147s] Level 1:colcon.colcon_core.package_identification:_identify(src/data) by extensions ['colcon_meta']
[0.147s] Level 1:colcon.colcon_core.package_identification:_identify(src/data) by extension 'colcon_meta'
[0.147s] Level 1:colcon.colcon_core.package_identification:_identify(src/data) by extensions ['ros']
[0.147s] Level 1:colcon.colcon_core.package_identification:_identify(src/data) by extension 'ros'
[0.147s] Level 1:colcon.colcon_core.package_identification:_identify(src/data) by extensions ['cmake', 'python']
[0.147s] Level 1:colcon.colcon_core.package_identification:_identify(src/data) by extension 'cmake'
[0.147s] Level 1:colcon.colcon_core.package_identification:_identify(src/data) by extension 'python'
[0.147s] Level 1:colcon.colcon_core.package_identification:_identify(src/data) by extensions ['python_setup_py']
[0.147s] Level 1:colcon.colcon_core.package_identification:_identify(src/data) by extension 'python_setup_py'
[0.147s] Level 1:colcon.colcon_core.package_identification:_identify(src/explore_supervisor) by extensions ['ignore', 'ignore_ament_install']
[0.147s] Level 1:colcon.colcon_core.package_identification:_identify(src/explore_supervisor) by extension 'ignore'
[0.147s] Level 1:colcon.colcon_core.package_identification:_identify(src/explore_supervisor) by extension 'ignore_ament_install'
[0.147s] Level 1:colcon.colcon_core.package_identification:_identify(src/explore_supervisor) by extensions ['colcon_pkg']
[0.147s] Level 1:colcon.colcon_core.package_identification:_identify(src/explore_supervisor) by extension 'colcon_pkg'
[0.147s] Level 1:colcon.colcon_core.package_identification:_identify(src/explore_supervisor) by extensions ['colcon_meta']
[0.147s] Level 1:colcon.colcon_core.package_identification:_identify(src/explore_supervisor) by extension 'colcon_meta'
[0.147s] Level 1:colcon.colcon_core.package_identification:_identify(src/explore_supervisor) by extensions ['ros']
[0.147s] Level 1:colcon.colcon_core.package_identification:_identify(src/explore_supervisor) by extension 'ros'
[0.149s] DEBUG:colcon.colcon_core.package_identification:Package 'src/explore_supervisor' with type 'ros.ament_python' and name 'explore_supervisor'
[0.149s] Level 1:colcon.colcon_core.package_identification:_identify(src/m-explore-ros2) by extensions ['ignore', 'ignore_ament_install']
[0.149s] Level 1:colcon.colcon_core.package_identification:_identify(src/m-explore-ros2) by extension 'ignore'
[0.150s] Level 1:colcon.colcon_core.package_identification:_identify(src/m-explore-ros2) by extension 'ignore_ament_install'
[0.150s] Level 1:colcon.colcon_core.package_identification:_identify(src/m-explore-ros2) by extensions ['colcon_pkg']
[0.150s] Level 1:colcon.colcon_core.package_identification:_identify(src/m-explore-ros2) by extension 'colcon_pkg'
[0.150s] Level 1:colcon.colcon_core.package_identification:_identify(src/m-explore-ros2) by extensions ['colcon_meta']
[0.150s] Level 1:colcon.colcon_core.package_identification:_identify(src/m-explore-ros2) by extension 'colcon_meta'
[0.150s] Level 1:colcon.colcon_core.package_identification:_identify(src/m-explore-ros2) by extensions ['ros']
[0.150s] Level 1:colcon.colcon_core.package_identification:_identify(src/m-explore-ros2) by extension 'ros'
[0.150s] Level 1:colcon.colcon_core.package_identification:_identify(src/m-explore-ros2) by extensions ['cmake', 'python']
[0.150s] Level 1:colcon.colcon_core.package_identification:_identify(src/m-explore-ros2) by extension 'cmake'
[0.150s] Level 1:colcon.colcon_core.package_identification:_identify(src/m-explore-ros2) by extension 'python'
[0.150s] Level 1:colcon.colcon_core.package_identification:_identify(src/m-explore-ros2) by extensions ['python_setup_py']
[0.150s] Level 1:colcon.colcon_core.package_identification:_identify(src/m-explore-ros2) by extension 'python_setup_py'
[0.150s] Level 1:colcon.colcon_core.package_identification:_identify(src/m-explore-ros2/explore) by extensions ['ignore', 'ignore_ament_install']
[0.150s] Level 1:colcon.colcon_core.package_identification:_identify(src/m-explore-ros2/explore) by extension 'ignore'
[0.150s] Level 1:colcon.colcon_core.package_identification:_identify(src/m-explore-ros2/explore) by extension 'ignore_ament_install'
[0.150s] Level 1:colcon.colcon_core.package_identification:_identify(src/m-explore-ros2/explore) by extensions ['colcon_pkg']
[0.150s] Level 1:colcon.colcon_core.package_identification:_identify(src/m-explore-ros2/explore) by extension 'colcon_pkg'
[0.150s] Level 1:colcon.colcon_core.package_identification:_identify(src/m-explore-ros2/explore) by extensions ['colcon_meta']
[0.150s] Level 1:colcon.colcon_core.package_identification:_identify(src/m-explore-ros2/explore) by extension 'colcon_meta'
[0.150s] Level 1:colcon.colcon_core.package_identification:_identify(src/m-explore-ros2/explore) by extensions ['ros']
[0.150s] Level 1:colcon.colcon_core.package_identification:_identify(src/m-explore-ros2/explore) by extension 'ros'
[0.151s] DEBUG:colcon.colcon_core.package_identification:Package 'src/m-explore-ros2/explore' with type 'ros.ament_cmake' and name 'explore_lite'
[0.151s] Level 1:colcon.colcon_core.package_identification:_identify(src/m-explore-ros2/explore_lite_msgs) by extensions ['ignore', 'ignore_ament_install']
[0.151s] Level 1:colcon.colcon_core.package_identification:_identify(src/m-explore-ros2/explore_lite_msgs) by extension 'ignore'
[0.151s] Level 1:colcon.colcon_core.package_identification:_identify(src/m-explore-ros2/explore_lite_msgs) by extension 'ignore_ament_install'
[0.151s] Level 1:colcon.colcon_core.package_identification:_identify(src/m-explore-ros2/explore_lite_msgs) by extensions ['colcon_pkg']
[0.151s] Level 1:colcon.colcon_core.package_identification:_identify(src/m-explore-ros2/explore_lite_msgs) by extension 'colcon_pkg'
[0.151s] Level 1:colcon.colcon_core.package_identification:_identify(src/m-explore-ros2/explore_lite_msgs) by extensions ['colcon_meta']
[0.151s] Level 1:colcon.colcon_core.package_identification:_identify(src/m-explore-ros2/explore_lite_msgs) by extension 'colcon_meta'
[0.151s] Level 1:colcon.colcon_core.package_identification:_identify(src/m-explore-ros2/explore_lite_msgs) by extensions ['ros']
[0.151s] Level 1:colcon.colcon_core.package_identification:_identify(src/m-explore-ros2/explore_lite_msgs) by extension 'ros'
[0.151s] DEBUG:colcon.colcon_core.package_identification:Package 'src/m-explore-ros2/explore_lite_msgs' with type 'ros.ament_cmake' and name 'explore_lite_msgs'
[0.151s] Level 1:colcon.colcon_core.package_identification:_identify(src/m-explore-ros2/map_merge) by extensions ['ignore', 'ignore_ament_install']
[0.151s] Level 1:colcon.colcon_core.package_identification:_identify(src/m-explore-ros2/map_merge) by extension 'ignore'
[0.151s] Level 1:colcon.colcon_core.package_identification:_identify(src/m-explore-ros2/map_merge) by extension 'ignore_ament_install'
[0.151s] Level 1:colcon.colcon_core.package_identification:_identify(src/m-explore-ros2/map_merge) by extensions ['colcon_pkg']
[0.151s] Level 1:colcon.colcon_core.package_identification:_identify(src/m-explore-ros2/map_merge) by extension 'colcon_pkg'
[0.151s] Level 1:colcon.colcon_core.package_identification:_identify(src/m-explore-ros2/map_merge) by extensions ['colcon_meta']
[0.151s] Level 1:colcon.colcon_core.package_identification:_identify(src/m-explore-ros2/map_merge) by extension 'colcon_meta'
[0.151s] Level 1:colcon.colcon_core.package_identification:_identify(src/m-explore-ros2/map_merge) by extensions ['ros']
[0.151s] Level 1:colcon.colcon_core.package_identification:_identify(src/m-explore-ros2/map_merge) by extension 'ros'
[0.152s] DEBUG:colcon.colcon_core.package_identification:Package 'src/m-explore-ros2/map_merge' with type 'ros.ament_cmake' and name 'multirobot_map_merge'
[0.152s] Level 1:colcon.colcon_core.package_identification:_identify(src/maps) by extensions ['ignore', 'ignore_ament_install']
[0.152s] Level 1:colcon.colcon_core.package_identification:_identify(src/maps) by extension 'ignore'
[0.152s] Level 1:colcon.colcon_core.package_identification:_identify(src/maps) by extension 'ignore_ament_install'
[0.152s] Level 1:colcon.colcon_core.package_identification:_identify(src/maps) by extensions ['colcon_pkg']
[0.152s] Level 1:colcon.colcon_core.package_identification:_identify(src/maps) by extension 'colcon_pkg'
[0.152s] Level 1:colcon.colcon_core.package_identification:_identify(src/maps) by extensions ['colcon_meta']
[0.152s] Level 1:colcon.colcon_core.package_identification:_identify(src/maps) by extension 'colcon_meta'
[0.152s] Level 1:colcon.colcon_core.package_identification:_identify(src/maps) by extensions ['ros']
[0.152s] Level 1:colcon.colcon_core.package_identification:_identify(src/maps) by extension 'ros'
[0.152s] Level 1:colcon.colcon_core.package_identification:_identify(src/maps) by extensions ['cmake', 'python']
[0.152s] Level 1:colcon.colcon_core.package_identification:_identify(src/maps) by extension 'cmake'
[0.152s] Level 1:colcon.colcon_core.package_identification:_identify(src/maps) by extension 'python'
[0.152s] Level 1:colcon.colcon_core.package_identification:_identify(src/maps) by extensions ['python_setup_py']
[0.152s] Level 1:colcon.colcon_core.package_identification:_identify(src/maps) by extension 'python_setup_py'
[0.153s] Level 1:colcon.colcon_core.package_identification:_identify(src/mission_manager) by extensions ['ignore', 'ignore_ament_install']
[0.153s] Level 1:colcon.colcon_core.package_identification:_identify(src/mission_manager) by extension 'ignore'
[0.153s] Level 1:colcon.colcon_core.package_identification:_identify(src/mission_manager) by extension 'ignore_ament_install'
[0.153s] Level 1:colcon.colcon_core.package_identification:_identify(src/mission_manager) by extensions ['colcon_pkg']
[0.153s] Level 1:colcon.colcon_core.package_identification:_identify(src/mission_manager) by extension 'colcon_pkg'
[0.153s] Level 1:colcon.colcon_core.package_identification:_identify(src/mission_manager) by extensions ['colcon_meta']
[0.153s] Level 1:colcon.colcon_core.package_identification:_identify(src/mission_manager) by extension 'colcon_meta'
[0.153s] Level 1:colcon.colcon_core.package_identification:_identify(src/mission_manager) by extensions ['ros']
[0.153s] Level 1:colcon.colcon_core.package_identification:_identify(src/mission_manager) by extension 'ros'
[0.153s] DEBUG:colcon.colcon_core.package_identification:Package 'src/mission_manager' with type 'ros.ament_python' and name 'mission_manager'
[0.153s] Level 1:colcon.colcon_core.package_identification:_identify(src/relocalization) by extensions ['ignore', 'ignore_ament_install']
[0.153s] Level 1:colcon.colcon_core.package_identification:_identify(src/relocalization) by extension 'ignore'
[0.153s] Level 1:colcon.colcon_core.package_identification:_identify(src/relocalization) by extension 'ignore_ament_install'
[0.153s] Level 1:colcon.colcon_core.package_identification:_identify(src/relocalization) by extensions ['colcon_pkg']
[0.153s] Level 1:colcon.colcon_core.package_identification:_identify(src/relocalization) by extension 'colcon_pkg'
[0.153s] Level 1:colcon.colcon_core.package_identification:_identify(src/relocalization) by extensions ['colcon_meta']
[0.153s] Level 1:colcon.colcon_core.package_identification:_identify(src/relocalization) by extension 'colcon_meta'
[0.153s] Level 1:colcon.colcon_core.package_identification:_identify(src/relocalization) by extensions ['ros']
[0.153s] Level 1:colcon.colcon_core.package_identification:_identify(src/relocalization) by extension 'ros'
[0.154s] DEBUG:colcon.colcon_core.package_identification:Package 'src/relocalization' with type 'ros.ament_python' and name 'relocalization'
[0.154s] Level 1:colcon.colcon_core.package_discovery:discover_packages(recursive) using defaults
[0.154s] Level 1:colcon.colcon_core.package_discovery:discover_packages(ignore) discover
[0.154s] Level 1:colcon.colcon_core.package_discovery:discover_packages(ignore) using defaults
[0.154s] Level 1:colcon.colcon_core.package_discovery:discover_packages(path) discover
[0.154s] Level 1:colcon.colcon_core.package_discovery:discover_packages(path) using defaults
[0.169s] Level 1:colcon.colcon_core.package_discovery:discover_packages(prefix_path) check parameters
[0.169s] Level 1:colcon.colcon_core.package_discovery:discover_packages(prefix_path) discover
[0.172s] DEBUG:colcon.colcon_installed_package_information.package_discovery:Found 534 installed packages in /opt/ros/jazzy
[0.172s] Level 1:colcon.colcon_core.package_discovery:discover_packages(prefix_path) using defaults
[0.219s] Level 5:colcon.colcon_core.verb:set package 'explore_lite_msgs' build argument 'cmake_args' from command line to 'None'
[0.219s] Level 5:colcon.colcon_core.verb:set package 'explore_lite_msgs' build argument 'cmake_target' from command line to 'None'
[0.219s] Level 5:colcon.colcon_core.verb:set package 'explore_lite_msgs' build argument 'cmake_target_skip_unavailable' from command line to 'False'
[0.219s] Level 5:colcon.colcon_core.verb:set package 'explore_lite_msgs' build argument 'cmake_clean_cache' from command line to 'False'
[0.219s] Level 5:colcon.colcon_core.verb:set package 'explore_lite_msgs' build argument 'cmake_clean_first' from command line to 'False'
[0.219s] Level 5:colcon.colcon_core.verb:set package 'explore_lite_msgs' build argument 'cmake_force_configure' from command line to 'False'
[0.219s] Level 5:colcon.colcon_core.verb:set package 'explore_lite_msgs' build argument 'ament_cmake_args' from command line to 'None'
[0.219s] Level 5:colcon.colcon_core.verb:set package 'explore_lite_msgs' build argument 'catkin_cmake_args' from command line to 'None'
[0.219s] Level 5:colcon.colcon_core.verb:set package 'explore_lite_msgs' build argument 'catkin_skip_building_tests' from command line to 'False'
[0.219s] DEBUG:colcon.colcon_core.verb:Building package 'explore_lite_msgs' with the following arguments: {'ament_cmake_args': None, 'build_base': '/home/aiden/code/robot_sim_nav/build/explore_lite_msgs', 'catkin_cmake_args': None, 'catkin_skip_building_tests': False, 'cmake_args': None, 'cmake_clean_cache': False, 'cmake_clean_first': False, 'cmake_force_configure': False, 'cmake_target': None, 'cmake_target_skip_unavailable': False, 'install_base': '/home/aiden/code/robot_sim_nav/install/explore_lite_msgs', 'merge_install': False, 'path': '/home/aiden/code/robot_sim_nav/src/m-explore-ros2/explore_lite_msgs', 'symlink_install': False, 'test_result_base': None}
[0.219s] Level 5:colcon.colcon_core.verb:set package 'explore_supervisor' build argument 'cmake_args' from command line to 'None'
[0.219s] Level 5:colcon.colcon_core.verb:set package 'explore_supervisor' build argument 'cmake_target' from command line to 'None'
[0.219s] Level 5:colcon.colcon_core.verb:set package 'explore_supervisor' build argument 'cmake_target_skip_unavailable' from command line to 'False'
[0.219s] Level 5:colcon.colcon_core.verb:set package 'explore_supervisor' build argument 'cmake_clean_cache' from command line to 'False'
[0.219s] Level 5:colcon.colcon_core.verb:set package 'explore_supervisor' build argument 'cmake_clean_first' from command line to 'False'
[0.219s] Level 5:colcon.colcon_core.verb:set package 'explore_supervisor' build argument 'cmake_force_configure' from command line to 'False'
[0.219s] Level 5:colcon.colcon_core.verb:set package 'explore_supervisor' build argument 'ament_cmake_args' from command line to 'None'
[0.219s] Level 5:colcon.colcon_core.verb:set package 'explore_supervisor' build argument 'catkin_cmake_args' from command line to 'None'
[0.219s] Level 5:colcon.colcon_core.verb:set package 'explore_supervisor' build argument 'catkin_skip_building_tests' from command line to 'False'
[0.219s] DEBUG:colcon.colcon_core.verb:Building package 'explore_supervisor' with the following arguments: {'ament_cmake_args': None, 'build_base': '/home/aiden/code/robot_sim_nav/build/explore_supervisor', 'catkin_cmake_args': None, 'catkin_skip_building_tests': False, 'cmake_args': None, 'cmake_clean_cache': False, 'cmake_clean_first': False, 'cmake_force_configure': False, 'cmake_target': None, 'cmake_target_skip_unavailable': False, 'install_base': '/home/aiden/code/robot_sim_nav/install/explore_supervisor', 'merge_install': False, 'path': '/home/aiden/code/robot_sim_nav/src/explore_supervisor', 'symlink_install': False, 'test_result_base': None}
[0.219s] Level 5:colcon.colcon_core.verb:set package 'mission_manager' build argument 'cmake_args' from command line to 'None'
[0.219s] Level 5:colcon.colcon_core.verb:set package 'mission_manager' build argument 'cmake_target' from command line to 'None'
[0.219s] Level 5:colcon.colcon_core.verb:set package 'mission_manager' build argument 'cmake_target_skip_unavailable' from command line to 'False'
[0.219s] Level 5:colcon.colcon_core.verb:set package 'mission_manager' build argument 'cmake_clean_cache' from command line to 'False'
[0.219s] Level 5:colcon.colcon_core.verb:set package 'mission_manager' build argument 'cmake_clean_first' from command line to 'False'
[0.219s] Level 5:colcon.colcon_core.verb:set package 'mission_manager' build argument 'cmake_force_configure' from command line to 'False'
[0.219s] Level 5:colcon.colcon_core.verb:set package 'mission_manager' build argument 'ament_cmake_args' from command line to 'None'
[0.219s] Level 5:colcon.colcon_core.verb:set package 'mission_manager' build argument 'catkin_cmake_args' from command line to 'None'
[0.219s] Level 5:colcon.colcon_core.verb:set package 'mission_manager' build argument 'catkin_skip_building_tests' from command line to 'False'
[0.219s] DEBUG:colcon.colcon_core.verb:Building package 'mission_manager' with the following arguments: {'ament_cmake_args': None, 'build_base': '/home/aiden/code/robot_sim_nav/build/mission_manager', 'catkin_cmake_args': None, 'catkin_skip_building_tests': False, 'cmake_args': None, 'cmake_clean_cache': False, 'cmake_clean_first': False, 'cmake_force_configure': False, 'cmake_target': None, 'cmake_target_skip_unavailable': False, 'install_base': '/home/aiden/code/robot_sim_nav/install/mission_manager', 'merge_install': False, 'path': '/home/aiden/code/robot_sim_nav/src/mission_manager', 'symlink_install': False, 'test_result_base': None}
[0.219s] Level 5:colcon.colcon_core.verb:set package 'multirobot_map_merge' build argument 'cmake_args' from command line to 'None'
[0.219s] Level 5:colcon.colcon_core.verb:set package 'multirobot_map_merge' build argument 'cmake_target' from command line to 'None'
[0.219s] Level 5:colcon.colcon_core.verb:set package 'multirobot_map_merge' build argument 'cmake_target_skip_unavailable' from command line to 'False'
[0.219s] Level 5:colcon.colcon_core.verb:set package 'multirobot_map_merge' build argument 'cmake_clean_cache' from command line to 'False'
[0.219s] Level 5:colcon.colcon_core.verb:set package 'multirobot_map_merge' build argument 'cmake_clean_first' from command line to 'False'
[0.219s] Level 5:colcon.colcon_core.verb:set package 'multirobot_map_merge' build argument 'cmake_force_configure' from command line to 'False'
[0.219s] Level 5:colcon.colcon_core.verb:set package 'multirobot_map_merge' build argument 'ament_cmake_args' from command line to 'None'
[0.219s] Level 5:colcon.colcon_core.verb:set package 'multirobot_map_merge' build argument 'catkin_cmake_args' from command line to 'None'
[0.219s] Level 5:colcon.colcon_core.verb:set package 'multirobot_map_merge' build argument 'catkin_skip_building_tests' from command line to 'False'
[0.219s] DEBUG:colcon.colcon_core.verb:Building package 'multirobot_map_merge' with the following arguments: {'ament_cmake_args': None, 'build_base': '/home/aiden/code/robot_sim_nav/build/multirobot_map_merge', 'catkin_cmake_args': None, 'catkin_skip_building_tests': False, 'cmake_args': None, 'cmake_clean_cache': False, 'cmake_clean_first': False, 'cmake_force_configure': False, 'cmake_target': None, 'cmake_target_skip_unavailable': False, 'install_base': '/home/aiden/code/robot_sim_nav/install/multirobot_map_merge', 'merge_install': False, 'path': '/home/aiden/code/robot_sim_nav/src/m-explore-ros2/map_merge', 'symlink_install': False, 'test_result_base': None}
[0.220s] Level 5:colcon.colcon_core.verb:set package 'relocalization' build argument 'cmake_args' from command line to 'None'
[0.220s] Level 5:colcon.colcon_core.verb:set package 'relocalization' build argument 'cmake_target' from command line to 'None'
[0.220s] Level 5:colcon.colcon_core.verb:set package 'relocalization' build argument 'cmake_target_skip_unavailable' from command line to 'False'
[0.220s] Level 5:colcon.colcon_core.verb:set package 'relocalization' build argument 'cmake_clean_cache' from command line to 'False'
[0.220s] Level 5:colcon.colcon_core.verb:set package 'relocalization' build argument 'cmake_clean_first' from command line to 'False'
[0.220s] Level 5:colcon.colcon_core.verb:set package 'relocalization' build argument 'cmake_force_configure' from command line to 'False'
[0.220s] Level 5:colcon.colcon_core.verb:set package 'relocalization' build argument 'ament_cmake_args' from command line to 'None'
[0.220s] Level 5:colcon.colcon_core.verb:set package 'relocalization' build argument 'catkin_cmake_args' from command line to 'None'
[0.220s] Level 5:colcon.colcon_core.verb:set package 'relocalization' build argument 'catkin_skip_building_tests' from command line to 'False'
[0.220s] DEBUG:colcon.colcon_core.verb:Building package 'relocalization' with the following arguments: {'ament_cmake_args': None, 'build_base': '/home/aiden/code/robot_sim_nav/build/relocalization', 'catkin_cmake_args': None, 'catkin_skip_building_tests': False, 'cmake_args': None, 'cmake_clean_cache': False, 'cmake_clean_first': False, 'cmake_force_configure': False, 'cmake_target': None, 'cmake_target_skip_unavailable': False, 'install_base': '/home/aiden/code/robot_sim_nav/install/relocalization', 'merge_install': False, 'path': '/home/aiden/code/robot_sim_nav/src/relocalization', 'symlink_install': False, 'test_result_base': None}
[0.220s] Level 5:colcon.colcon_core.verb:set package 'explore_lite' build argument 'cmake_args' from command line to 'None'
[0.220s] Level 5:colcon.colcon_core.verb:set package 'explore_lite' build argument 'cmake_target' from command line to 'None'
[0.220s] Level 5:colcon.colcon_core.verb:set package 'explore_lite' build argument 'cmake_target_skip_unavailable' from command line to 'False'
[0.220s] Level 5:colcon.colcon_core.verb:set package 'explore_lite' build argument 'cmake_clean_cache' from command line to 'False'
[0.220s] Level 5:colcon.colcon_core.verb:set package 'explore_lite' build argument 'cmake_clean_first' from command line to 'False'
[0.220s] Level 5:colcon.colcon_core.verb:set package 'explore_lite' build argument 'cmake_force_configure' from command line to 'False'
[0.220s] Level 5:colcon.colcon_core.verb:set package 'explore_lite' build argument 'ament_cmake_args' from command line to 'None'
[0.220s] Level 5:colcon.colcon_core.verb:set package 'explore_lite' build argument 'catkin_cmake_args' from command line to 'None'
[0.220s] Level 5:colcon.colcon_core.verb:set package 'explore_lite' build argument 'catkin_skip_building_tests' from command line to 'False'
[0.220s] DEBUG:colcon.colcon_core.verb:Building package 'explore_lite' with the following arguments: {'ament_cmake_args': None, 'build_base': '/home/aiden/code/robot_sim_nav/build/explore_lite', 'catkin_cmake_args': None, 'catkin_skip_building_tests': False, 'cmake_args': None, 'cmake_clean_cache': False, 'cmake_clean_first': False, 'cmake_force_configure': False, 'cmake_target': None, 'cmake_target_skip_unavailable': False, 'install_base': '/home/aiden/code/robot_sim_nav/install/explore_lite', 'merge_install': False, 'path': '/home/aiden/code/robot_sim_nav/src/m-explore-ros2/explore', 'symlink_install': False, 'test_result_base': None}
[0.220s] INFO:colcon.colcon_core.executor:Executing jobs using 'parallel' executor
[0.221s] DEBUG:colcon.colcon_parallel_executor.executor.parallel:run_until_complete
[0.221s] INFO:colcon.colcon_ros.task.ament_cmake.build:Building ROS package in '/home/aiden/code/robot_sim_nav/src/m-explore-ros2/explore_lite_msgs' with build type 'ament_cmake'
[0.221s] INFO:colcon.colcon_cmake.task.cmake.build:Building CMake package in '/home/aiden/code/robot_sim_nav/src/m-explore-ros2/explore_lite_msgs'
[0.225s] INFO:colcon.colcon_core.plugin_system:Skipping extension 'colcon_core.shell.bat': Not used on non-Windows systems
[0.225s] INFO:colcon.colcon_core.shell:Skip shell extension 'powershell' for command environment: Not usable outside of PowerShell
[0.225s] DEBUG:colcon.colcon_core.shell:Skip shell extension 'dsv' for command environment
[0.228s] INFO:colcon.colcon_ros.task.ament_python.build:Building ROS package in '/home/aiden/code/robot_sim_nav/src/explore_supervisor' with build type 'ament_python'
[0.228s] Level 1:colcon.colcon_core.shell:create_environment_hook('explore_supervisor', 'ament_prefix_path')
[0.228s] INFO:colcon.colcon_core.shell:Creating environment hook '/home/aiden/code/robot_sim_nav/install/explore_supervisor/share/explore_supervisor/hook/ament_prefix_path.ps1'
[0.229s] INFO:colcon.colcon_core.shell:Creating environment descriptor '/home/aiden/code/robot_sim_nav/install/explore_supervisor/share/explore_supervisor/hook/ament_prefix_path.dsv'
[0.229s] INFO:colcon.colcon_core.shell:Creating environment hook '/home/aiden/code/robot_sim_nav/install/explore_supervisor/share/explore_supervisor/hook/ament_prefix_path.sh'
[0.230s] INFO:colcon.colcon_core.shell:Skip shell extension 'powershell' for command environment: Not usable outside of PowerShell
[0.230s] DEBUG:colcon.colcon_core.shell:Skip shell extension 'dsv' for command environment
[0.232s] INFO:colcon.colcon_ros.task.ament_python.build:Building ROS package in '/home/aiden/code/robot_sim_nav/src/mission_manager' with build type 'ament_python'
[0.232s] Level 1:colcon.colcon_core.shell:create_environment_hook('mission_manager', 'ament_prefix_path')
[0.233s] INFO:colcon.colcon_core.shell:Creating environment hook '/home/aiden/code/robot_sim_nav/install/mission_manager/share/mission_manager/hook/ament_prefix_path.ps1'
[0.233s] INFO:colcon.colcon_core.shell:Creating environment descriptor '/home/aiden/code/robot_sim_nav/install/mission_manager/share/mission_manager/hook/ament_prefix_path.dsv'
[0.233s] INFO:colcon.colcon_core.shell:Creating environment hook '/home/aiden/code/robot_sim_nav/install/mission_manager/share/mission_manager/hook/ament_prefix_path.sh'
[0.234s] INFO:colcon.colcon_core.shell:Skip shell extension 'powershell' for command environment: Not usable outside of PowerShell
[0.234s] DEBUG:colcon.colcon_core.shell:Skip shell extension 'dsv' for command environment
[0.236s] INFO:colcon.colcon_ros.task.ament_cmake.build:Building ROS package in '/home/aiden/code/robot_sim_nav/src/m-explore-ros2/map_merge' with build type 'ament_cmake'
[0.236s] INFO:colcon.colcon_cmake.task.cmake.build:Building CMake package in '/home/aiden/code/robot_sim_nav/src/m-explore-ros2/map_merge'
[0.236s] INFO:colcon.colcon_core.shell:Skip shell extension 'powershell' for command environment: Not usable outside of PowerShell
[0.236s] DEBUG:colcon.colcon_core.shell:Skip shell extension 'dsv' for command environment
[0.238s] INFO:colcon.colcon_ros.task.ament_python.build:Building ROS package in '/home/aiden/code/robot_sim_nav/src/relocalization' with build type 'ament_python'
[0.238s] Level 1:colcon.colcon_core.shell:create_environment_hook('relocalization', 'ament_prefix_path')
[0.238s] INFO:colcon.colcon_core.shell:Creating environment hook '/home/aiden/code/robot_sim_nav/install/relocalization/share/relocalization/hook/ament_prefix_path.ps1'
[0.239s] INFO:colcon.colcon_core.shell:Creating environment descriptor '/home/aiden/code/robot_sim_nav/install/relocalization/share/relocalization/hook/ament_prefix_path.dsv'
[0.239s] INFO:colcon.colcon_core.shell:Creating environment hook '/home/aiden/code/robot_sim_nav/install/relocalization/share/relocalization/hook/ament_prefix_path.sh'
[0.240s] INFO:colcon.colcon_core.shell:Skip shell extension 'powershell' for command environment: Not usable outside of PowerShell
[0.240s] DEBUG:colcon.colcon_core.shell:Skip shell extension 'dsv' for command environment
[0.245s] DEBUG:colcon.colcon_core.event_handler.log_command:Invoking command in '/home/aiden/code/robot_sim_nav/build/explore_lite_msgs': CMAKE_PREFIX_PATH=${CMAKE_PREFIX_PATH}:/opt/ros/jazzy DEBUGINFOD_URLS=https://debuginfod.ubuntu.com /usr/bin/cmake /home/aiden/code/robot_sim_nav/src/m-explore-ros2/explore_lite_msgs -DCMAKE_INSTALL_PREFIX=/home/aiden/code/robot_sim_nav/install/explore_lite_msgs
[0.415s] INFO:colcon.colcon_core.task.python.build:Building Python package in '/home/aiden/code/robot_sim_nav/src/explore_supervisor'
[0.415s] INFO:colcon.colcon_core.shell:Skip shell extension 'powershell' for command environment: Not usable outside of PowerShell
[0.415s] DEBUG:colcon.colcon_core.shell:Skip shell extension 'dsv' for command environment
[0.589s] INFO:colcon.colcon_core.task.python.build:Building Python package in '/home/aiden/code/robot_sim_nav/src/mission_manager'
[0.589s] INFO:colcon.colcon_core.shell:Skip shell extension 'powershell' for command environment: Not usable outside of PowerShell
[0.589s] DEBUG:colcon.colcon_core.shell:Skip shell extension 'dsv' for command environment
[0.594s] DEBUG:colcon.colcon_core.event_handler.log_command:Invoking command in '/home/aiden/code/robot_sim_nav/build/multirobot_map_merge': CMAKE_PREFIX_PATH=${CMAKE_PREFIX_PATH}:/opt/ros/jazzy DEBUGINFOD_URLS=https://debuginfod.ubuntu.com /usr/bin/cmake /home/aiden/code/robot_sim_nav/src/m-explore-ros2/map_merge -DCMAKE_INSTALL_PREFIX=/home/aiden/code/robot_sim_nav/install/multirobot_map_merge
[0.766s] INFO:colcon.colcon_core.task.python.build:Building Python package in '/home/aiden/code/robot_sim_nav/src/relocalization'
[0.766s] INFO:colcon.colcon_core.shell:Skip shell extension 'powershell' for command environment: Not usable outside of PowerShell
[0.766s] DEBUG:colcon.colcon_core.shell:Skip shell extension 'dsv' for command environment
[1.069s] DEBUG:colcon.colcon_core.event_handler.log_command:Invoked command in '/home/aiden/code/robot_sim_nav/build/explore_lite_msgs' returned '0': CMAKE_PREFIX_PATH=${CMAKE_PREFIX_PATH}:/opt/ros/jazzy DEBUGINFOD_URLS=https://debuginfod.ubuntu.com /usr/bin/cmake /home/aiden/code/robot_sim_nav/src/m-explore-ros2/explore_lite_msgs -DCMAKE_INSTALL_PREFIX=/home/aiden/code/robot_sim_nav/install/explore_lite_msgs
[1.070s] DEBUG:colcon.colcon_core.event_handler.log_command:Invoking command in '/home/aiden/code/robot_sim_nav/build/explore_lite_msgs': CMAKE_PREFIX_PATH=${CMAKE_PREFIX_PATH}:/opt/ros/jazzy DEBUGINFOD_URLS=https://debuginfod.ubuntu.com /usr/bin/cmake --build /home/aiden/code/robot_sim_nav/build/explore_lite_msgs -- -j20 -l20
[1.319s] DEBUG:colcon.colcon_core.event_handler.log_command:Invoking command in '/home/aiden/code/robot_sim_nav/src/explore_supervisor': DEBUGINFOD_URLS=https://debuginfod.ubuntu.com PYTHONPATH=/home/aiden/code/robot_sim_nav/build/explore_supervisor/prefix_override:/usr/lib/python3/dist-packages/colcon_core/task/python/colcon_distutils_commands:/home/aiden/code/robot_sim_nav/install/explore_supervisor/lib/python3.12/site-packages:${PYTHONPATH} /usr/bin/python3 -W ignore:setup.py install is deprecated -W ignore:easy_install command is deprecated setup.py egg_info --egg-base ../../build/explore_supervisor build --build-base /home/aiden/code/robot_sim_nav/build/explore_supervisor/build install --record /home/aiden/code/robot_sim_nav/build/explore_supervisor/install.log --single-version-externally-managed install_data
[1.325s] DEBUG:colcon.colcon_core.event_handler.log_command:Invoking command in '/home/aiden/code/robot_sim_nav/src/relocalization': DEBUGINFOD_URLS=https://debuginfod.ubuntu.com PYTHONPATH=/home/aiden/code/robot_sim_nav/build/relocalization/prefix_override:/usr/lib/python3/dist-packages/colcon_core/task/python/colcon_distutils_commands:/home/aiden/code/robot_sim_nav/install/relocalization/lib/python3.12/site-packages:${PYTHONPATH} /usr/bin/python3 -W ignore:setup.py install is deprecated -W ignore:easy_install command is deprecated setup.py egg_info --egg-base ../../build/relocalization build --build-base /home/aiden/code/robot_sim_nav/build/relocalization/build install --record /home/aiden/code/robot_sim_nav/build/relocalization/install.log --single-version-externally-managed install_data
[1.329s] DEBUG:colcon.colcon_core.event_handler.log_command:Invoking command in '/home/aiden/code/robot_sim_nav/src/mission_manager': DEBUGINFOD_URLS=https://debuginfod.ubuntu.com PYTHONPATH=/home/aiden/code/robot_sim_nav/build/mission_manager/prefix_override:/usr/lib/python3/dist-packages/colcon_core/task/python/colcon_distutils_commands:/home/aiden/code/robot_sim_nav/install/mission_manager/lib/python3.12/site-packages:${PYTHONPATH} /usr/bin/python3 -W ignore:setup.py install is deprecated -W ignore:easy_install command is deprecated setup.py egg_info --egg-base ../../build/mission_manager build --build-base /home/aiden/code/robot_sim_nav/build/mission_manager/build install --record /home/aiden/code/robot_sim_nav/build/mission_manager/install.log --single-version-externally-managed install_data
[1.448s] DEBUG:colcon.colcon_core.event_handler.log_command:Invoked command in '/home/aiden/code/robot_sim_nav/build/explore_lite_msgs' returned '0': CMAKE_PREFIX_PATH=${CMAKE_PREFIX_PATH}:/opt/ros/jazzy DEBUGINFOD_URLS=https://debuginfod.ubuntu.com /usr/bin/cmake --build /home/aiden/code/robot_sim_nav/build/explore_lite_msgs -- -j20 -l20
[1.455s] DEBUG:colcon.colcon_core.event_handler.log_command:Invoking command in '/home/aiden/code/robot_sim_nav/build/explore_lite_msgs': CMAKE_PREFIX_PATH=${CMAKE_PREFIX_PATH}:/opt/ros/jazzy DEBUGINFOD_URLS=https://debuginfod.ubuntu.com /usr/bin/cmake --install /home/aiden/code/robot_sim_nav/build/explore_lite_msgs
[1.526s] Level 1:colcon.colcon_core.environment:create_environment_scripts_only(explore_lite_msgs)
[1.527s] DEBUG:colcon.colcon_core.event_handler.log_command:Invoked command in '/home/aiden/code/robot_sim_nav/build/explore_lite_msgs' returned '0': CMAKE_PREFIX_PATH=${CMAKE_PREFIX_PATH}:/opt/ros/jazzy DEBUGINFOD_URLS=https://debuginfod.ubuntu.com /usr/bin/cmake --install /home/aiden/code/robot_sim_nav/build/explore_lite_msgs
[1.530s] Level 1:colcon.colcon_core.environment:checking '/home/aiden/code/robot_sim_nav/install/explore_lite_msgs' for CMake module files
[1.531s] Level 1:colcon.colcon_core.environment:checking '/home/aiden/code/robot_sim_nav/install/explore_lite_msgs' for CMake config files
[1.532s] Level 1:colcon.colcon_core.shell:create_environment_hook('explore_lite_msgs', 'cmake_prefix_path')
[1.532s] INFO:colcon.colcon_core.shell:Creating environment hook '/home/aiden/code/robot_sim_nav/install/explore_lite_msgs/share/explore_lite_msgs/hook/cmake_prefix_path.ps1'
[1.533s] INFO:colcon.colcon_core.shell:Creating environment descriptor '/home/aiden/code/robot_sim_nav/install/explore_lite_msgs/share/explore_lite_msgs/hook/cmake_prefix_path.dsv'
[1.533s] INFO:colcon.colcon_core.shell:Creating environment hook '/home/aiden/code/robot_sim_nav/install/explore_lite_msgs/share/explore_lite_msgs/hook/cmake_prefix_path.sh'
[1.534s] Level 1:colcon.colcon_core.environment:checking '/home/aiden/code/robot_sim_nav/install/explore_lite_msgs/lib'
[1.534s] Level 1:colcon.colcon_core.shell:create_environment_hook('explore_lite_msgs', 'ld_library_path_lib')
[1.534s] INFO:colcon.colcon_core.shell:Creating environment hook '/home/aiden/code/robot_sim_nav/install/explore_lite_msgs/share/explore_lite_msgs/hook/ld_library_path_lib.ps1'
[1.535s] INFO:colcon.colcon_core.shell:Creating environment descriptor '/home/aiden/code/robot_sim_nav/install/explore_lite_msgs/share/explore_lite_msgs/hook/ld_library_path_lib.dsv'
[1.535s] INFO:colcon.colcon_core.shell:Creating environment hook '/home/aiden/code/robot_sim_nav/install/explore_lite_msgs/share/explore_lite_msgs/hook/ld_library_path_lib.sh'
[1.535s] Level 1:colcon.colcon_core.environment:checking '/home/aiden/code/robot_sim_nav/install/explore_lite_msgs/bin'
[1.536s] Level 1:colcon.colcon_core.environment:checking '/home/aiden/code/robot_sim_nav/install/explore_lite_msgs/lib/pkgconfig/explore_lite_msgs.pc'
[1.536s] Level 1:colcon.colcon_core.environment:checking '/home/aiden/code/robot_sim_nav/install/explore_lite_msgs/lib/python3.12/site-packages'
[1.536s] Level 1:colcon.colcon_core.shell:create_environment_hook('explore_lite_msgs', 'pythonpath')
[1.536s] INFO:colcon.colcon_core.shell:Creating environment hook '/home/aiden/code/robot_sim_nav/install/explore_lite_msgs/share/explore_lite_msgs/hook/pythonpath.ps1'
[1.537s] INFO:colcon.colcon_core.shell:Creating environment descriptor '/home/aiden/code/robot_sim_nav/install/explore_lite_msgs/share/explore_lite_msgs/hook/pythonpath.dsv'
[1.537s] INFO:colcon.colcon_core.shell:Creating environment hook '/home/aiden/code/robot_sim_nav/install/explore_lite_msgs/share/explore_lite_msgs/hook/pythonpath.sh'
[1.538s] Level 1:colcon.colcon_core.environment:checking '/home/aiden/code/robot_sim_nav/install/explore_lite_msgs/bin'
[1.538s] INFO:colcon.colcon_core.shell:Creating package script '/home/aiden/code/robot_sim_nav/install/explore_lite_msgs/share/explore_lite_msgs/package.ps1'
[1.539s] INFO:colcon.colcon_core.shell:Creating package descriptor '/home/aiden/code/robot_sim_nav/install/explore_lite_msgs/share/explore_lite_msgs/package.dsv'
[1.540s] INFO:colcon.colcon_core.shell:Creating package script '/home/aiden/code/robot_sim_nav/install/explore_lite_msgs/share/explore_lite_msgs/package.sh'
[1.541s] INFO:colcon.colcon_core.shell:Creating package script '/home/aiden/code/robot_sim_nav/install/explore_lite_msgs/share/explore_lite_msgs/package.bash'
[1.541s] INFO:colcon.colcon_core.shell:Creating package script '/home/aiden/code/robot_sim_nav/install/explore_lite_msgs/share/explore_lite_msgs/package.zsh'
[1.542s] Level 1:colcon.colcon_core.environment:create_file_with_runtime_dependencies(/home/aiden/code/robot_sim_nav/install/explore_lite_msgs/share/colcon-core/packages/explore_lite_msgs)
[1.543s] Level 1:colcon.colcon_core.environment:create_environment_scripts_only(explore_lite_msgs)
[1.543s] Level 1:colcon.colcon_core.environment:checking '/home/aiden/code/robot_sim_nav/install/explore_lite_msgs' for CMake module files
[1.544s] Level 1:colcon.colcon_core.environment:checking '/home/aiden/code/robot_sim_nav/install/explore_lite_msgs' for CMake config files
[1.544s] Level 1:colcon.colcon_core.shell:create_environment_hook('explore_lite_msgs', 'cmake_prefix_path')
[1.545s] INFO:colcon.colcon_core.shell:Creating environment hook '/home/aiden/code/robot_sim_nav/install/explore_lite_msgs/share/explore_lite_msgs/hook/cmake_prefix_path.ps1'
[1.545s] INFO:colcon.colcon_core.shell:Creating environment descriptor '/home/aiden/code/robot_sim_nav/install/explore_lite_msgs/share/explore_lite_msgs/hook/cmake_prefix_path.dsv'
[1.545s] INFO:colcon.colcon_core.shell:Creating environment hook '/home/aiden/code/robot_sim_nav/install/explore_lite_msgs/share/explore_lite_msgs/hook/cmake_prefix_path.sh'
[1.546s] Level 1:colcon.colcon_core.environment:checking '/home/aiden/code/robot_sim_nav/install/explore_lite_msgs/lib'
[1.546s] Level 1:colcon.colcon_core.shell:create_environment_hook('explore_lite_msgs', 'ld_library_path_lib')
[1.546s] INFO:colcon.colcon_core.shell:Creating environment hook '/home/aiden/code/robot_sim_nav/install/explore_lite_msgs/share/explore_lite_msgs/hook/ld_library_path_lib.ps1'
[1.546s] INFO:colcon.colcon_core.shell:Creating environment descriptor '/home/aiden/code/robot_sim_nav/install/explore_lite_msgs/share/explore_lite_msgs/hook/ld_library_path_lib.dsv'
[1.546s] INFO:colcon.colcon_core.shell:Creating environment hook '/home/aiden/code/robot_sim_nav/install/explore_lite_msgs/share/explore_lite_msgs/hook/ld_library_path_lib.sh'
[1.547s] Level 1:colcon.colcon_core.environment:checking '/home/aiden/code/robot_sim_nav/install/explore_lite_msgs/bin'
[1.547s] Level 1:colcon.colcon_core.environment:checking '/home/aiden/code/robot_sim_nav/install/explore_lite_msgs/lib/pkgconfig/explore_lite_msgs.pc'
[1.547s] Level 1:colcon.colcon_core.environment:checking '/home/aiden/code/robot_sim_nav/install/explore_lite_msgs/lib/python3.12/site-packages'
[1.547s] Level 1:colcon.colcon_core.shell:create_environment_hook('explore_lite_msgs', 'pythonpath')
[1.547s] INFO:colcon.colcon_core.shell:Creating environment hook '/home/aiden/code/robot_sim_nav/install/explore_lite_msgs/share/explore_lite_msgs/hook/pythonpath.ps1'
[1.547s] INFO:colcon.colcon_core.shell:Creating environment descriptor '/home/aiden/code/robot_sim_nav/install/explore_lite_msgs/share/explore_lite_msgs/hook/pythonpath.dsv'
[1.547s] INFO:colcon.colcon_core.shell:Creating environment hook '/home/aiden/code/robot_sim_nav/install/explore_lite_msgs/share/explore_lite_msgs/hook/pythonpath.sh'
[1.548s] Level 1:colcon.colcon_core.environment:checking '/home/aiden/code/robot_sim_nav/install/explore_lite_msgs/bin'
[1.548s] INFO:colcon.colcon_core.shell:Creating package script '/home/aiden/code/robot_sim_nav/install/explore_lite_msgs/share/explore_lite_msgs/package.ps1'
[1.549s] INFO:colcon.colcon_core.shell:Creating package descriptor '/home/aiden/code/robot_sim_nav/install/explore_lite_msgs/share/explore_lite_msgs/package.dsv'
[1.549s] INFO:colcon.colcon_core.shell:Creating package script '/home/aiden/code/robot_sim_nav/install/explore_lite_msgs/share/explore_lite_msgs/package.sh'
[1.549s] INFO:colcon.colcon_core.shell:Creating package script '/home/aiden/code/robot_sim_nav/install/explore_lite_msgs/share/explore_lite_msgs/package.bash'
[1.549s] INFO:colcon.colcon_core.shell:Creating package script '/home/aiden/code/robot_sim_nav/install/explore_lite_msgs/share/explore_lite_msgs/package.zsh'
[1.549s] Level 1:colcon.colcon_core.environment:create_file_with_runtime_dependencies(/home/aiden/code/robot_sim_nav/install/explore_lite_msgs/share/colcon-core/packages/explore_lite_msgs)
[1.550s] INFO:colcon.colcon_ros.task.ament_cmake.build:Building ROS package in '/home/aiden/code/robot_sim_nav/src/m-explore-ros2/explore' with build type 'ament_cmake'
[1.550s] INFO:colcon.colcon_cmake.task.cmake.build:Building CMake package in '/home/aiden/code/robot_sim_nav/src/m-explore-ros2/explore'
[1.550s] INFO:colcon.colcon_core.shell:Skip shell extension 'powershell' for command environment: Not usable outside of PowerShell
[1.550s] DEBUG:colcon.colcon_core.shell:Skip shell extension 'dsv' for command environment
[1.561s] DEBUG:colcon.colcon_core.event_handler.log_command:Invoking command in '/home/aiden/code/robot_sim_nav/build/explore_lite': AMENT_PREFIX_PATH=/home/aiden/code/robot_sim_nav/install/explore_lite_msgs:${AMENT_PREFIX_PATH} CMAKE_PREFIX_PATH=/home/aiden/code/robot_sim_nav/install/explore_lite_msgs:/opt/ros/jazzy/opt/gz_sim_vendor:/opt/ros/jazzy/opt/gz_sensors_vendor:/opt/ros/jazzy/opt/gz_physics_vendor:/opt/ros/jazzy/opt/sdformat_vendor:/opt/ros/jazzy/opt/gz_gui_vendor:/opt/ros/jazzy/opt/gz_transport_vendor:/opt/ros/jazzy/opt/gz_rendering_vendor:/opt/ros/jazzy/opt/gz_plugin_vendor:/opt/ros/jazzy/opt/gz_fuel_tools_vendor:/opt/ros/jazzy/opt/gz_msgs_vendor:/opt/ros/jazzy/opt/gz_common_vendor:/opt/ros/jazzy/opt/gz_math_vendor:/opt/ros/jazzy/opt/gz_utils_vendor:/opt/ros/jazzy/opt/gz_tools_vendor:/opt/ros/jazzy/opt/gz_ogre_next_vendor:/opt/ros/jazzy/opt/gz_dartsim_vendor:/opt/ros/jazzy/opt/gz_cmake_vendor:/opt/ros/jazzy DEBUGINFOD_URLS=https://debuginfod.ubuntu.com LD_LIBRARY_PATH=/home/aiden/code/robot_sim_nav/install/explore_lite_msgs/lib:${LD_LIBRARY_PATH} PYTHONPATH=/home/aiden/code/robot_sim_nav/install/explore_lite_msgs/lib/python3.12/site-packages:${PYTHONPATH} /usr/bin/cmake /home/aiden/code/robot_sim_nav/src/m-explore-ros2/explore -DCMAKE_INSTALL_PREFIX=/home/aiden/code/robot_sim_nav/install/explore_lite
[1.778s] Level 1:colcon.colcon_core.environment:checking '/home/aiden/code/robot_sim_nav/install/explore_supervisor' for CMake module files
[1.778s] DEBUG:colcon.colcon_core.event_handler.log_command:Invoked command in '/home/aiden/code/robot_sim_nav/src/explore_supervisor' returned '0': DEBUGINFOD_URLS=https://debuginfod.ubuntu.com PYTHONPATH=/home/aiden/code/robot_sim_nav/build/explore_supervisor/prefix_override:/usr/lib/python3/dist-packages/colcon_core/task/python/colcon_distutils_commands:/home/aiden/code/robot_sim_nav/install/explore_supervisor/lib/python3.12/site-packages:${PYTHONPATH} /usr/bin/python3 -W ignore:setup.py install is deprecated -W ignore:easy_install command is deprecated setup.py egg_info --egg-base ../../build/explore_supervisor build --build-base /home/aiden/code/robot_sim_nav/build/explore_supervisor/build install --record /home/aiden/code/robot_sim_nav/build/explore_supervisor/install.log --single-version-externally-managed install_data
[1.779s] Level 1:colcon.colcon_core.environment:checking '/home/aiden/code/robot_sim_nav/install/explore_supervisor' for CMake config files
[1.779s] Level 1:colcon.colcon_core.environment:checking '/home/aiden/code/robot_sim_nav/install/explore_supervisor/lib'
[1.779s] Level 1:colcon.colcon_core.environment:checking '/home/aiden/code/robot_sim_nav/install/explore_supervisor/bin'
[1.779s] Level 1:colcon.colcon_core.environment:checking '/home/aiden/code/robot_sim_nav/install/explore_supervisor/lib/pkgconfig/explore_supervisor.pc'
[1.779s] Level 1:colcon.colcon_core.environment:checking '/home/aiden/code/robot_sim_nav/install/explore_supervisor/lib/python3.12/site-packages'
[1.780s] Level 1:colcon.colcon_core.shell:create_environment_hook('explore_supervisor', 'pythonpath')
[1.780s] INFO:colcon.colcon_core.shell:Creating environment hook '/home/aiden/code/robot_sim_nav/install/explore_supervisor/share/explore_supervisor/hook/pythonpath.ps1'
[1.780s] INFO:colcon.colcon_core.shell:Creating environment descriptor '/home/aiden/code/robot_sim_nav/install/explore_supervisor/share/explore_supervisor/hook/pythonpath.dsv'
[1.780s] INFO:colcon.colcon_core.shell:Creating environment hook '/home/aiden/code/robot_sim_nav/install/explore_supervisor/share/explore_supervisor/hook/pythonpath.sh'
[1.781s] Level 1:colcon.colcon_core.environment:checking '/home/aiden/code/robot_sim_nav/install/explore_supervisor/bin'
[1.781s] Level 1:colcon.colcon_core.environment:create_environment_scripts_only(explore_supervisor)
[1.781s] INFO:colcon.colcon_core.shell:Creating package script '/home/aiden/code/robot_sim_nav/install/explore_supervisor/share/explore_supervisor/package.ps1'
[1.781s] INFO:colcon.colcon_core.shell:Creating package descriptor '/home/aiden/code/robot_sim_nav/install/explore_supervisor/share/explore_supervisor/package.dsv'
[1.781s] INFO:colcon.colcon_core.shell:Creating package script '/home/aiden/code/robot_sim_nav/install/explore_supervisor/share/explore_supervisor/package.sh'
[1.782s] INFO:colcon.colcon_core.shell:Creating package script '/home/aiden/code/robot_sim_nav/install/explore_supervisor/share/explore_supervisor/package.bash'
[1.782s] INFO:colcon.colcon_core.shell:Creating package script '/home/aiden/code/robot_sim_nav/install/explore_supervisor/share/explore_supervisor/package.zsh'
[1.782s] Level 1:colcon.colcon_core.environment:create_file_with_runtime_dependencies(/home/aiden/code/robot_sim_nav/install/explore_supervisor/share/colcon-core/packages/explore_supervisor)
[1.789s] Level 1:colcon.colcon_core.environment:checking '/home/aiden/code/robot_sim_nav/install/relocalization' for CMake module files
[1.789s] DEBUG:colcon.colcon_core.event_handler.log_command:Invoked command in '/home/aiden/code/robot_sim_nav/src/relocalization' returned '0': DEBUGINFOD_URLS=https://debuginfod.ubuntu.com PYTHONPATH=/home/aiden/code/robot_sim_nav/build/relocalization/prefix_override:/usr/lib/python3/dist-packages/colcon_core/task/python/colcon_distutils_commands:/home/aiden/code/robot_sim_nav/install/relocalization/lib/python3.12/site-packages:${PYTHONPATH} /usr/bin/python3 -W ignore:setup.py install is deprecated -W ignore:easy_install command is deprecated setup.py egg_info --egg-base ../../build/relocalization build --build-base /home/aiden/code/robot_sim_nav/build/relocalization/build install --record /home/aiden/code/robot_sim_nav/build/relocalization/install.log --single-version-externally-managed install_data
[1.790s] Level 1:colcon.colcon_core.environment:checking '/home/aiden/code/robot_sim_nav/install/relocalization' for CMake config files
[1.791s] Level 1:colcon.colcon_core.environment:checking '/home/aiden/code/robot_sim_nav/install/relocalization/lib'
[1.791s] Level 1:colcon.colcon_core.environment:checking '/home/aiden/code/robot_sim_nav/install/relocalization/bin'
[1.791s] Level 1:colcon.colcon_core.environment:checking '/home/aiden/code/robot_sim_nav/install/relocalization/lib/pkgconfig/relocalization.pc'
[1.791s] Level 1:colcon.colcon_core.environment:checking '/home/aiden/code/robot_sim_nav/install/relocalization/lib/python3.12/site-packages'
[1.791s] Level 1:colcon.colcon_core.shell:create_environment_hook('relocalization', 'pythonpath')
[1.792s] INFO:colcon.colcon_core.shell:Creating environment hook '/home/aiden/code/robot_sim_nav/install/relocalization/share/relocalization/hook/pythonpath.ps1'
[1.792s] INFO:colcon.colcon_core.shell:Creating environment descriptor '/home/aiden/code/robot_sim_nav/install/relocalization/share/relocalization/hook/pythonpath.dsv'
[1.792s] INFO:colcon.colcon_core.shell:Creating environment hook '/home/aiden/code/robot_sim_nav/install/relocalization/share/relocalization/hook/pythonpath.sh'
[1.793s] Level 1:colcon.colcon_core.environment:checking '/home/aiden/code/robot_sim_nav/install/relocalization/bin'
[1.793s] Level 1:colcon.colcon_core.environment:create_environment_scripts_only(relocalization)
[1.793s] INFO:colcon.colcon_core.shell:Creating package script '/home/aiden/code/robot_sim_nav/install/relocalization/share/relocalization/package.ps1'
[1.793s] INFO:colcon.colcon_core.shell:Creating package descriptor '/home/aiden/code/robot_sim_nav/install/relocalization/share/relocalization/package.dsv'
[1.793s] INFO:colcon.colcon_core.shell:Creating package script '/home/aiden/code/robot_sim_nav/install/relocalization/share/relocalization/package.sh'
[1.794s] INFO:colcon.colcon_core.shell:Creating package script '/home/aiden/code/robot_sim_nav/install/relocalization/share/relocalization/package.bash'
[1.794s] INFO:colcon.colcon_core.shell:Creating package script '/home/aiden/code/robot_sim_nav/install/relocalization/share/relocalization/package.zsh'
[1.794s] Level 1:colcon.colcon_core.environment:create_file_with_runtime_dependencies(/home/aiden/code/robot_sim_nav/install/relocalization/share/colcon-core/packages/relocalization)
[1.795s] Level 1:colcon.colcon_core.environment:checking '/home/aiden/code/robot_sim_nav/install/mission_manager' for CMake module files
[1.795s] DEBUG:colcon.colcon_core.event_handler.log_command:Invoked command in '/home/aiden/code/robot_sim_nav/src/mission_manager' returned '0': DEBUGINFOD_URLS=https://debuginfod.ubuntu.com PYTHONPATH=/home/aiden/code/robot_sim_nav/build/mission_manager/prefix_override:/usr/lib/python3/dist-packages/colcon_core/task/python/colcon_distutils_commands:/home/aiden/code/robot_sim_nav/install/mission_manager/lib/python3.12/site-packages:${PYTHONPATH} /usr/bin/python3 -W ignore:setup.py install is deprecated -W ignore:easy_install command is deprecated setup.py egg_info --egg-base ../../build/mission_manager build --build-base /home/aiden/code/robot_sim_nav/build/mission_manager/build install --record /home/aiden/code/robot_sim_nav/build/mission_manager/install.log --single-version-externally-managed install_data
[1.796s] Level 1:colcon.colcon_core.environment:checking '/home/aiden/code/robot_sim_nav/install/mission_manager' for CMake config files
[1.797s] Level 1:colcon.colcon_core.environment:checking '/home/aiden/code/robot_sim_nav/install/mission_manager/lib'
[1.797s] Level 1:colcon.colcon_core.environment:checking '/home/aiden/code/robot_sim_nav/install/mission_manager/bin'
[1.797s] Level 1:colcon.colcon_core.environment:checking '/home/aiden/code/robot_sim_nav/install/mission_manager/lib/pkgconfig/mission_manager.pc'
[1.797s] Level 1:colcon.colcon_core.environment:checking '/home/aiden/code/robot_sim_nav/install/mission_manager/lib/python3.12/site-packages'
[1.797s] Level 1:colcon.colcon_core.shell:create_environment_hook('mission_manager', 'pythonpath')
[1.798s] INFO:colcon.colcon_core.shell:Creating environment hook '/home/aiden/code/robot_sim_nav/install/mission_manager/share/mission_manager/hook/pythonpath.ps1'
[1.798s] INFO:colcon.colcon_core.shell:Creating environment descriptor '/home/aiden/code/robot_sim_nav/install/mission_manager/share/mission_manager/hook/pythonpath.dsv'
[1.798s] INFO:colcon.colcon_core.shell:Creating environment hook '/home/aiden/code/robot_sim_nav/install/mission_manager/share/mission_manager/hook/pythonpath.sh'
[1.799s] Level 1:colcon.colcon_core.environment:checking '/home/aiden/code/robot_sim_nav/install/mission_manager/bin'
[1.799s] Level 1:colcon.colcon_core.environment:create_environment_scripts_only(mission_manager)
[1.800s] INFO:colcon.colcon_core.shell:Creating package script '/home/aiden/code/robot_sim_nav/install/mission_manager/share/mission_manager/package.ps1'
[1.800s] INFO:colcon.colcon_core.shell:Creating package descriptor '/home/aiden/code/robot_sim_nav/install/mission_manager/share/mission_manager/package.dsv'
[1.801s] INFO:colcon.colcon_core.shell:Creating package script '/home/aiden/code/robot_sim_nav/install/mission_manager/share/mission_manager/package.sh'
[1.801s] INFO:colcon.colcon_core.shell:Creating package script '/home/aiden/code/robot_sim_nav/install/mission_manager/share/mission_manager/package.bash'
[1.801s] INFO:colcon.colcon_core.shell:Creating package script '/home/aiden/code/robot_sim_nav/install/mission_manager/share/mission_manager/package.zsh'
[1.802s] Level 1:colcon.colcon_core.environment:create_file_with_runtime_dependencies(/home/aiden/code/robot_sim_nav/install/mission_manager/share/colcon-core/packages/mission_manager)
[2.387s] DEBUG:colcon.colcon_core.event_handler.log_command:Invoked command in '/home/aiden/code/robot_sim_nav/build/explore_lite' returned '0': AMENT_PREFIX_PATH=/home/aiden/code/robot_sim_nav/install/explore_lite_msgs:${AMENT_PREFIX_PATH} CMAKE_PREFIX_PATH=/home/aiden/code/robot_sim_nav/install/explore_lite_msgs:/opt/ros/jazzy/opt/gz_sim_vendor:/opt/ros/jazzy/opt/gz_sensors_vendor:/opt/ros/jazzy/opt/gz_physics_vendor:/opt/ros/jazzy/opt/sdformat_vendor:/opt/ros/jazzy/opt/gz_gui_vendor:/opt/ros/jazzy/opt/gz_transport_vendor:/opt/ros/jazzy/opt/gz_rendering_vendor:/opt/ros/jazzy/opt/gz_plugin_vendor:/opt/ros/jazzy/opt/gz_fuel_tools_vendor:/opt/ros/jazzy/opt/gz_msgs_vendor:/opt/ros/jazzy/opt/gz_common_vendor:/opt/ros/jazzy/opt/gz_math_vendor:/opt/ros/jazzy/opt/gz_utils_vendor:/opt/ros/jazzy/opt/gz_tools_vendor:/opt/ros/jazzy/opt/gz_ogre_next_vendor:/opt/ros/jazzy/opt/gz_dartsim_vendor:/opt/ros/jazzy/opt/gz_cmake_vendor:/opt/ros/jazzy DEBUGINFOD_URLS=https://debuginfod.ubuntu.com LD_LIBRARY_PATH=/home/aiden/code/robot_sim_nav/install/explore_lite_msgs/lib:${LD_LIBRARY_PATH} PYTHONPATH=/home/aiden/code/robot_sim_nav/install/explore_lite_msgs/lib/python3.12/site-packages:${PYTHONPATH} /usr/bin/cmake /home/aiden/code/robot_sim_nav/src/m-explore-ros2/explore -DCMAKE_INSTALL_PREFIX=/home/aiden/code/robot_sim_nav/install/explore_lite
[2.388s] DEBUG:colcon.colcon_core.event_handler.log_command:Invoking command in '/home/aiden/code/robot_sim_nav/build/explore_lite': AMENT_PREFIX_PATH=/home/aiden/code/robot_sim_nav/install/explore_lite_msgs:${AMENT_PREFIX_PATH} CMAKE_PREFIX_PATH=/home/aiden/code/robot_sim_nav/install/explore_lite_msgs:/opt/ros/jazzy/opt/gz_sim_vendor:/opt/ros/jazzy/opt/gz_sensors_vendor:/opt/ros/jazzy/opt/gz_physics_vendor:/opt/ros/jazzy/opt/sdformat_vendor:/opt/ros/jazzy/opt/gz_gui_vendor:/opt/ros/jazzy/opt/gz_transport_vendor:/opt/ros/jazzy/opt/gz_rendering_vendor:/opt/ros/jazzy/opt/gz_plugin_vendor:/opt/ros/jazzy/opt/gz_fuel_tools_vendor:/opt/ros/jazzy/opt/gz_msgs_vendor:/opt/ros/jazzy/opt/gz_common_vendor:/opt/ros/jazzy/opt/gz_math_vendor:/opt/ros/jazzy/opt/gz_utils_vendor:/opt/ros/jazzy/opt/gz_tools_vendor:/opt/ros/jazzy/opt/gz_ogre_next_vendor:/opt/ros/jazzy/opt/gz_dartsim_vendor:/opt/ros/jazzy/opt/gz_cmake_vendor:/opt/ros/jazzy DEBUGINFOD_URLS=https://debuginfod.ubuntu.com LD_LIBRARY_PATH=/home/aiden/code/robot_sim_nav/install/explore_lite_msgs/lib:${LD_LIBRARY_PATH} PYTHONPATH=/home/aiden/code/robot_sim_nav/install/explore_lite_msgs/lib/python3.12/site-packages:${PYTHONPATH} /usr/bin/cmake --build /home/aiden/code/robot_sim_nav/build/explore_lite -- -j20 -l20
[2.505s] DEBUG:colcon.colcon_core.event_handler.log_command:Invoked command in '/home/aiden/code/robot_sim_nav/build/explore_lite' returned '0': AMENT_PREFIX_PATH=/home/aiden/code/robot_sim_nav/install/explore_lite_msgs:${AMENT_PREFIX_PATH} CMAKE_PREFIX_PATH=/home/aiden/code/robot_sim_nav/install/explore_lite_msgs:/opt/ros/jazzy/opt/gz_sim_vendor:/opt/ros/jazzy/opt/gz_sensors_vendor:/opt/ros/jazzy/opt/gz_physics_vendor:/opt/ros/jazzy/opt/sdformat_vendor:/opt/ros/jazzy/opt/gz_gui_vendor:/opt/ros/jazzy/opt/gz_transport_vendor:/opt/ros/jazzy/opt/gz_rendering_vendor:/opt/ros/jazzy/opt/gz_plugin_vendor:/opt/ros/jazzy/opt/gz_fuel_tools_vendor:/opt/ros/jazzy/opt/gz_msgs_vendor:/opt/ros/jazzy/opt/gz_common_vendor:/opt/ros/jazzy/opt/gz_math_vendor:/opt/ros/jazzy/opt/gz_utils_vendor:/opt/ros/jazzy/opt/gz_tools_vendor:/opt/ros/jazzy/opt/gz_ogre_next_vendor:/opt/ros/jazzy/opt/gz_dartsim_vendor:/opt/ros/jazzy/opt/gz_cmake_vendor:/opt/ros/jazzy DEBUGINFOD_URLS=https://debuginfod.ubuntu.com LD_LIBRARY_PATH=/home/aiden/code/robot_sim_nav/install/explore_lite_msgs/lib:${LD_LIBRARY_PATH} PYTHONPATH=/home/aiden/code/robot_sim_nav/install/explore_lite_msgs/lib/python3.12/site-packages:${PYTHONPATH} /usr/bin/cmake --build /home/aiden/code/robot_sim_nav/build/explore_lite -- -j20 -l20
[2.506s] DEBUG:colcon.colcon_core.event_handler.log_command:Invoking command in '/home/aiden/code/robot_sim_nav/build/explore_lite': AMENT_PREFIX_PATH=/home/aiden/code/robot_sim_nav/install/explore_lite_msgs:${AMENT_PREFIX_PATH} CMAKE_PREFIX_PATH=/home/aiden/code/robot_sim_nav/install/explore_lite_msgs:/opt/ros/jazzy/opt/gz_sim_vendor:/opt/ros/jazzy/opt/gz_sensors_vendor:/opt/ros/jazzy/opt/gz_physics_vendor:/opt/ros/jazzy/opt/sdformat_vendor:/opt/ros/jazzy/opt/gz_gui_vendor:/opt/ros/jazzy/opt/gz_transport_vendor:/opt/ros/jazzy/opt/gz_rendering_vendor:/opt/ros/jazzy/opt/gz_plugin_vendor:/opt/ros/jazzy/opt/gz_fuel_tools_vendor:/opt/ros/jazzy/opt/gz_msgs_vendor:/opt/ros/jazzy/opt/gz_common_vendor:/opt/ros/jazzy/opt/gz_math_vendor:/opt/ros/jazzy/opt/gz_utils_vendor:/opt/ros/jazzy/opt/gz_tools_vendor:/opt/ros/jazzy/opt/gz_ogre_next_vendor:/opt/ros/jazzy/opt/gz_dartsim_vendor:/opt/ros/jazzy/opt/gz_cmake_vendor:/opt/ros/jazzy DEBUGINFOD_URLS=https://debuginfod.ubuntu.com LD_LIBRARY_PATH=/home/aiden/code/robot_sim_nav/install/explore_lite_msgs/lib:${LD_LIBRARY_PATH} PYTHONPATH=/home/aiden/code/robot_sim_nav/install/explore_lite_msgs/lib/python3.12/site-packages:${PYTHONPATH} /usr/bin/cmake --install /home/aiden/code/robot_sim_nav/build/explore_lite
[2.537s] Level 1:colcon.colcon_core.environment:create_environment_scripts_only(explore_lite)
[2.537s] Level 1:colcon.colcon_core.environment:checking '/home/aiden/code/robot_sim_nav/install/explore_lite' for CMake module files
[2.538s] DEBUG:colcon.colcon_core.event_handler.log_command:Invoked command in '/home/aiden/code/robot_sim_nav/build/explore_lite' returned '0': AMENT_PREFIX_PATH=/home/aiden/code/robot_sim_nav/install/explore_lite_msgs:${AMENT_PREFIX_PATH} CMAKE_PREFIX_PATH=/home/aiden/code/robot_sim_nav/install/explore_lite_msgs:/opt/ros/jazzy/opt/gz_sim_vendor:/opt/ros/jazzy/opt/gz_sensors_vendor:/opt/ros/jazzy/opt/gz_physics_vendor:/opt/ros/jazzy/opt/sdformat_vendor:/opt/ros/jazzy/opt/gz_gui_vendor:/opt/ros/jazzy/opt/gz_transport_vendor:/opt/ros/jazzy/opt/gz_rendering_vendor:/opt/ros/jazzy/opt/gz_plugin_vendor:/opt/ros/jazzy/opt/gz_fuel_tools_vendor:/opt/ros/jazzy/opt/gz_msgs_vendor:/opt/ros/jazzy/opt/gz_common_vendor:/opt/ros/jazzy/opt/gz_math_vendor:/opt/ros/jazzy/opt/gz_utils_vendor:/opt/ros/jazzy/opt/gz_tools_vendor:/opt/ros/jazzy/opt/gz_ogre_next_vendor:/opt/ros/jazzy/opt/gz_dartsim_vendor:/opt/ros/jazzy/opt/gz_cmake_vendor:/opt/ros/jazzy DEBUGINFOD_URLS=https://debuginfod.ubuntu.com LD_LIBRARY_PATH=/home/aiden/code/robot_sim_nav/install/explore_lite_msgs/lib:${LD_LIBRARY_PATH} PYTHONPATH=/home/aiden/code/robot_sim_nav/install/explore_lite_msgs/lib/python3.12/site-packages:${PYTHONPATH} /usr/bin/cmake --install /home/aiden/code/robot_sim_nav/build/explore_lite
[2.538s] Level 1:colcon.colcon_core.environment:checking '/home/aiden/code/robot_sim_nav/install/explore_lite' for CMake config files
[2.539s] Level 1:colcon.colcon_core.shell:create_environment_hook('explore_lite', 'cmake_prefix_path')
[2.539s] INFO:colcon.colcon_core.shell:Creating environment hook '/home/aiden/code/robot_sim_nav/install/explore_lite/share/explore_lite/hook/cmake_prefix_path.ps1'
[2.540s] INFO:colcon.colcon_core.shell:Creating environment descriptor '/home/aiden/code/robot_sim_nav/install/explore_lite/share/explore_lite/hook/cmake_prefix_path.dsv'
[2.540s] INFO:colcon.colcon_core.shell:Creating environment hook '/home/aiden/code/robot_sim_nav/install/explore_lite/share/explore_lite/hook/cmake_prefix_path.sh'
[2.541s] Level 1:colcon.colcon_core.environment:checking '/home/aiden/code/robot_sim_nav/install/explore_lite/lib'
[2.541s] Level 1:colcon.colcon_core.environment:checking '/home/aiden/code/robot_sim_nav/install/explore_lite/bin'
[2.541s] Level 1:colcon.colcon_core.environment:checking '/home/aiden/code/robot_sim_nav/install/explore_lite/lib/pkgconfig/explore_lite.pc'
[2.541s] Level 1:colcon.colcon_core.environment:checking '/home/aiden/code/robot_sim_nav/install/explore_lite/lib/python3.12/site-packages'
[2.542s] Level 1:colcon.colcon_core.environment:checking '/home/aiden/code/robot_sim_nav/install/explore_lite/bin'
[2.542s] INFO:colcon.colcon_core.shell:Creating package script '/home/aiden/code/robot_sim_nav/install/explore_lite/share/explore_lite/package.ps1'
[2.543s] INFO:colcon.colcon_core.shell:Creating package descriptor '/home/aiden/code/robot_sim_nav/install/explore_lite/share/explore_lite/package.dsv'
[2.543s] INFO:colcon.colcon_core.shell:Creating package script '/home/aiden/code/robot_sim_nav/install/explore_lite/share/explore_lite/package.sh'
[2.544s] INFO:colcon.colcon_core.shell:Creating package script '/home/aiden/code/robot_sim_nav/install/explore_lite/share/explore_lite/package.bash'
[2.544s] INFO:colcon.colcon_core.shell:Creating package script '/home/aiden/code/robot_sim_nav/install/explore_lite/share/explore_lite/package.zsh'
[2.544s] Level 1:colcon.colcon_core.environment:create_file_with_runtime_dependencies(/home/aiden/code/robot_sim_nav/install/explore_lite/share/colcon-core/packages/explore_lite)
[2.545s] Level 1:colcon.colcon_core.environment:create_environment_scripts_only(explore_lite)
[2.545s] Level 1:colcon.colcon_core.environment:checking '/home/aiden/code/robot_sim_nav/install/explore_lite' for CMake module files
[2.546s] Level 1:colcon.colcon_core.environment:checking '/home/aiden/code/robot_sim_nav/install/explore_lite' for CMake config files
[2.546s] Level 1:colcon.colcon_core.shell:create_environment_hook('explore_lite', 'cmake_prefix_path')
[2.546s] INFO:colcon.colcon_core.shell:Creating environment hook '/home/aiden/code/robot_sim_nav/install/explore_lite/share/explore_lite/hook/cmake_prefix_path.ps1'
[2.547s] INFO:colcon.colcon_core.shell:Creating environment descriptor '/home/aiden/code/robot_sim_nav/install/explore_lite/share/explore_lite/hook/cmake_prefix_path.dsv'
[2.547s] INFO:colcon.colcon_core.shell:Creating environment hook '/home/aiden/code/robot_sim_nav/install/explore_lite/share/explore_lite/hook/cmake_prefix_path.sh'
[2.548s] Level 1:colcon.colcon_core.environment:checking '/home/aiden/code/robot_sim_nav/install/explore_lite/lib'
[2.548s] Level 1:colcon.colcon_core.environment:checking '/home/aiden/code/robot_sim_nav/install/explore_lite/bin'
[2.548s] Level 1:colcon.colcon_core.environment:checking '/home/aiden/code/robot_sim_nav/install/explore_lite/lib/pkgconfig/explore_lite.pc'
[2.548s] Level 1:colcon.colcon_core.environment:checking '/home/aiden/code/robot_sim_nav/install/explore_lite/lib/python3.12/site-packages'
[2.549s] Level 1:colcon.colcon_core.environment:checking '/home/aiden/code/robot_sim_nav/install/explore_lite/bin'
[2.549s] INFO:colcon.colcon_core.shell:Creating package script '/home/aiden/code/robot_sim_nav/install/explore_lite/share/explore_lite/package.ps1'
[2.550s] INFO:colcon.colcon_core.shell:Creating package descriptor '/home/aiden/code/robot_sim_nav/install/explore_lite/share/explore_lite/package.dsv'
[2.550s] INFO:colcon.colcon_core.shell:Creating package script '/home/aiden/code/robot_sim_nav/install/explore_lite/share/explore_lite/package.sh'
[2.551s] INFO:colcon.colcon_core.shell:Creating package script '/home/aiden/code/robot_sim_nav/install/explore_lite/share/explore_lite/package.bash'
[2.551s] INFO:colcon.colcon_core.shell:Creating package script '/home/aiden/code/robot_sim_nav/install/explore_lite/share/explore_lite/package.zsh'
[2.551s] Level 1:colcon.colcon_core.environment:create_file_with_runtime_dependencies(/home/aiden/code/robot_sim_nav/install/explore_lite/share/colcon-core/packages/explore_lite)
[10.736s] DEBUG:colcon.colcon_core.event_handler.log_command:Invoked command in '/home/aiden/code/robot_sim_nav/build/multirobot_map_merge' returned '0': CMAKE_PREFIX_PATH=${CMAKE_PREFIX_PATH}:/opt/ros/jazzy DEBUGINFOD_URLS=https://debuginfod.ubuntu.com /usr/bin/cmake /home/aiden/code/robot_sim_nav/src/m-explore-ros2/map_merge -DCMAKE_INSTALL_PREFIX=/home/aiden/code/robot_sim_nav/install/multirobot_map_merge
[10.737s] DEBUG:colcon.colcon_core.event_handler.log_command:Invoking command in '/home/aiden/code/robot_sim_nav/build/multirobot_map_merge': CMAKE_PREFIX_PATH=${CMAKE_PREFIX_PATH}:/opt/ros/jazzy DEBUGINFOD_URLS=https://debuginfod.ubuntu.com /usr/bin/cmake --build /home/aiden/code/robot_sim_nav/build/multirobot_map_merge -- -j20 -l20
[21.903s] DEBUG:colcon.colcon_core.event_handler.log_command:Invoked command in '/home/aiden/code/robot_sim_nav/build/multirobot_map_merge' returned '0': CMAKE_PREFIX_PATH=${CMAKE_PREFIX_PATH}:/opt/ros/jazzy DEBUGINFOD_URLS=https://debuginfod.ubuntu.com /usr/bin/cmake --build /home/aiden/code/robot_sim_nav/build/multirobot_map_merge -- -j20 -l20
[21.904s] DEBUG:colcon.colcon_core.event_handler.log_command:Invoking command in '/home/aiden/code/robot_sim_nav/build/multirobot_map_merge': CMAKE_PREFIX_PATH=${CMAKE_PREFIX_PATH}:/opt/ros/jazzy DEBUGINFOD_URLS=https://debuginfod.ubuntu.com /usr/bin/cmake --install /home/aiden/code/robot_sim_nav/build/multirobot_map_merge
[21.919s] Level 1:colcon.colcon_core.environment:create_environment_scripts_only(multirobot_map_merge)
[21.919s] Level 1:colcon.colcon_core.environment:checking '/home/aiden/code/robot_sim_nav/install/multirobot_map_merge' for CMake module files
[21.919s] DEBUG:colcon.colcon_core.event_handler.log_command:Invoked command in '/home/aiden/code/robot_sim_nav/build/multirobot_map_merge' returned '0': CMAKE_PREFIX_PATH=${CMAKE_PREFIX_PATH}:/opt/ros/jazzy DEBUGINFOD_URLS=https://debuginfod.ubuntu.com /usr/bin/cmake --install /home/aiden/code/robot_sim_nav/build/multirobot_map_merge
[21.920s] Level 1:colcon.colcon_core.environment:checking '/home/aiden/code/robot_sim_nav/install/multirobot_map_merge' for CMake config files
[21.920s] Level 1:colcon.colcon_core.shell:create_environment_hook('multirobot_map_merge', 'cmake_prefix_path')
[21.920s] INFO:colcon.colcon_core.shell:Creating environment hook '/home/aiden/code/robot_sim_nav/install/multirobot_map_merge/share/multirobot_map_merge/hook/cmake_prefix_path.ps1'
[21.921s] INFO:colcon.colcon_core.shell:Creating environment descriptor '/home/aiden/code/robot_sim_nav/install/multirobot_map_merge/share/multirobot_map_merge/hook/cmake_prefix_path.dsv'
[21.921s] INFO:colcon.colcon_core.shell:Creating environment hook '/home/aiden/code/robot_sim_nav/install/multirobot_map_merge/share/multirobot_map_merge/hook/cmake_prefix_path.sh'
[21.921s] Level 1:colcon.colcon_core.environment:checking '/home/aiden/code/robot_sim_nav/install/multirobot_map_merge/lib'
[21.921s] Level 1:colcon.colcon_core.environment:checking '/home/aiden/code/robot_sim_nav/install/multirobot_map_merge/bin'
[21.921s] Level 1:colcon.colcon_core.environment:checking '/home/aiden/code/robot_sim_nav/install/multirobot_map_merge/lib/pkgconfig/multirobot_map_merge.pc'
[21.921s] Level 1:colcon.colcon_core.environment:checking '/home/aiden/code/robot_sim_nav/install/multirobot_map_merge/lib/python3.12/site-packages'
[21.922s] Level 1:colcon.colcon_core.environment:checking '/home/aiden/code/robot_sim_nav/install/multirobot_map_merge/bin'
[21.922s] INFO:colcon.colcon_core.shell:Creating package script '/home/aiden/code/robot_sim_nav/install/multirobot_map_merge/share/multirobot_map_merge/package.ps1'
[21.922s] INFO:colcon.colcon_core.shell:Creating package descriptor '/home/aiden/code/robot_sim_nav/install/multirobot_map_merge/share/multirobot_map_merge/package.dsv'
[21.922s] INFO:colcon.colcon_core.shell:Creating package script '/home/aiden/code/robot_sim_nav/install/multirobot_map_merge/share/multirobot_map_merge/package.sh'
[21.923s] INFO:colcon.colcon_core.shell:Creating package script '/home/aiden/code/robot_sim_nav/install/multirobot_map_merge/share/multirobot_map_merge/package.bash'
[21.923s] INFO:colcon.colcon_core.shell:Creating package script '/home/aiden/code/robot_sim_nav/install/multirobot_map_merge/share/multirobot_map_merge/package.zsh'
[21.923s] Level 1:colcon.colcon_core.environment:create_file_with_runtime_dependencies(/home/aiden/code/robot_sim_nav/install/multirobot_map_merge/share/colcon-core/packages/multirobot_map_merge)
[21.923s] Level 1:colcon.colcon_core.environment:create_environment_scripts_only(multirobot_map_merge)
[21.923s] Level 1:colcon.colcon_core.environment:checking '/home/aiden/code/robot_sim_nav/install/multirobot_map_merge' for CMake module files
[21.924s] Level 1:colcon.colcon_core.environment:checking '/home/aiden/code/robot_sim_nav/install/multirobot_map_merge' for CMake config files
[21.924s] Level 1:colcon.colcon_core.shell:create_environment_hook('multirobot_map_merge', 'cmake_prefix_path')
[21.924s] INFO:colcon.colcon_core.shell:Creating environment hook '/home/aiden/code/robot_sim_nav/install/multirobot_map_merge/share/multirobot_map_merge/hook/cmake_prefix_path.ps1'
[21.924s] INFO:colcon.colcon_core.shell:Creating environment descriptor '/home/aiden/code/robot_sim_nav/install/multirobot_map_merge/share/multirobot_map_merge/hook/cmake_prefix_path.dsv'
[21.924s] INFO:colcon.colcon_core.shell:Creating environment hook '/home/aiden/code/robot_sim_nav/install/multirobot_map_merge/share/multirobot_map_merge/hook/cmake_prefix_path.sh'
[21.925s] Level 1:colcon.colcon_core.environment:checking '/home/aiden/code/robot_sim_nav/install/multirobot_map_merge/lib'
[21.925s] Level 1:colcon.colcon_core.environment:checking '/home/aiden/code/robot_sim_nav/install/multirobot_map_merge/bin'
[21.925s] Level 1:colcon.colcon_core.environment:checking '/home/aiden/code/robot_sim_nav/install/multirobot_map_merge/lib/pkgconfig/multirobot_map_merge.pc'
[21.925s] Level 1:colcon.colcon_core.environment:checking '/home/aiden/code/robot_sim_nav/install/multirobot_map_merge/lib/python3.12/site-packages'
[21.925s] Level 1:colcon.colcon_core.environment:checking '/home/aiden/code/robot_sim_nav/install/multirobot_map_merge/bin'
[21.926s] INFO:colcon.colcon_core.shell:Creating package script '/home/aiden/code/robot_sim_nav/install/multirobot_map_merge/share/multirobot_map_merge/package.ps1'
[21.926s] INFO:colcon.colcon_core.shell:Creating package descriptor '/home/aiden/code/robot_sim_nav/install/multirobot_map_merge/share/multirobot_map_merge/package.dsv'
[21.926s] INFO:colcon.colcon_core.shell:Creating package script '/home/aiden/code/robot_sim_nav/install/multirobot_map_merge/share/multirobot_map_merge/package.sh'
[21.926s] INFO:colcon.colcon_core.shell:Creating package script '/home/aiden/code/robot_sim_nav/install/multirobot_map_merge/share/multirobot_map_merge/package.bash'
[21.927s] INFO:colcon.colcon_core.shell:Creating package script '/home/aiden/code/robot_sim_nav/install/multirobot_map_merge/share/multirobot_map_merge/package.zsh'
[21.927s] Level 1:colcon.colcon_core.environment:create_file_with_runtime_dependencies(/home/aiden/code/robot_sim_nav/install/multirobot_map_merge/share/colcon-core/packages/multirobot_map_merge)
[21.927s] DEBUG:colcon.colcon_parallel_executor.executor.parallel:closing loop
[21.927s] DEBUG:colcon.colcon_parallel_executor.executor.parallel:loop closed
[21.927s] DEBUG:colcon.colcon_parallel_executor.executor.parallel:run_until_complete finished with '0'
[21.927s] DEBUG:colcon.colcon_core.event_reactor:joining thread
[21.933s] INFO:colcon.colcon_core.plugin_system:Skipping extension 'colcon_notification.desktop_notification.terminal_notifier': Not used on non-Darwin systems
[21.933s] INFO:colcon.colcon_core.plugin_system:Skipping extension 'colcon_notification.desktop_notification.win32': Not used on non-Windows systems
[21.933s] INFO:colcon.colcon_notification.desktop_notification:Sending desktop notification using 'notify2'
[21.946s] DEBUG:colcon.colcon_core.event_reactor:joined thread
[21.946s] INFO:colcon.colcon_core.shell:Creating prefix script '/home/aiden/code/robot_sim_nav/install/local_setup.ps1'
[21.948s] INFO:colcon.colcon_core.shell:Creating prefix util module '/home/aiden/code/robot_sim_nav/install/_local_setup_util_ps1.py'
[21.949s] INFO:colcon.colcon_core.shell:Creating prefix chain script '/home/aiden/code/robot_sim_nav/install/setup.ps1'
[21.950s] INFO:colcon.colcon_core.shell:Creating prefix script '/home/aiden/code/robot_sim_nav/install/local_setup.sh'
[21.950s] INFO:colcon.colcon_core.shell:Creating prefix util module '/home/aiden/code/robot_sim_nav/install/_local_setup_util_sh.py'
[21.951s] INFO:colcon.colcon_core.shell:Creating prefix chain script '/home/aiden/code/robot_sim_nav/install/setup.sh'
[21.952s] INFO:colcon.colcon_core.shell:Creating prefix script '/home/aiden/code/robot_sim_nav/install/local_setup.bash'
[21.952s] INFO:colcon.colcon_core.shell:Creating prefix chain script '/home/aiden/code/robot_sim_nav/install/setup.bash'
[21.953s] INFO:colcon.colcon_core.shell:Creating prefix script '/home/aiden/code/robot_sim_nav/install/local_setup.zsh'
[21.953s] INFO:colcon.colcon_core.shell:Creating prefix chain script '/home/aiden/code/robot_sim_nav/install/setup.zsh'
