[0.694s] Invoking command in '/home/aiden/code/robot_sim_nav/src/mission_manager': DEBUGINFOD_URLS=https://debuginfod.ubuntu.com PYTHONPATH=/home/aiden/code/robot_sim_nav/build/mission_manager/prefix_override:/usr/lib/python3/dist-packages/colcon_core/task/python/colcon_distutils_commands:/home/aiden/code/robot_sim_nav/install/mission_manager/lib/python3.12/site-packages:${PYTHONPATH} /usr/bin/python3 -W ignore:setup.py install is deprecated -W ignore:easy_install command is deprecated setup.py egg_info --egg-base ../../build/mission_manager build --build-base /home/aiden/code/robot_sim_nav/build/mission_manager/build install --record /home/aiden/code/robot_sim_nav/build/mission_manager/install.log --single-version-externally-managed install_data
[0.926s] running egg_info
[0.944s] writing ../../build/mission_manager/mission_manager.egg-info/PKG-INFO
[0.944s] writing dependency_links to ../../build/mission_manager/mission_manager.egg-info/dependency_links.txt
[0.944s] writing entry points to ../../build/mission_manager/mission_manager.egg-info/entry_points.txt
[0.944s] writing requirements to ../../build/mission_manager/mission_manager.egg-info/requires.txt
[0.944s] writing top-level names to ../../build/mission_manager/mission_manager.egg-info/top_level.txt
[0.981s] reading manifest file '../../build/mission_manager/mission_manager.egg-info/SOURCES.txt'
[0.981s] adding license file 'LICENSE'
[0.981s] writing manifest file '../../build/mission_manager/mission_manager.egg-info/SOURCES.txt'
[0.981s] running build
[0.981s] running build_py
[0.981s] copying mission_manager/dep_slam_and_explore.py -> /home/aiden/code/robot_sim_nav/build/mission_manager/build/lib/mission_manager
[0.981s] copying mission_manager/dep_amcl_and_nav.py -> /home/aiden/code/robot_sim_nav/build/mission_manager/build/lib/mission_manager
[0.981s] copying mission_manager/slam_and_explore.py -> /home/aiden/code/robot_sim_nav/build/mission_manager/build/lib/mission_manager
[0.982s] copying mission_manager/amcl_and_nav.py -> /home/aiden/code/robot_sim_nav/build/mission_manager/build/lib/mission_manager
[0.982s] copying mission_manager/dep_mission_manager.py -> /home/aiden/code/robot_sim_nav/build/mission_manager/build/lib/mission_manager
[0.982s] running install
[0.986s] running install_lib
[1.004s] copying /home/aiden/code/robot_sim_nav/build/mission_manager/build/lib/mission_manager/dep_slam_and_explore.py -> /home/aiden/code/robot_sim_nav/install/mission_manager/lib/python3.12/site-packages/mission_manager
[1.004s] copying /home/aiden/code/robot_sim_nav/build/mission_manager/build/lib/mission_manager/dep_amcl_and_nav.py -> /home/aiden/code/robot_sim_nav/install/mission_manager/lib/python3.12/site-packages/mission_manager
[1.004s] copying /home/aiden/code/robot_sim_nav/build/mission_manager/build/lib/mission_manager/slam_and_explore.py -> /home/aiden/code/robot_sim_nav/install/mission_manager/lib/python3.12/site-packages/mission_manager
[1.004s] copying /home/aiden/code/robot_sim_nav/build/mission_manager/build/lib/mission_manager/amcl_and_nav.py -> /home/aiden/code/robot_sim_nav/install/mission_manager/lib/python3.12/site-packages/mission_manager
[1.004s] copying /home/aiden/code/robot_sim_nav/build/mission_manager/build/lib/mission_manager/dep_mission_manager.py -> /home/aiden/code/robot_sim_nav/install/mission_manager/lib/python3.12/site-packages/mission_manager
[1.005s] byte-compiling /home/aiden/code/robot_sim_nav/install/mission_manager/lib/python3.12/site-packages/mission_manager/dep_slam_and_explore.py to dep_slam_and_explore.cpython-312.pyc
[1.006s] byte-compiling /home/aiden/code/robot_sim_nav/install/mission_manager/lib/python3.12/site-packages/mission_manager/dep_amcl_and_nav.py to dep_amcl_and_nav.cpython-312.pyc
[1.007s] byte-compiling /home/aiden/code/robot_sim_nav/install/mission_manager/lib/python3.12/site-packages/mission_manager/slam_and_explore.py to slam_and_explore.cpython-312.pyc
[1.009s] byte-compiling /home/aiden/code/robot_sim_nav/install/mission_manager/lib/python3.12/site-packages/mission_manager/amcl_and_nav.py to amcl_and_nav.cpython-312.pyc
[1.010s] byte-compiling /home/aiden/code/robot_sim_nav/install/mission_manager/lib/python3.12/site-packages/mission_manager/dep_mission_manager.py to dep_mission_manager.cpython-312.pyc
[1.011s] running install_data
[1.011s] running install_egg_info
[1.030s] removing '/home/aiden/code/robot_sim_nav/install/mission_manager/lib/python3.12/site-packages/mission_manager-0.0.0-py3.12.egg-info' (and everything under it)
[1.030s] Copying ../../build/mission_manager/mission_manager.egg-info to /home/aiden/code/robot_sim_nav/install/mission_manager/lib/python3.12/site-packages/mission_manager-0.0.0-py3.12.egg-info
[1.031s] running install_scripts
[1.145s] Installing amcl_and_nav script to /home/aiden/code/robot_sim_nav/install/mission_manager/lib/mission_manager
[1.145s] Installing mission_manager script to /home/aiden/code/robot_sim_nav/install/mission_manager/lib/mission_manager
[1.146s] Installing slam_and_explore script to /home/aiden/code/robot_sim_nav/install/mission_manager/lib/mission_manager
[1.146s] writing list of installed files to '/home/aiden/code/robot_sim_nav/build/mission_manager/install.log'
[1.163s] Invoked command in '/home/aiden/code/robot_sim_nav/src/mission_manager' returned '0': DEBUGINFOD_URLS=https://debuginfod.ubuntu.com PYTHONPATH=/home/aiden/code/robot_sim_nav/build/mission_manager/prefix_override:/usr/lib/python3/dist-packages/colcon_core/task/python/colcon_distutils_commands:/home/aiden/code/robot_sim_nav/install/mission_manager/lib/python3.12/site-packages:${PYTHONPATH} /usr/bin/python3 -W ignore:setup.py install is deprecated -W ignore:easy_install command is deprecated setup.py egg_info --egg-base ../../build/mission_manager build --build-base /home/aiden/code/robot_sim_nav/build/mission_manager/build install --record /home/aiden/code/robot_sim_nav/build/mission_manager/install.log --single-version-externally-managed install_data
