running egg_info
writing ../../build/mission_manager/mission_manager.egg-info/PKG-INFO
writing dependency_links to ../../build/mission_manager/mission_manager.egg-info/dependency_links.txt
writing entry points to ../../build/mission_manager/mission_manager.egg-info/entry_points.txt
writing requirements to ../../build/mission_manager/mission_manager.egg-info/requires.txt
writing top-level names to ../../build/mission_manager/mission_manager.egg-info/top_level.txt
reading manifest file '../../build/mission_manager/mission_manager.egg-info/SOURCES.txt'
adding license file 'LICENSE'
writing manifest file '../../build/mission_manager/mission_manager.egg-info/SOURCES.txt'
running build
running build_py
copying mission_manager/slam_and_explore.py -> /home/aiden/code/robot_sim_nav/build/mission_manager/build/lib/mission_manager
running install
running install_lib
copying /home/aiden/code/robot_sim_nav/build/mission_manager/build/lib/mission_manager/slam_and_explore.py -> /home/aiden/code/robot_sim_nav/install/mission_manager/lib/python3.12/site-packages/mission_manager
byte-compiling /home/aiden/code/robot_sim_nav/install/mission_manager/lib/python3.12/site-packages/mission_manager/slam_and_explore.py to slam_and_explore.cpython-312.pyc
running install_data
running install_egg_info
removing '/home/aiden/code/robot_sim_nav/install/mission_manager/lib/python3.12/site-packages/mission_manager-0.0.0-py3.12.egg-info' (and everything under it)
Copying ../../build/mission_manager/mission_manager.egg-info to /home/aiden/code/robot_sim_nav/install/mission_manager/lib/python3.12/site-packages/mission_manager-0.0.0-py3.12.egg-info
running install_scripts
Installing amcl_and_nav script to /home/aiden/code/robot_sim_nav/install/mission_manager/lib/mission_manager
Installing mission_manager script to /home/aiden/code/robot_sim_nav/install/mission_manager/lib/mission_manager
Installing slam_and_explore script to /home/aiden/code/robot_sim_nav/install/mission_manager/lib/mission_manager
writing list of installed files to '/home/aiden/code/robot_sim_nav/build/mission_manager/install.log'
