[1.066s] Invoking command in '/home/aiden/code/robot_sim_nav/src/path_to_nav': DEBUGINFOD_URLS=https://debuginfod.ubuntu.com PYTHONPATH=/home/aiden/code/robot_sim_nav/build/path_to_nav/prefix_override:/usr/lib/python3/dist-packages/colcon_core/task/python/colcon_distutils_commands:/home/aiden/code/robot_sim_nav/install/path_to_nav/lib/python3.12/site-packages:${PYTHONPATH} /usr/bin/python3 -W ignore:setup.py install is deprecated -W ignore:easy_install command is deprecated setup.py egg_info --egg-base ../../build/path_to_nav build --build-base /home/aiden/code/robot_sim_nav/build/path_to_nav/build install --record /home/aiden/code/robot_sim_nav/build/path_to_nav/install.log --single-version-externally-managed install_data
[1.581s] running egg_info
[1.602s] writing ../../build/path_to_nav/path_to_nav.egg-info/PKG-INFO
[1.602s] writing dependency_links to ../../build/path_to_nav/path_to_nav.egg-info/dependency_links.txt
[1.602s] writing entry points to ../../build/path_to_nav/path_to_nav.egg-info/entry_points.txt
[1.602s] writing requirements to ../../build/path_to_nav/path_to_nav.egg-info/requires.txt
[1.602s] writing top-level names to ../../build/path_to_nav/path_to_nav.egg-info/top_level.txt
[1.648s] reading manifest file '../../build/path_to_nav/path_to_nav.egg-info/SOURCES.txt'
[1.648s] adding license file 'LICENSE'
[1.648s] writing manifest file '../../build/path_to_nav/path_to_nav.egg-info/SOURCES.txt'
[1.648s] running build
[1.649s] running build_py
[1.649s] copying path_to_nav/astar_nav copy.py -> /home/aiden/code/robot_sim_nav/build/path_to_nav/build/lib/path_to_nav
[1.649s] copying path_to_nav/astar_nav.py -> /home/aiden/code/robot_sim_nav/build/path_to_nav/build/lib/path_to_nav
[1.649s] running install
[1.653s] running install_lib
[1.673s] copying /home/aiden/code/robot_sim_nav/build/path_to_nav/build/lib/path_to_nav/astar_nav copy.py -> /home/aiden/code/robot_sim_nav/install/path_to_nav/lib/python3.12/site-packages/path_to_nav
[1.673s] copying /home/aiden/code/robot_sim_nav/build/path_to_nav/build/lib/path_to_nav/astar_nav.py -> /home/aiden/code/robot_sim_nav/install/path_to_nav/lib/python3.12/site-packages/path_to_nav
[1.674s] byte-compiling /home/aiden/code/robot_sim_nav/install/path_to_nav/lib/python3.12/site-packages/path_to_nav/astar_nav copy.py to astar_nav copy.cpython-312.pyc
[1.677s] byte-compiling /home/aiden/code/robot_sim_nav/install/path_to_nav/lib/python3.12/site-packages/path_to_nav/astar_nav.py to astar_nav.cpython-312.pyc
[1.679s] running install_data
[1.680s] running install_egg_info
[1.702s] removing '/home/aiden/code/robot_sim_nav/install/path_to_nav/lib/python3.12/site-packages/path_to_nav-0.0.0-py3.12.egg-info' (and everything under it)
[1.702s] Copying ../../build/path_to_nav/path_to_nav.egg-info to /home/aiden/code/robot_sim_nav/install/path_to_nav/lib/python3.12/site-packages/path_to_nav-0.0.0-py3.12.egg-info
[1.702s] running install_scripts
[1.853s] Installing astar_nav script to /home/aiden/code/robot_sim_nav/install/path_to_nav/lib/path_to_nav
[1.853s] writing list of installed files to '/home/aiden/code/robot_sim_nav/build/path_to_nav/install.log'
[1.875s] Invoked command in '/home/aiden/code/robot_sim_nav/src/path_to_nav' returned '0': DEBUGINFOD_URLS=https://debuginfod.ubuntu.com PYTHONPATH=/home/aiden/code/robot_sim_nav/build/path_to_nav/prefix_override:/usr/lib/python3/dist-packages/colcon_core/task/python/colcon_distutils_commands:/home/aiden/code/robot_sim_nav/install/path_to_nav/lib/python3.12/site-packages:${PYTHONPATH} /usr/bin/python3 -W ignore:setup.py install is deprecated -W ignore:easy_install command is deprecated setup.py egg_info --egg-base ../../build/path_to_nav build --build-base /home/aiden/code/robot_sim_nav/build/path_to_nav/build install --record /home/aiden/code/robot_sim_nav/build/path_to_nav/install.log --single-version-externally-managed install_data
