[0.694s] Invoking command in '/home/aiden/code/robot_sim_nav/src/path_to_nav': DEBUGINFOD_URLS=https://debuginfod.ubuntu.com PYTHONPATH=/home/aiden/code/robot_sim_nav/build/path_to_nav/prefix_override:/usr/lib/python3/dist-packages/colcon_core/task/python/colcon_distutils_commands:/home/aiden/code/robot_sim_nav/install/path_to_nav/lib/python3.12/site-packages:${PYTHONPATH} /usr/bin/python3 -W ignore:setup.py install is deprecated -W ignore:easy_install command is deprecated setup.py egg_info --egg-base ../../build/path_to_nav build --build-base /home/aiden/code/robot_sim_nav/build/path_to_nav/build install --record /home/aiden/code/robot_sim_nav/build/path_to_nav/install.log --single-version-externally-managed install_data
[0.920s] running egg_info
[0.939s] writing ../../build/path_to_nav/path_to_nav.egg-info/PKG-INFO
[0.939s] writing dependency_links to ../../build/path_to_nav/path_to_nav.egg-info/dependency_links.txt
[0.939s] writing entry points to ../../build/path_to_nav/path_to_nav.egg-info/entry_points.txt
[0.939s] writing requirements to ../../build/path_to_nav/path_to_nav.egg-info/requires.txt
[0.939s] writing top-level names to ../../build/path_to_nav/path_to_nav.egg-info/top_level.txt
[0.976s] reading manifest file '../../build/path_to_nav/path_to_nav.egg-info/SOURCES.txt'
[0.976s] adding license file 'LICENSE'
[0.976s] writing manifest file '../../build/path_to_nav/path_to_nav.egg-info/SOURCES.txt'
[0.977s] running build
[0.977s] running build_py
[0.977s] copying path_to_nav/astar_nav.py -> /home/aiden/code/robot_sim_nav/build/path_to_nav/build/lib/path_to_nav
[0.977s] running install
[0.981s] running install_lib
[1.000s] copying /home/aiden/code/robot_sim_nav/build/path_to_nav/build/lib/path_to_nav/astar_nav.py -> /home/aiden/code/robot_sim_nav/install/path_to_nav/lib/python3.12/site-packages/path_to_nav
[1.000s] byte-compiling /home/aiden/code/robot_sim_nav/install/path_to_nav/lib/python3.12/site-packages/path_to_nav/astar_nav.py to astar_nav.cpython-312.pyc
[1.003s] running install_data
[1.003s] running install_egg_info
[1.022s] removing '/home/aiden/code/robot_sim_nav/install/path_to_nav/lib/python3.12/site-packages/path_to_nav-0.0.0-py3.12.egg-info' (and everything under it)
[1.023s] Copying ../../build/path_to_nav/path_to_nav.egg-info to /home/aiden/code/robot_sim_nav/install/path_to_nav/lib/python3.12/site-packages/path_to_nav-0.0.0-py3.12.egg-info
[1.023s] running install_scripts
[1.140s] Installing astar_nav script to /home/aiden/code/robot_sim_nav/install/path_to_nav/lib/path_to_nav
[1.140s] writing list of installed files to '/home/aiden/code/robot_sim_nav/build/path_to_nav/install.log'
[1.159s] Invoked command in '/home/aiden/code/robot_sim_nav/src/path_to_nav' returned '0': DEBUGINFOD_URLS=https://debuginfod.ubuntu.com PYTHONPATH=/home/aiden/code/robot_sim_nav/build/path_to_nav/prefix_override:/usr/lib/python3/dist-packages/colcon_core/task/python/colcon_distutils_commands:/home/aiden/code/robot_sim_nav/install/path_to_nav/lib/python3.12/site-packages:${PYTHONPATH} /usr/bin/python3 -W ignore:setup.py install is deprecated -W ignore:easy_install command is deprecated setup.py egg_info --egg-base ../../build/path_to_nav build --build-base /home/aiden/code/robot_sim_nav/build/path_to_nav/build install --record /home/aiden/code/robot_sim_nav/build/path_to_nav/install.log --single-version-externally-managed install_data
