[0.011s] Invoking command in '/home/aiden/code/robot_sim_nav/build/explore_lite': AMENT_PREFIX_PATH=/home/aiden/code/robot_sim_nav/install/explore_lite_msgs:${AMENT_PREFIX_PATH} CMAKE_PREFIX_PATH=/home/aiden/code/robot_sim_nav/install/explore_lite_msgs:/opt/ros/jazzy/opt/gz_sim_vendor:/opt/ros/jazzy/opt/gz_sensors_vendor:/opt/ros/jazzy/opt/gz_physics_vendor:/opt/ros/jazzy/opt/sdformat_vendor:/opt/ros/jazzy/opt/gz_gui_vendor:/opt/ros/jazzy/opt/gz_transport_vendor:/opt/ros/jazzy/opt/gz_rendering_vendor:/opt/ros/jazzy/opt/gz_plugin_vendor:/opt/ros/jazzy/opt/gz_fuel_tools_vendor:/opt/ros/jazzy/opt/gz_msgs_vendor:/opt/ros/jazzy/opt/gz_common_vendor:/opt/ros/jazzy/opt/gz_math_vendor:/opt/ros/jazzy/opt/gz_utils_vendor:/opt/ros/jazzy/opt/gz_tools_vendor:/opt/ros/jazzy/opt/gz_ogre_next_vendor:/opt/ros/jazzy/opt/gz_dartsim_vendor:/opt/ros/jazzy/opt/gz_cmake_vendor:/opt/ros/jazzy DEBUGINFOD_URLS=https://debuginfod.ubuntu.com LD_LIBRARY_PATH=/home/aiden/code/robot_sim_nav/install/explore_lite_msgs/lib:${LD_LIBRARY_PATH} PYTHONPATH=/home/aiden/code/robot_sim_nav/install/explore_lite_msgs/lib/python3.12/site-packages:${PYTHONPATH} /usr/bin/cmake /home/aiden/code/robot_sim_nav/src/m-explore-ros2/explore -DCMAKE_INSTALL_PREFIX=/home/aiden/code/robot_sim_nav/install/explore_lite
[0.022s] -- BuilD for ROS2: jazzy
[0.022s] -- Found ament_cmake: 2.5.4 (/opt/ros/jazzy/share/ament_cmake/cmake)
[0.187s] -- Override CMake install command with custom implementation using symlinks instead of copying resources
[0.192s] -- Found rclcpp: 28.1.13 (/opt/ros/jazzy/share/rclcpp/cmake)
[0.213s] -- Found rosidl_generator_c: 4.6.6 (/opt/ros/jazzy/share/rosidl_generator_c/cmake)
[0.219s] -- Found rosidl_generator_cpp: 4.6.6 (/opt/ros/jazzy/share/rosidl_generator_cpp/cmake)
[0.228s] -- Using all available rosidl_typesupport_c: rosidl_typesupport_fastrtps_c;rosidl_typesupport_introspection_c
[0.241s] -- Using all available rosidl_typesupport_cpp: rosidl_typesupport_fastrtps_cpp;rosidl_typesupport_introspection_cpp
[0.286s] -- Found rmw_implementation_cmake: 7.3.2 (/opt/ros/jazzy/share/rmw_implementation_cmake/cmake)
[0.287s] -- Found rmw_cyclonedds_cpp: 2.2.3 (/opt/ros/jazzy/share/rmw_cyclonedds_cpp/cmake)
[0.303s] -- Using RMW implementation 'rmw_cyclonedds_cpp' as default
[0.345s] -- Found std_msgs: 5.3.6 (/opt/ros/jazzy/share/std_msgs/cmake)
[0.354s] -- Found sensor_msgs: 5.3.6 (/opt/ros/jazzy/share/sensor_msgs/cmake)
[0.382s] -- Found tf2_ros: 0.36.16 (/opt/ros/jazzy/share/tf2_ros/cmake)
[0.463s] -- Found tf2_geometry_msgs: 0.36.16 (/opt/ros/jazzy/share/tf2_geometry_msgs/cmake)
[0.465s] -- Found eigen3_cmake_module: 0.3.0 (/opt/ros/jazzy/share/eigen3_cmake_module/cmake)
[0.466s] -- Ensuring Eigen3 include directory is part of orocos-kdl CMake target
[0.470s] -- Found nav2_msgs: 1.3.10 (/opt/ros/jazzy/share/nav2_msgs/cmake)
[0.563s] -- Found map_msgs: 2.4.1 (/opt/ros/jazzy/share/map_msgs/cmake)
[0.587s] -- Found visualization_msgs: 5.3.6 (/opt/ros/jazzy/share/visualization_msgs/cmake)
[0.610s] -- Found nav2_costmap_2d: 1.3.10 (/opt/ros/jazzy/share/nav2_costmap_2d/cmake)
[0.684s] -- Found TinyXML2 via Config file: /usr/lib/x86_64-linux-gnu/cmake/tinyxml2
[0.708s] -- Found explore_lite_msgs: 1.0.0 (/home/aiden/code/robot_sim_nav/install/explore_lite_msgs/share/explore_lite_msgs/cmake)
[0.716s] -- Found ament_lint_auto: 0.17.3 (/opt/ros/jazzy/share/ament_lint_auto/cmake)
[0.792s] -- Found ament_cmake_gtest: 2.5.4 (/opt/ros/jazzy/share/ament_cmake_gtest/cmake)
[0.792s] -- Found gtest sources under '/opt/ros/jazzy/src/gtest_vendor': C++ tests using 'Google Test' will be built
[0.801s] -- Added test 'cppcheck' to perform static code analysis on C / C++ code
[0.801s] -- Configured cppcheck include dirs: /home/aiden/code/robot_sim_nav/src/m-explore-ros2/explore/include;$<BUILD_INTERFACE:/home/aiden/code/robot_sim_nav/src/m-explore-ros2/explore/include>
[0.801s] -- Configured cppcheck exclude dirs and/or files: 
[0.801s] -- Added test 'flake8' to check Python code syntax and style conventions
[0.801s] -- Configured 'flake8' exclude dirs and/or files: 
[0.802s] -- Added test 'lint_cmake' to check CMake code style
[0.802s] -- Added test 'pep257' to check Python code against some of the docstring style conventions in PEP 257
[0.803s] -- Added test 'uncrustify' to check C / C++ code style
[0.803s] -- Configured uncrustify additional arguments: 
[0.803s] -- Added test 'xmllint' to check XML markup files
[0.805s] -- Configuring done (0.8s)
[0.825s] -- Generating done (0.0s)
[0.830s] -- Build files have been written to: /home/aiden/code/robot_sim_nav/build/explore_lite
[0.837s] Invoked command in '/home/aiden/code/robot_sim_nav/build/explore_lite' returned '0': AMENT_PREFIX_PATH=/home/aiden/code/robot_sim_nav/install/explore_lite_msgs:${AMENT_PREFIX_PATH} CMAKE_PREFIX_PATH=/home/aiden/code/robot_sim_nav/install/explore_lite_msgs:/opt/ros/jazzy/opt/gz_sim_vendor:/opt/ros/jazzy/opt/gz_sensors_vendor:/opt/ros/jazzy/opt/gz_physics_vendor:/opt/ros/jazzy/opt/sdformat_vendor:/opt/ros/jazzy/opt/gz_gui_vendor:/opt/ros/jazzy/opt/gz_transport_vendor:/opt/ros/jazzy/opt/gz_rendering_vendor:/opt/ros/jazzy/opt/gz_plugin_vendor:/opt/ros/jazzy/opt/gz_fuel_tools_vendor:/opt/ros/jazzy/opt/gz_msgs_vendor:/opt/ros/jazzy/opt/gz_common_vendor:/opt/ros/jazzy/opt/gz_math_vendor:/opt/ros/jazzy/opt/gz_utils_vendor:/opt/ros/jazzy/opt/gz_tools_vendor:/opt/ros/jazzy/opt/gz_ogre_next_vendor:/opt/ros/jazzy/opt/gz_dartsim_vendor:/opt/ros/jazzy/opt/gz_cmake_vendor:/opt/ros/jazzy DEBUGINFOD_URLS=https://debuginfod.ubuntu.com LD_LIBRARY_PATH=/home/aiden/code/robot_sim_nav/install/explore_lite_msgs/lib:${LD_LIBRARY_PATH} PYTHONPATH=/home/aiden/code/robot_sim_nav/install/explore_lite_msgs/lib/python3.12/site-packages:${PYTHONPATH} /usr/bin/cmake /home/aiden/code/robot_sim_nav/src/m-explore-ros2/explore -DCMAKE_INSTALL_PREFIX=/home/aiden/code/robot_sim_nav/install/explore_lite
[0.838s] Invoking command in '/home/aiden/code/robot_sim_nav/build/explore_lite': AMENT_PREFIX_PATH=/home/aiden/code/robot_sim_nav/install/explore_lite_msgs:${AMENT_PREFIX_PATH} CMAKE_PREFIX_PATH=/home/aiden/code/robot_sim_nav/install/explore_lite_msgs:/opt/ros/jazzy/opt/gz_sim_vendor:/opt/ros/jazzy/opt/gz_sensors_vendor:/opt/ros/jazzy/opt/gz_physics_vendor:/opt/ros/jazzy/opt/sdformat_vendor:/opt/ros/jazzy/opt/gz_gui_vendor:/opt/ros/jazzy/opt/gz_transport_vendor:/opt/ros/jazzy/opt/gz_rendering_vendor:/opt/ros/jazzy/opt/gz_plugin_vendor:/opt/ros/jazzy/opt/gz_fuel_tools_vendor:/opt/ros/jazzy/opt/gz_msgs_vendor:/opt/ros/jazzy/opt/gz_common_vendor:/opt/ros/jazzy/opt/gz_math_vendor:/opt/ros/jazzy/opt/gz_utils_vendor:/opt/ros/jazzy/opt/gz_tools_vendor:/opt/ros/jazzy/opt/gz_ogre_next_vendor:/opt/ros/jazzy/opt/gz_dartsim_vendor:/opt/ros/jazzy/opt/gz_cmake_vendor:/opt/ros/jazzy DEBUGINFOD_URLS=https://debuginfod.ubuntu.com LD_LIBRARY_PATH=/home/aiden/code/robot_sim_nav/install/explore_lite_msgs/lib:${LD_LIBRARY_PATH} PYTHONPATH=/home/aiden/code/robot_sim_nav/install/explore_lite_msgs/lib/python3.12/site-packages:${PYTHONPATH} /usr/bin/cmake --build /home/aiden/code/robot_sim_nav/build/explore_lite -- -j20 -l20
[0.900s] [ 20%] Built target gtest
[0.901s] [ 40%] Built target gtest_main
[0.924s] [ 60%] Built target test_explore
[0.941s] [100%] Built target explore
[0.954s] Invoked command in '/home/aiden/code/robot_sim_nav/build/explore_lite' returned '0': AMENT_PREFIX_PATH=/home/aiden/code/robot_sim_nav/install/explore_lite_msgs:${AMENT_PREFIX_PATH} CMAKE_PREFIX_PATH=/home/aiden/code/robot_sim_nav/install/explore_lite_msgs:/opt/ros/jazzy/opt/gz_sim_vendor:/opt/ros/jazzy/opt/gz_sensors_vendor:/opt/ros/jazzy/opt/gz_physics_vendor:/opt/ros/jazzy/opt/sdformat_vendor:/opt/ros/jazzy/opt/gz_gui_vendor:/opt/ros/jazzy/opt/gz_transport_vendor:/opt/ros/jazzy/opt/gz_rendering_vendor:/opt/ros/jazzy/opt/gz_plugin_vendor:/opt/ros/jazzy/opt/gz_fuel_tools_vendor:/opt/ros/jazzy/opt/gz_msgs_vendor:/opt/ros/jazzy/opt/gz_common_vendor:/opt/ros/jazzy/opt/gz_math_vendor:/opt/ros/jazzy/opt/gz_utils_vendor:/opt/ros/jazzy/opt/gz_tools_vendor:/opt/ros/jazzy/opt/gz_ogre_next_vendor:/opt/ros/jazzy/opt/gz_dartsim_vendor:/opt/ros/jazzy/opt/gz_cmake_vendor:/opt/ros/jazzy DEBUGINFOD_URLS=https://debuginfod.ubuntu.com LD_LIBRARY_PATH=/home/aiden/code/robot_sim_nav/install/explore_lite_msgs/lib:${LD_LIBRARY_PATH} PYTHONPATH=/home/aiden/code/robot_sim_nav/install/explore_lite_msgs/lib/python3.12/site-packages:${PYTHONPATH} /usr/bin/cmake --build /home/aiden/code/robot_sim_nav/build/explore_lite -- -j20 -l20
[0.956s] Invoking command in '/home/aiden/code/robot_sim_nav/build/explore_lite': AMENT_PREFIX_PATH=/home/aiden/code/robot_sim_nav/install/explore_lite_msgs:${AMENT_PREFIX_PATH} CMAKE_PREFIX_PATH=/home/aiden/code/robot_sim_nav/install/explore_lite_msgs:/opt/ros/jazzy/opt/gz_sim_vendor:/opt/ros/jazzy/opt/gz_sensors_vendor:/opt/ros/jazzy/opt/gz_physics_vendor:/opt/ros/jazzy/opt/sdformat_vendor:/opt/ros/jazzy/opt/gz_gui_vendor:/opt/ros/jazzy/opt/gz_transport_vendor:/opt/ros/jazzy/opt/gz_rendering_vendor:/opt/ros/jazzy/opt/gz_plugin_vendor:/opt/ros/jazzy/opt/gz_fuel_tools_vendor:/opt/ros/jazzy/opt/gz_msgs_vendor:/opt/ros/jazzy/opt/gz_common_vendor:/opt/ros/jazzy/opt/gz_math_vendor:/opt/ros/jazzy/opt/gz_utils_vendor:/opt/ros/jazzy/opt/gz_tools_vendor:/opt/ros/jazzy/opt/gz_ogre_next_vendor:/opt/ros/jazzy/opt/gz_dartsim_vendor:/opt/ros/jazzy/opt/gz_cmake_vendor:/opt/ros/jazzy DEBUGINFOD_URLS=https://debuginfod.ubuntu.com LD_LIBRARY_PATH=/home/aiden/code/robot_sim_nav/install/explore_lite_msgs/lib:${LD_LIBRARY_PATH} PYTHONPATH=/home/aiden/code/robot_sim_nav/install/explore_lite_msgs/lib/python3.12/site-packages:${PYTHONPATH} /usr/bin/cmake --install /home/aiden/code/robot_sim_nav/build/explore_lite
[0.965s] -- Install configuration: ""
[0.965s] -- Execute custom install script
[0.966s] -- Up-to-date symlink: /home/aiden/code/robot_sim_nav/install/explore_lite/include/explore//costmap_client.h
[0.966s] -- Up-to-date symlink: /home/aiden/code/robot_sim_nav/install/explore_lite/include/explore//costmap_tools.h
[0.966s] -- Up-to-date symlink: /home/aiden/code/robot_sim_nav/install/explore_lite/include/explore//explore.h
[0.967s] -- Up-to-date symlink: /home/aiden/code/robot_sim_nav/install/explore_lite/include/explore//frontier_search.h
[0.967s] -- Up-to-date symlink: /home/aiden/code/robot_sim_nav/install/explore_lite/share/explore_lite/config/params.yaml
[0.968s] -- Up-to-date symlink: /home/aiden/code/robot_sim_nav/install/explore_lite/share/explore_lite/config/params_costmap.yaml
[0.968s] -- Up-to-date symlink: /home/aiden/code/robot_sim_nav/install/explore_lite/share/explore_lite/launch/explore.launch.py
[0.968s] -- Up-to-date symlink: /home/aiden/code/robot_sim_nav/install/explore_lite/lib/explore_lite/explore
[0.969s] -- Up-to-date symlink: /home/aiden/code/robot_sim_nav/install/explore_lite/share/ament_index/resource_index/package_run_dependencies/explore_lite
[0.969s] -- Up-to-date symlink: /home/aiden/code/robot_sim_nav/install/explore_lite/share/ament_index/resource_index/parent_prefix_path/explore_lite
[0.969s] -- Up-to-date symlink: /home/aiden/code/robot_sim_nav/install/explore_lite/share/explore_lite/environment/ament_prefix_path.sh
[0.969s] -- Up-to-date symlink: /home/aiden/code/robot_sim_nav/install/explore_lite/share/explore_lite/environment/ament_prefix_path.dsv
[0.970s] -- Up-to-date symlink: /home/aiden/code/robot_sim_nav/install/explore_lite/share/explore_lite/environment/path.sh
[0.970s] -- Up-to-date symlink: /home/aiden/code/robot_sim_nav/install/explore_lite/share/explore_lite/environment/path.dsv
[0.970s] -- Up-to-date symlink: /home/aiden/code/robot_sim_nav/install/explore_lite/share/explore_lite/local_setup.bash
[0.970s] -- Up-to-date symlink: /home/aiden/code/robot_sim_nav/install/explore_lite/share/explore_lite/local_setup.sh
[0.971s] -- Up-to-date symlink: /home/aiden/code/robot_sim_nav/install/explore_lite/share/explore_lite/local_setup.zsh
[0.971s] -- Up-to-date symlink: /home/aiden/code/robot_sim_nav/install/explore_lite/share/explore_lite/local_setup.dsv
[0.971s] -- Symlinking: /home/aiden/code/robot_sim_nav/install/explore_lite/share/explore_lite/package.dsv
[0.984s] -- Up-to-date symlink: /home/aiden/code/robot_sim_nav/install/explore_lite/share/ament_index/resource_index/packages/explore_lite
[0.984s] -- Up-to-date symlink: /home/aiden/code/robot_sim_nav/install/explore_lite/share/explore_lite/cmake/ament_cmake_export_dependencies-extras.cmake
[0.984s] -- Up-to-date symlink: /home/aiden/code/robot_sim_nav/install/explore_lite/share/explore_lite/cmake/ament_cmake_export_include_directories-extras.cmake
[0.984s] -- Up-to-date symlink: /home/aiden/code/robot_sim_nav/install/explore_lite/share/explore_lite/cmake/explore_liteConfig.cmake
[0.984s] -- Up-to-date symlink: /home/aiden/code/robot_sim_nav/install/explore_lite/share/explore_lite/cmake/explore_liteConfig-version.cmake
[0.985s] -- Up-to-date symlink: /home/aiden/code/robot_sim_nav/install/explore_lite/share/explore_lite/package.xml
[0.987s] Invoked command in '/home/aiden/code/robot_sim_nav/build/explore_lite' returned '0': AMENT_PREFIX_PATH=/home/aiden/code/robot_sim_nav/install/explore_lite_msgs:${AMENT_PREFIX_PATH} CMAKE_PREFIX_PATH=/home/aiden/code/robot_sim_nav/install/explore_lite_msgs:/opt/ros/jazzy/opt/gz_sim_vendor:/opt/ros/jazzy/opt/gz_sensors_vendor:/opt/ros/jazzy/opt/gz_physics_vendor:/opt/ros/jazzy/opt/sdformat_vendor:/opt/ros/jazzy/opt/gz_gui_vendor:/opt/ros/jazzy/opt/gz_transport_vendor:/opt/ros/jazzy/opt/gz_rendering_vendor:/opt/ros/jazzy/opt/gz_plugin_vendor:/opt/ros/jazzy/opt/gz_fuel_tools_vendor:/opt/ros/jazzy/opt/gz_msgs_vendor:/opt/ros/jazzy/opt/gz_common_vendor:/opt/ros/jazzy/opt/gz_math_vendor:/opt/ros/jazzy/opt/gz_utils_vendor:/opt/ros/jazzy/opt/gz_tools_vendor:/opt/ros/jazzy/opt/gz_ogre_next_vendor:/opt/ros/jazzy/opt/gz_dartsim_vendor:/opt/ros/jazzy/opt/gz_cmake_vendor:/opt/ros/jazzy DEBUGINFOD_URLS=https://debuginfod.ubuntu.com LD_LIBRARY_PATH=/home/aiden/code/robot_sim_nav/install/explore_lite_msgs/lib:${LD_LIBRARY_PATH} PYTHONPATH=/home/aiden/code/robot_sim_nav/install/explore_lite_msgs/lib/python3.12/site-packages:${PYTHONPATH} /usr/bin/cmake --install /home/aiden/code/robot_sim_nav/build/explore_lite
