[1.146s] Invoking command in '/home/aiden/code/robot_sim_nav/src/path_to_nav': DEBUGINFOD_URLS=https://debuginfod.ubuntu.com PYTHONPATH=/home/aiden/code/robot_sim_nav/build/path_to_nav/prefix_override:/usr/lib/python3/dist-packages/colcon_core/task/python/colcon_distutils_commands:/home/aiden/code/robot_sim_nav/install/path_to_nav/lib/python3.12/site-packages:${PYTHONPATH} /usr/bin/python3 -W ignore:setup.py install is deprecated -W ignore:easy_install command is deprecated setup.py egg_info --egg-base ../../build/path_to_nav build --build-base /home/aiden/code/robot_sim_nav/build/path_to_nav/build install --record /home/aiden/code/robot_sim_nav/build/path_to_nav/install.log --single-version-externally-managed install_data
[1.385s] running egg_info
[1.385s] creating ../../build/path_to_nav/path_to_nav.egg-info
[1.404s] writing ../../build/path_to_nav/path_to_nav.egg-info/PKG-INFO
[1.404s] writing dependency_links to ../../build/path_to_nav/path_to_nav.egg-info/dependency_links.txt
[1.404s] writing entry points to ../../build/path_to_nav/path_to_nav.egg-info/entry_points.txt
[1.404s] writing requirements to ../../build/path_to_nav/path_to_nav.egg-info/requires.txt
[1.405s] writing top-level names to ../../build/path_to_nav/path_to_nav.egg-info/top_level.txt
[1.405s] writing manifest file '../../build/path_to_nav/path_to_nav.egg-info/SOURCES.txt'
[1.443s] reading manifest file '../../build/path_to_nav/path_to_nav.egg-info/SOURCES.txt'
[1.443s] adding license file 'LICENSE'
[1.444s] writing manifest file '../../build/path_to_nav/path_to_nav.egg-info/SOURCES.txt'
[1.444s] running build
[1.444s] running build_py
[1.444s] creating /home/aiden/code/robot_sim_nav/build/path_to_nav/build
[1.444s] creating /home/aiden/code/robot_sim_nav/build/path_to_nav/build/lib
[1.444s] creating /home/aiden/code/robot_sim_nav/build/path_to_nav/build/lib/path_to_nav
[1.444s] copying path_to_nav/__init__.py -> /home/aiden/code/robot_sim_nav/build/path_to_nav/build/lib/path_to_nav
[1.444s] copying path_to_nav/astar_nav.py -> /home/aiden/code/robot_sim_nav/build/path_to_nav/build/lib/path_to_nav
[1.444s] running install
[1.449s] running install_lib
[1.468s] creating /home/aiden/code/robot_sim_nav/install/path_to_nav/lib/python3.12/site-packages/path_to_nav
[1.468s] copying /home/aiden/code/robot_sim_nav/build/path_to_nav/build/lib/path_to_nav/__init__.py -> /home/aiden/code/robot_sim_nav/install/path_to_nav/lib/python3.12/site-packages/path_to_nav
[1.468s] copying /home/aiden/code/robot_sim_nav/build/path_to_nav/build/lib/path_to_nav/astar_nav.py -> /home/aiden/code/robot_sim_nav/install/path_to_nav/lib/python3.12/site-packages/path_to_nav
[1.468s] byte-compiling /home/aiden/code/robot_sim_nav/install/path_to_nav/lib/python3.12/site-packages/path_to_nav/__init__.py to __init__.cpython-312.pyc
[1.469s] byte-compiling /home/aiden/code/robot_sim_nav/install/path_to_nav/lib/python3.12/site-packages/path_to_nav/astar_nav.py to astar_nav.cpython-312.pyc
[1.471s] running install_data
[1.472s] creating /home/aiden/code/robot_sim_nav/install/path_to_nav/share/ament_index
[1.472s] creating /home/aiden/code/robot_sim_nav/install/path_to_nav/share/ament_index/resource_index
[1.472s] creating /home/aiden/code/robot_sim_nav/install/path_to_nav/share/ament_index/resource_index/packages
[1.472s] copying resource/path_to_nav -> /home/aiden/code/robot_sim_nav/install/path_to_nav/share/ament_index/resource_index/packages
[1.472s] copying package.xml -> /home/aiden/code/robot_sim_nav/install/path_to_nav/share/path_to_nav
[1.472s] running install_egg_info
[1.492s] Copying ../../build/path_to_nav/path_to_nav.egg-info to /home/aiden/code/robot_sim_nav/install/path_to_nav/lib/python3.12/site-packages/path_to_nav-0.0.0-py3.12.egg-info
[1.493s] running install_scripts
[1.614s] Installing astar_nav script to /home/aiden/code/robot_sim_nav/install/path_to_nav/lib/path_to_nav
[1.614s] writing list of installed files to '/home/aiden/code/robot_sim_nav/build/path_to_nav/install.log'
[1.635s] Invoked command in '/home/aiden/code/robot_sim_nav/src/path_to_nav' returned '0': DEBUGINFOD_URLS=https://debuginfod.ubuntu.com PYTHONPATH=/home/aiden/code/robot_sim_nav/build/path_to_nav/prefix_override:/usr/lib/python3/dist-packages/colcon_core/task/python/colcon_distutils_commands:/home/aiden/code/robot_sim_nav/install/path_to_nav/lib/python3.12/site-packages:${PYTHONPATH} /usr/bin/python3 -W ignore:setup.py install is deprecated -W ignore:easy_install command is deprecated setup.py egg_info --egg-base ../../build/path_to_nav build --build-base /home/aiden/code/robot_sim_nav/build/path_to_nav/build install --record /home/aiden/code/robot_sim_nav/build/path_to_nav/install.log --single-version-externally-managed install_data
