running egg_info
writing ../../build/path_to_nav/path_to_nav.egg-info/PKG-INFO
writing dependency_links to ../../build/path_to_nav/path_to_nav.egg-info/dependency_links.txt
writing entry points to ../../build/path_to_nav/path_to_nav.egg-info/entry_points.txt
writing requirements to ../../build/path_to_nav/path_to_nav.egg-info/requires.txt
writing top-level names to ../../build/path_to_nav/path_to_nav.egg-info/top_level.txt
reading manifest file '../../build/path_to_nav/path_to_nav.egg-info/SOURCES.txt'
adding license file 'LICENSE'
writing manifest file '../../build/path_to_nav/path_to_nav.egg-info/SOURCES.txt'
running build
running build_py
copying path_to_nav/astar_nav copy 2.py -> /home/aiden/code/robot_sim_nav/build/path_to_nav/build/lib/path_to_nav
copying path_to_nav/astar_nav.py -> /home/aiden/code/robot_sim_nav/build/path_to_nav/build/lib/path_to_nav
running install
running install_lib
copying /home/aiden/code/robot_sim_nav/build/path_to_nav/build/lib/path_to_nav/astar_nav copy 2.py -> /home/aiden/code/robot_sim_nav/install/path_to_nav/lib/python3.12/site-packages/path_to_nav
copying /home/aiden/code/robot_sim_nav/build/path_to_nav/build/lib/path_to_nav/astar_nav.py -> /home/aiden/code/robot_sim_nav/install/path_to_nav/lib/python3.12/site-packages/path_to_nav
byte-compiling /home/aiden/code/robot_sim_nav/install/path_to_nav/lib/python3.12/site-packages/path_to_nav/astar_nav copy 2.py to astar_nav copy 2.cpython-312.pyc
byte-compiling /home/aiden/code/robot_sim_nav/install/path_to_nav/lib/python3.12/site-packages/path_to_nav/astar_nav.py to astar_nav.cpython-312.pyc
running install_data
running install_egg_info
removing '/home/aiden/code/robot_sim_nav/install/path_to_nav/lib/python3.12/site-packages/path_to_nav-0.0.0-py3.12.egg-info' (and everything under it)
Copying ../../build/path_to_nav/path_to_nav.egg-info to /home/aiden/code/robot_sim_nav/install/path_to_nav/lib/python3.12/site-packages/path_to_nav-0.0.0-py3.12.egg-info
running install_scripts
Installing astar_nav script to /home/aiden/code/robot_sim_nav/install/path_to_nav/lib/path_to_nav
writing list of installed files to '/home/aiden/code/robot_sim_nav/build/path_to_nav/install.log'
