[0.691s] Invoking command in '/home/aiden/code/robot_sim_nav/src/mission_manager': DEBUGINFOD_URLS=https://debuginfod.ubuntu.com PYTHONPATH=/home/aiden/code/robot_sim_nav/build/mission_manager/prefix_override:/usr/lib/python3/dist-packages/colcon_core/task/python/colcon_distutils_commands:/home/aiden/code/robot_sim_nav/install/mission_manager/lib/python3.12/site-packages:${PYTHONPATH} /usr/bin/python3 -W ignore:setup.py install is deprecated -W ignore:easy_install command is deprecated setup.py egg_info --egg-base ../../build/mission_manager build --build-base /home/aiden/code/robot_sim_nav/build/mission_manager/build install --record /home/aiden/code/robot_sim_nav/build/mission_manager/install.log --single-version-externally-managed install_data
[0.923s] running egg_info
[0.941s] writing ../../build/mission_manager/mission_manager.egg-info/PKG-INFO
[0.941s] writing dependency_links to ../../build/mission_manager/mission_manager.egg-info/dependency_links.txt
[0.941s] writing entry points to ../../build/mission_manager/mission_manager.egg-info/entry_points.txt
[0.941s] writing requirements to ../../build/mission_manager/mission_manager.egg-info/requires.txt
[0.941s] writing top-level names to ../../build/mission_manager/mission_manager.egg-info/top_level.txt
[0.977s] reading manifest file '../../build/mission_manager/mission_manager.egg-info/SOURCES.txt'
[0.977s] adding license file 'LICENSE'
[0.978s] writing manifest file '../../build/mission_manager/mission_manager.egg-info/SOURCES.txt'
[0.978s] running build
[0.978s] running build_py
[0.978s] copying mission_manager/mission_manager.py -> /home/aiden/code/robot_sim_nav/build/mission_manager/build/lib/mission_manager
[0.978s] running install
[0.983s] running install_lib
[1.000s] copying /home/aiden/code/robot_sim_nav/build/mission_manager/build/lib/mission_manager/mission_manager.py -> /home/aiden/code/robot_sim_nav/install/mission_manager/lib/python3.12/site-packages/mission_manager
[1.001s] byte-compiling /home/aiden/code/robot_sim_nav/install/mission_manager/lib/python3.12/site-packages/mission_manager/mission_manager.py to mission_manager.cpython-312.pyc
[1.003s] running install_data
[1.003s] running install_egg_info
[1.022s] removing '/home/aiden/code/robot_sim_nav/install/mission_manager/lib/python3.12/site-packages/mission_manager-0.0.0-py3.12.egg-info' (and everything under it)
[1.022s] Copying ../../build/mission_manager/mission_manager.egg-info to /home/aiden/code/robot_sim_nav/install/mission_manager/lib/python3.12/site-packages/mission_manager-0.0.0-py3.12.egg-info
[1.023s] running install_scripts
[1.138s] Installing mission_manager script to /home/aiden/code/robot_sim_nav/install/mission_manager/lib/mission_manager
[1.138s] writing list of installed files to '/home/aiden/code/robot_sim_nav/build/mission_manager/install.log'
[1.154s] Invoked command in '/home/aiden/code/robot_sim_nav/src/mission_manager' returned '0': DEBUGINFOD_URLS=https://debuginfod.ubuntu.com PYTHONPATH=/home/aiden/code/robot_sim_nav/build/mission_manager/prefix_override:/usr/lib/python3/dist-packages/colcon_core/task/python/colcon_distutils_commands:/home/aiden/code/robot_sim_nav/install/mission_manager/lib/python3.12/site-packages:${PYTHONPATH} /usr/bin/python3 -W ignore:setup.py install is deprecated -W ignore:easy_install command is deprecated setup.py egg_info --egg-base ../../build/mission_manager build --build-base /home/aiden/code/robot_sim_nav/build/mission_manager/build install --record /home/aiden/code/robot_sim_nav/build/mission_manager/install.log --single-version-externally-managed install_data
