[0.683s] Invoking command in '/home/aiden/code/robot_sim_nav/src/mission_manager': DEBUGINFOD_URLS=https://debuginfod.ubuntu.com PYTHONPATH=/home/aiden/code/robot_sim_nav/build/mission_manager/prefix_override:/usr/lib/python3/dist-packages/colcon_core/task/python/colcon_distutils_commands:/home/aiden/code/robot_sim_nav/install/mission_manager/lib/python3.12/site-packages:${PYTHONPATH} /usr/bin/python3 -W ignore:setup.py install is deprecated -W ignore:easy_install command is deprecated setup.py egg_info --egg-base ../../build/mission_manager build --build-base /home/aiden/code/robot_sim_nav/build/mission_manager/build install --record /home/aiden/code/robot_sim_nav/build/mission_manager/install.log --single-version-externally-managed install_data
[0.903s] running egg_info
[0.921s] writing ../../build/mission_manager/mission_manager.egg-info/PKG-INFO
[0.921s] writing dependency_links to ../../build/mission_manager/mission_manager.egg-info/dependency_links.txt
[0.922s] writing entry points to ../../build/mission_manager/mission_manager.egg-info/entry_points.txt
[0.922s] writing requirements to ../../build/mission_manager/mission_manager.egg-info/requires.txt
[0.922s] writing top-level names to ../../build/mission_manager/mission_manager.egg-info/top_level.txt
[0.957s] reading manifest file '../../build/mission_manager/mission_manager.egg-info/SOURCES.txt'
[0.957s] adding license file 'LICENSE'
[0.958s] writing manifest file '../../build/mission_manager/mission_manager.egg-info/SOURCES.txt'
[0.958s] running build
[0.958s] running build_py
[0.958s] running install
[0.962s] running install_lib
[0.980s] running install_data
[0.980s] running install_egg_info
[0.999s] removing '/home/aiden/code/robot_sim_nav/install/mission_manager/lib/python3.12/site-packages/mission_manager-0.0.0-py3.12.egg-info' (and everything under it)
[0.999s] Copying ../../build/mission_manager/mission_manager.egg-info to /home/aiden/code/robot_sim_nav/install/mission_manager/lib/python3.12/site-packages/mission_manager-0.0.0-py3.12.egg-info
[0.999s] running install_scripts
[1.113s] Installing mission_manager script to /home/aiden/code/robot_sim_nav/install/mission_manager/lib/mission_manager
[1.113s] writing list of installed files to '/home/aiden/code/robot_sim_nav/build/mission_manager/install.log'
[1.130s] Invoked command in '/home/aiden/code/robot_sim_nav/src/mission_manager' returned '0': DEBUGINFOD_URLS=https://debuginfod.ubuntu.com PYTHONPATH=/home/aiden/code/robot_sim_nav/build/mission_manager/prefix_override:/usr/lib/python3/dist-packages/colcon_core/task/python/colcon_distutils_commands:/home/aiden/code/robot_sim_nav/install/mission_manager/lib/python3.12/site-packages:${PYTHONPATH} /usr/bin/python3 -W ignore:setup.py install is deprecated -W ignore:easy_install command is deprecated setup.py egg_info --egg-base ../../build/mission_manager build --build-base /home/aiden/code/robot_sim_nav/build/mission_manager/build install --record /home/aiden/code/robot_sim_nav/build/mission_manager/install.log --single-version-externally-managed install_data
